<?xml version="1.0" encoding="UTF-8"?>
<coverage generated="1446754118">
  <project timestamp="1446754118">
    <package name="Usuario">
      <file name="/var/www/module/Usuario/Module.php">
        <class name="Module" namespace="Usuario">
          <metrics methods="3" coveredmethods="2" conditionals="0" coveredconditionals="0" statements="9" coveredstatements="5" elements="12" coveredelements="7"/>
        </class>
        <line num="17" type="method" name="onBootstrap" crap="2" count="0"/>
        <line num="19" type="stmt" count="0"/>
        <line num="20" type="stmt" count="0"/>
        <line num="21" type="stmt" count="0"/>
        <line num="22" type="stmt" count="0"/>
        <line num="24" type="method" name="getConfig" crap="1" count="1"/>
        <line num="26" type="stmt" count="1"/>
        <line num="29" type="method" name="getAutoloaderConfig" crap="1" count="1"/>
        <line num="34" type="stmt" count="1"/>
        <line num="35" type="stmt" count="1"/>
        <line num="36" type="stmt" count="1"/>
        <line num="37" type="stmt" count="1"/>
        <metrics loc="40" ncloc="33" classes="1" methods="3" coveredmethods="2" conditionals="0" coveredconditionals="0" statements="9" coveredstatements="5" elements="12" coveredelements="7"/>
      </file>
    </package>
    <file name="/var/www/module/Usuario/config/module.config.php">
      <line num="16" type="stmt" count="1"/>
      <line num="18" type="stmt" count="1"/>
      <line num="20" type="stmt" count="1"/>
      <line num="21" type="stmt" count="1"/>
      <line num="22" type="stmt" count="1"/>
      <line num="23" type="stmt" count="1"/>
      <line num="24" type="stmt" count="1"/>
      <line num="25" type="stmt" count="1"/>
      <line num="28" type="stmt" count="1"/>
      <line num="30" type="stmt" count="1"/>
      <line num="32" type="stmt" count="1"/>
      <line num="33" type="stmt" count="1"/>
      <line num="34" type="stmt" count="1"/>
      <line num="36" type="stmt" count="1"/>
      <line num="37" type="stmt" count="1"/>
      <line num="41" type="stmt" count="1"/>
      <line num="42" type="stmt" count="1"/>
      <line num="43" type="stmt" count="1"/>
      <line num="44" type="stmt" count="1"/>
      <line num="45" type="stmt" count="1"/>
      <line num="46" type="stmt" count="1"/>
      <line num="47" type="stmt" count="1"/>
      <line num="50" type="stmt" count="1"/>
      <line num="51" type="stmt" count="1"/>
      <line num="52" type="stmt" count="1"/>
      <line num="54" type="stmt" count="1"/>
      <line num="55" type="stmt" count="1"/>
      <line num="56" type="stmt" count="1"/>
      <line num="58" type="stmt" count="1"/>
      <line num="61" type="stmt" count="1"/>
      <line num="62" type="stmt" count="1"/>
      <line num="63" type="stmt" count="1"/>
      <line num="64" type="stmt" count="1"/>
      <line num="65" type="stmt" count="1"/>
      <line num="66" type="stmt" count="1"/>
      <line num="69" type="stmt" count="1"/>
      <line num="70" type="stmt" count="1"/>
      <line num="71" type="stmt" count="1"/>
      <line num="72" type="stmt" count="1"/>
      <line num="73" type="stmt" count="1"/>
      <line num="74" type="stmt" count="1"/>
      <line num="75" type="stmt" count="1"/>
      <line num="76" type="stmt" count="1"/>
      <line num="77" type="stmt" count="1"/>
      <line num="78" type="stmt" count="1"/>
      <line num="80" type="stmt" count="1"/>
      <line num="81" type="stmt" count="1"/>
      <line num="82" type="stmt" count="1"/>
      <line num="83" type="stmt" count="1"/>
      <line num="84" type="stmt" count="1"/>
      <line num="86" type="stmt" count="1"/>
      <line num="87" type="stmt" count="1"/>
      <line num="88" type="stmt" count="1"/>
      <line num="89" type="stmt" count="1"/>
      <line num="90" type="stmt" count="1"/>
      <line num="92" type="stmt" count="1"/>
      <line num="93" type="stmt" count="1"/>
      <line num="94" type="stmt" count="1"/>
      <line num="99" type="stmt" count="1"/>
      <line num="100" type="stmt" count="1"/>
      <line num="101" type="stmt" count="1"/>
      <line num="104" type="stmt" count="1"/>
      <line num="105" type="stmt" count="1"/>
      <line num="106" type="stmt" count="1"/>
      <line num="107" type="stmt" count="1"/>
      <line num="108" type="stmt" count="1"/>
      <line num="111" type="stmt" count="1"/>
      <line num="112" type="stmt" count="1"/>
      <line num="113" type="stmt" count="1"/>
      <line num="114" type="stmt" count="1"/>
      <line num="116" type="stmt" count="1"/>
      <line num="117" type="stmt" count="1"/>
      <line num="122" type="stmt" count="1"/>
      <line num="123" type="stmt" count="1"/>
      <line num="124" type="stmt" count="1"/>
      <line num="128" type="stmt" count="1"/>
      <line num="129" type="stmt" count="1"/>
      <metrics loc="129" ncloc="114" classes="0" methods="0" coveredmethods="0" conditionals="0" coveredconditionals="0" statements="77" coveredstatements="77" elements="77" coveredelements="77"/>
    </file>
    <package name="Usuario\Controller">
      <file name="/var/www/module/Usuario/src/Usuario/Controller/EscolaridadeController.php">
        <class name="EscolaridadeController" namespace="Usuario\Controller" fullPackage="Controller" category="Usuario" package="Controller">
          <metrics methods="3" coveredmethods="0" conditionals="0" coveredconditionals="0" statements="49" coveredstatements="0" elements="52" coveredelements="0"/>
        </class>
        <line num="24" type="method" name="indexAction" crap="2" count="0"/>
        <line num="25" type="stmt" count="0"/>
        <line num="26" type="stmt" count="0"/>
        <line num="28" type="stmt" count="0"/>
        <line num="29" type="stmt" count="0"/>
        <line num="30" type="stmt" count="0"/>
        <line num="31" type="stmt" count="0"/>
        <line num="33" type="method" name="saveAction" crap="30" count="0"/>
        <line num="34" type="stmt" count="0"/>
        <line num="35" type="stmt" count="0"/>
        <line num="36" type="stmt" count="0"/>
        <line num="37" type="stmt" count="0"/>
        <line num="39" type="stmt" count="0"/>
        <line num="40" type="stmt" count="0"/>
        <line num="41" type="stmt" count="0"/>
        <line num="42" type="stmt" count="0"/>
        <line num="43" type="stmt" count="0"/>
        <line num="44" type="stmt" count="0"/>
        <line num="45" type="stmt" count="0"/>
        <line num="47" type="stmt" count="0"/>
        <line num="49" type="stmt" count="0"/>
        <line num="50" type="stmt" count="0"/>
        <line num="51" type="stmt" count="0"/>
        <line num="55" type="stmt" count="0"/>
        <line num="56" type="stmt" count="0"/>
        <line num="57" type="stmt" count="0"/>
        <line num="61" type="stmt" count="0"/>
        <line num="62" type="stmt" count="0"/>
        <line num="63" type="stmt" count="0"/>
        <line num="64" type="stmt" count="0"/>
        <line num="65" type="stmt" count="0"/>
        <line num="66" type="stmt" count="0"/>
        <line num="67" type="stmt" count="0"/>
        <line num="68" type="stmt" count="0"/>
        <line num="70" type="stmt" count="0"/>
        <line num="71" type="stmt" count="0"/>
        <line num="72" type="stmt" count="0"/>
        <line num="73" type="stmt" count="0"/>
        <line num="79" type="method" name="deleteAction" crap="12" count="0"/>
        <line num="80" type="stmt" count="0"/>
        <line num="81" type="stmt" count="0"/>
        <line num="82" type="stmt" count="0"/>
        <line num="83" type="stmt" count="0"/>
        <line num="85" type="stmt" count="0"/>
        <line num="86" type="stmt" count="0"/>
        <line num="87" type="stmt" count="0"/>
        <line num="88" type="stmt" count="0"/>
        <line num="89" type="stmt" count="0"/>
        <line num="90" type="stmt" count="0"/>
        <line num="91" type="stmt" count="0"/>
        <line num="93" type="stmt" count="0"/>
        <line num="94" type="stmt" count="0"/>
        <metrics loc="95" ncloc="74" classes="1" methods="3" coveredmethods="0" conditionals="0" coveredconditionals="0" statements="49" coveredstatements="0" elements="52" coveredelements="0"/>
      </file>
      <file name="/var/www/module/Usuario/src/Usuario/Controller/EstadoCivilController.php">
        <class name="EstadoCivilController" namespace="Usuario\Controller" fullPackage="Controller" category="Usuario" package="Controller">
          <metrics methods="5" coveredmethods="0" conditionals="0" coveredconditionals="0" statements="58" coveredstatements="0" elements="63" coveredelements="0"/>
        </class>
        <line num="25" type="method" name="setEntityManager" crap="2" count="0"/>
        <line num="26" type="stmt" count="0"/>
        <line num="27" type="stmt" count="0"/>
        <line num="28" type="stmt" count="0"/>
        <line num="30" type="method" name="getEntityManager" crap="6" count="0"/>
        <line num="31" type="stmt" count="0"/>
        <line num="32" type="stmt" count="0"/>
        <line num="33" type="stmt" count="0"/>
        <line num="34" type="stmt" count="0"/>
        <line num="35" type="stmt" count="0"/>
        <line num="36" type="stmt" count="0"/>
        <line num="42" type="method" name="indexAction" crap="2" count="0"/>
        <line num="43" type="stmt" count="0"/>
        <line num="44" type="stmt" count="0"/>
        <line num="46" type="stmt" count="0"/>
        <line num="47" type="stmt" count="0"/>
        <line num="48" type="stmt" count="0"/>
        <line num="49" type="stmt" count="0"/>
        <line num="51" type="method" name="saveAction" crap="30" count="0"/>
        <line num="52" type="stmt" count="0"/>
        <line num="53" type="stmt" count="0"/>
        <line num="54" type="stmt" count="0"/>
        <line num="55" type="stmt" count="0"/>
        <line num="57" type="stmt" count="0"/>
        <line num="58" type="stmt" count="0"/>
        <line num="59" type="stmt" count="0"/>
        <line num="60" type="stmt" count="0"/>
        <line num="61" type="stmt" count="0"/>
        <line num="62" type="stmt" count="0"/>
        <line num="63" type="stmt" count="0"/>
        <line num="65" type="stmt" count="0"/>
        <line num="67" type="stmt" count="0"/>
        <line num="68" type="stmt" count="0"/>
        <line num="69" type="stmt" count="0"/>
        <line num="73" type="stmt" count="0"/>
        <line num="74" type="stmt" count="0"/>
        <line num="75" type="stmt" count="0"/>
        <line num="79" type="stmt" count="0"/>
        <line num="80" type="stmt" count="0"/>
        <line num="81" type="stmt" count="0"/>
        <line num="82" type="stmt" count="0"/>
        <line num="83" type="stmt" count="0"/>
        <line num="84" type="stmt" count="0"/>
        <line num="85" type="stmt" count="0"/>
        <line num="86" type="stmt" count="0"/>
        <line num="88" type="stmt" count="0"/>
        <line num="89" type="stmt" count="0"/>
        <line num="90" type="stmt" count="0"/>
        <line num="91" type="stmt" count="0"/>
        <line num="97" type="method" name="deleteAction" crap="12" count="0"/>
        <line num="98" type="stmt" count="0"/>
        <line num="99" type="stmt" count="0"/>
        <line num="100" type="stmt" count="0"/>
        <line num="101" type="stmt" count="0"/>
        <line num="103" type="stmt" count="0"/>
        <line num="104" type="stmt" count="0"/>
        <line num="105" type="stmt" count="0"/>
        <line num="106" type="stmt" count="0"/>
        <line num="107" type="stmt" count="0"/>
        <line num="108" type="stmt" count="0"/>
        <line num="109" type="stmt" count="0"/>
        <line num="111" type="stmt" count="0"/>
        <line num="112" type="stmt" count="0"/>
        <metrics loc="113" ncloc="89" classes="1" methods="5" coveredmethods="0" conditionals="0" coveredconditionals="0" statements="58" coveredstatements="0" elements="63" coveredelements="0"/>
      </file>
      <file name="/var/www/module/Usuario/src/Usuario/Controller/FisicaController.php">
        <class name="FisicaController" namespace="Usuario\Controller" fullPackage="Controller" category="Usuario" package="Controller">
          <metrics methods="4" coveredmethods="0" conditionals="0" coveredconditionals="0" statements="223" coveredstatements="0" elements="227" coveredelements="0"/>
        </class>
        <line num="33" type="method" name="indexAction" crap="2" count="0"/>
        <line num="34" type="stmt" count="0"/>
        <line num="36" type="stmt" count="0"/>
        <line num="38" type="stmt" count="0"/>
        <line num="39" type="stmt" count="0"/>
        <line num="40" type="stmt" count="0"/>
        <line num="42" type="stmt" count="0"/>
        <line num="44" type="stmt" count="0"/>
        <line num="45" type="stmt" count="0"/>
        <line num="46" type="stmt" count="0"/>
        <line num="47" type="stmt" count="0"/>
        <line num="52" type="method" name="buscaAction" crap="2" count="0"/>
        <line num="53" type="stmt" count="0"/>
        <line num="54" type="stmt" count="0"/>
        <line num="55" type="stmt" count="0"/>
        <line num="56" type="stmt" count="0"/>
        <line num="58" type="stmt" count="0"/>
        <line num="60" type="stmt" count="0"/>
        <line num="62" type="stmt" count="0"/>
        <line num="64" type="stmt" count="0"/>
        <line num="66" type="stmt" count="0"/>
        <line num="68" type="stmt" count="0"/>
        <line num="70" type="stmt" count="0"/>
        <line num="71" type="stmt" count="0"/>
        <line num="72" type="stmt" count="0"/>
        <line num="73" type="stmt" count="0"/>
        <line num="75" type="stmt" count="0"/>
        <line num="76" type="stmt" count="0"/>
        <line num="77" type="stmt" count="0"/>
        <line num="78" type="stmt" count="0"/>
        <line num="80" type="stmt" count="0"/>
        <line num="81" type="stmt" count="0"/>
        <line num="83" type="method" name="saveAction" crap="702" count="0"/>
        <line num="84" type="stmt" count="0"/>
        <line num="86" type="stmt" count="0"/>
        <line num="88" type="stmt" count="0"/>
        <line num="89" type="stmt" count="0"/>
        <line num="90" type="stmt" count="0"/>
        <line num="92" type="stmt" count="0"/>
        <line num="94" type="stmt" count="0"/>
        <line num="95" type="stmt" count="0"/>
        <line num="97" type="stmt" count="0"/>
        <line num="98" type="stmt" count="0"/>
        <line num="100" type="stmt" count="0"/>
        <line num="102" type="stmt" count="0"/>
        <line num="104" type="stmt" count="0"/>
        <line num="106" type="stmt" count="0"/>
        <line num="107" type="stmt" count="0"/>
        <line num="108" type="stmt" count="0"/>
        <line num="129" type="stmt" count="0"/>
        <line num="131" type="stmt" count="0"/>
        <line num="138" type="stmt" count="0"/>
        <line num="142" type="stmt" count="0"/>
        <line num="144" type="stmt" count="0"/>
        <line num="145" type="stmt" count="0"/>
        <line num="146" type="stmt" count="0"/>
        <line num="147" type="stmt" count="0"/>
        <line num="148" type="stmt" count="0"/>
        <line num="149" type="stmt" count="0"/>
        <line num="154" type="stmt" count="0"/>
        <line num="155" type="stmt" count="0"/>
        <line num="156" type="stmt" count="0"/>
        <line num="159" type="stmt" count="0"/>
        <line num="161" type="stmt" count="0"/>
        <line num="163" type="stmt" count="0"/>
        <line num="164" type="stmt" count="0"/>
        <line num="167" type="stmt" count="0"/>
        <line num="169" type="stmt" count="0"/>
        <line num="170" type="stmt" count="0"/>
        <line num="171" type="stmt" count="0"/>
        <line num="172" type="stmt" count="0"/>
        <line num="173" type="stmt" count="0"/>
        <line num="175" type="stmt" count="0"/>
        <line num="176" type="stmt" count="0"/>
        <line num="177" type="stmt" count="0"/>
        <line num="178" type="stmt" count="0"/>
        <line num="179" type="stmt" count="0"/>
        <line num="181" type="stmt" count="0"/>
        <line num="183" type="stmt" count="0"/>
        <line num="184" type="stmt" count="0"/>
        <line num="214" type="stmt" count="0"/>
        <line num="215" type="stmt" count="0"/>
        <line num="216" type="stmt" count="0"/>
        <line num="217" type="stmt" count="0"/>
        <line num="218" type="stmt" count="0"/>
        <line num="219" type="stmt" count="0"/>
        <line num="221" type="stmt" count="0"/>
        <line num="225" type="stmt" count="0"/>
        <line num="226" type="stmt" count="0"/>
        <line num="227" type="stmt" count="0"/>
        <line num="228" type="stmt" count="0"/>
        <line num="229" type="stmt" count="0"/>
        <line num="231" type="stmt" count="0"/>
        <line num="232" type="stmt" count="0"/>
        <line num="234" type="stmt" count="0"/>
        <line num="235" type="stmt" count="0"/>
        <line num="237" type="stmt" count="0"/>
        <line num="243" type="stmt" count="0"/>
        <line num="244" type="stmt" count="0"/>
        <line num="245" type="stmt" count="0"/>
        <line num="246" type="stmt" count="0"/>
        <line num="247" type="stmt" count="0"/>
        <line num="248" type="stmt" count="0"/>
        <line num="249" type="stmt" count="0"/>
        <line num="250" type="stmt" count="0"/>
        <line num="251" type="stmt" count="0"/>
        <line num="255" type="stmt" count="0"/>
        <line num="256" type="stmt" count="0"/>
        <line num="257" type="stmt" count="0"/>
        <line num="258" type="stmt" count="0"/>
        <line num="259" type="stmt" count="0"/>
        <line num="260" type="stmt" count="0"/>
        <line num="262" type="stmt" count="0"/>
        <line num="263" type="stmt" count="0"/>
        <line num="264" type="stmt" count="0"/>
        <line num="265" type="stmt" count="0"/>
        <line num="266" type="stmt" count="0"/>
        <line num="267" type="stmt" count="0"/>
        <line num="268" type="stmt" count="0"/>
        <line num="274" type="stmt" count="0"/>
        <line num="276" type="stmt" count="0"/>
        <line num="288" type="stmt" count="0"/>
        <line num="292" type="stmt" count="0"/>
        <line num="293" type="stmt" count="0"/>
        <line num="294" type="stmt" count="0"/>
        <line num="295" type="stmt" count="0"/>
        <line num="297" type="stmt" count="0"/>
        <line num="302" type="stmt" count="0"/>
        <line num="304" type="stmt" count="0"/>
        <line num="309" type="stmt" count="0"/>
        <line num="310" type="stmt" count="0"/>
        <line num="311" type="stmt" count="0"/>
        <line num="312" type="stmt" count="0"/>
        <line num="313" type="stmt" count="0"/>
        <line num="319" type="stmt" count="0"/>
        <line num="321" type="stmt" count="0"/>
        <line num="322" type="stmt" count="0"/>
        <line num="323" type="stmt" count="0"/>
        <line num="324" type="stmt" count="0"/>
        <line num="325" type="stmt" count="0"/>
        <line num="326" type="stmt" count="0"/>
        <line num="327" type="stmt" count="0"/>
        <line num="328" type="stmt" count="0"/>
        <line num="329" type="stmt" count="0"/>
        <line num="330" type="stmt" count="0"/>
        <line num="331" type="stmt" count="0"/>
        <line num="332" type="stmt" count="0"/>
        <line num="334" type="stmt" count="0"/>
        <line num="339" type="stmt" count="0"/>
        <line num="341" type="stmt" count="0"/>
        <line num="342" type="stmt" count="0"/>
        <line num="343" type="stmt" count="0"/>
        <line num="344" type="stmt" count="0"/>
        <line num="345" type="stmt" count="0"/>
        <line num="346" type="stmt" count="0"/>
        <line num="347" type="stmt" count="0"/>
        <line num="348" type="stmt" count="0"/>
        <line num="349" type="stmt" count="0"/>
        <line num="350" type="stmt" count="0"/>
        <line num="352" type="stmt" count="0"/>
        <line num="353" type="stmt" count="0"/>
        <line num="354" type="stmt" count="0"/>
        <line num="355" type="stmt" count="0"/>
        <line num="356" type="stmt" count="0"/>
        <line num="357" type="stmt" count="0"/>
        <line num="358" type="stmt" count="0"/>
        <line num="359" type="stmt" count="0"/>
        <line num="360" type="stmt" count="0"/>
        <line num="361" type="stmt" count="0"/>
        <line num="362" type="stmt" count="0"/>
        <line num="363" type="stmt" count="0"/>
        <line num="364" type="stmt" count="0"/>
        <line num="365" type="stmt" count="0"/>
        <line num="368" type="stmt" count="0"/>
        <line num="369" type="stmt" count="0"/>
        <line num="370" type="stmt" count="0"/>
        <line num="371" type="stmt" count="0"/>
        <line num="372" type="stmt" count="0"/>
        <line num="373" type="stmt" count="0"/>
        <line num="374" type="stmt" count="0"/>
        <line num="375" type="stmt" count="0"/>
        <line num="376" type="stmt" count="0"/>
        <line num="377" type="stmt" count="0"/>
        <line num="378" type="stmt" count="0"/>
        <line num="379" type="stmt" count="0"/>
        <line num="380" type="stmt" count="0"/>
        <line num="381" type="stmt" count="0"/>
        <line num="382" type="stmt" count="0"/>
        <line num="383" type="stmt" count="0"/>
        <line num="384" type="stmt" count="0"/>
        <line num="385" type="stmt" count="0"/>
        <line num="386" type="stmt" count="0"/>
        <line num="387" type="stmt" count="0"/>
        <line num="388" type="stmt" count="0"/>
        <line num="389" type="stmt" count="0"/>
        <line num="390" type="stmt" count="0"/>
        <line num="391" type="stmt" count="0"/>
        <line num="394" type="stmt" count="0"/>
        <line num="395" type="stmt" count="0"/>
        <line num="396" type="stmt" count="0"/>
        <line num="397" type="stmt" count="0"/>
        <line num="398" type="stmt" count="0"/>
        <line num="399" type="stmt" count="0"/>
        <line num="400" type="stmt" count="0"/>
        <line num="401" type="stmt" count="0"/>
        <line num="402" type="stmt" count="0"/>
        <line num="404" type="stmt" count="0"/>
        <line num="406" type="stmt" count="0"/>
        <line num="408" type="stmt" count="0"/>
        <line num="423" type="stmt" count="0"/>
        <line num="424" type="stmt" count="0"/>
        <line num="425" type="stmt" count="0"/>
        <line num="426" type="stmt" count="0"/>
        <line num="434" type="method" name="deleteAction" crap="12" count="0"/>
        <line num="435" type="stmt" count="0"/>
        <line num="436" type="stmt" count="0"/>
        <line num="437" type="stmt" count="0"/>
        <line num="438" type="stmt" count="0"/>
        <line num="440" type="stmt" count="0"/>
        <line num="441" type="stmt" count="0"/>
        <line num="442" type="stmt" count="0"/>
        <line num="443" type="stmt" count="0"/>
        <line num="444" type="stmt" count="0"/>
        <line num="445" type="stmt" count="0"/>
        <line num="446" type="stmt" count="0"/>
        <line num="448" type="stmt" count="0"/>
        <line num="449" type="stmt" count="0"/>
        <metrics loc="449" ncloc="260" classes="1" methods="4" coveredmethods="0" conditionals="0" coveredconditionals="0" statements="223" coveredstatements="0" elements="227" coveredelements="0"/>
      </file>
      <file name="/var/www/module/Usuario/src/Usuario/Controller/IndexController.php">
        <class name="IndexController" namespace="Usuario\Controller">
          <metrics methods="2" coveredmethods="0" conditionals="0" coveredconditionals="0" statements="5" coveredstatements="0" elements="7" coveredelements="0"/>
        </class>
        <line num="19" type="method" name="indexAction" crap="2" count="0"/>
        <line num="20" type="stmt" count="0"/>
        <line num="34" type="stmt" count="0"/>
        <line num="35" type="stmt" count="0"/>
        <line num="37" type="method" name="deletePessoaHistorico" crap="2" count="0"/>
        <line num="38" type="stmt" count="0"/>
        <line num="65" type="stmt" count="0"/>
        <metrics loc="66" ncloc="12" classes="1" methods="2" coveredmethods="0" conditionals="0" coveredconditionals="0" statements="5" coveredstatements="0" elements="7" coveredelements="0"/>
      </file>
      <file name="/var/www/module/Usuario/src/Usuario/Controller/JuridicaController.php">
        <class name="JuridicaController" namespace="Usuario\Controller" fullPackage="Controller" category="Usuario" package="Controller">
          <metrics methods="3" coveredmethods="0" conditionals="0" coveredconditionals="0" statements="56" coveredstatements="0" elements="59" coveredelements="0"/>
        </class>
        <line num="25" type="method" name="indexAction" crap="2" count="0"/>
        <line num="26" type="stmt" count="0"/>
        <line num="27" type="stmt" count="0"/>
        <line num="29" type="stmt" count="0"/>
        <line num="30" type="stmt" count="0"/>
        <line num="31" type="stmt" count="0"/>
        <line num="32" type="stmt" count="0"/>
        <line num="34" type="method" name="saveAction" crap="42" count="0"/>
        <line num="35" type="stmt" count="0"/>
        <line num="36" type="stmt" count="0"/>
        <line num="37" type="stmt" count="0"/>
        <line num="38" type="stmt" count="0"/>
        <line num="40" type="stmt" count="0"/>
        <line num="41" type="stmt" count="0"/>
        <line num="42" type="stmt" count="0"/>
        <line num="43" type="stmt" count="0"/>
        <line num="44" type="stmt" count="0"/>
        <line num="45" type="stmt" count="0"/>
        <line num="46" type="stmt" count="0"/>
        <line num="48" type="stmt" count="0"/>
        <line num="54" type="stmt" count="0"/>
        <line num="58" type="stmt" count="0"/>
        <line num="59" type="stmt" count="0"/>
        <line num="61" type="stmt" count="0"/>
        <line num="62" type="stmt" count="0"/>
        <line num="67" type="stmt" count="0"/>
        <line num="68" type="stmt" count="0"/>
        <line num="69" type="stmt" count="0"/>
        <line num="71" type="stmt" count="0"/>
        <line num="72" type="stmt" count="0"/>
        <line num="76" type="stmt" count="0"/>
        <line num="77" type="stmt" count="0"/>
        <line num="78" type="stmt" count="0"/>
        <line num="82" type="stmt" count="0"/>
        <line num="83" type="stmt" count="0"/>
        <line num="84" type="stmt" count="0"/>
        <line num="86" type="stmt" count="0"/>
        <line num="87" type="stmt" count="0"/>
        <line num="88" type="stmt" count="0"/>
        <line num="89" type="stmt" count="0"/>
        <line num="90" type="stmt" count="0"/>
        <line num="92" type="stmt" count="0"/>
        <line num="93" type="stmt" count="0"/>
        <line num="94" type="stmt" count="0"/>
        <line num="95" type="stmt" count="0"/>
        <line num="102" type="method" name="deleteAction" crap="12" count="0"/>
        <line num="103" type="stmt" count="0"/>
        <line num="104" type="stmt" count="0"/>
        <line num="105" type="stmt" count="0"/>
        <line num="106" type="stmt" count="0"/>
        <line num="108" type="stmt" count="0"/>
        <line num="109" type="stmt" count="0"/>
        <line num="110" type="stmt" count="0"/>
        <line num="111" type="stmt" count="0"/>
        <line num="112" type="stmt" count="0"/>
        <line num="113" type="stmt" count="0"/>
        <line num="114" type="stmt" count="0"/>
        <line num="116" type="stmt" count="0"/>
        <line num="117" type="stmt" count="0"/>
        <metrics loc="118" ncloc="87" classes="1" methods="3" coveredmethods="0" conditionals="0" coveredconditionals="0" statements="56" coveredstatements="0" elements="59" coveredelements="0"/>
      </file>
      <file name="/var/www/module/Usuario/src/Usuario/Controller/OcupacaoController.php">
        <class name="OcupacaoController" namespace="Usuario\Controller" fullPackage="Controller" category="Usuario" package="Controller">
          <metrics methods="3" coveredmethods="0" conditionals="0" coveredconditionals="0" statements="49" coveredstatements="0" elements="52" coveredelements="0"/>
        </class>
        <line num="25" type="method" name="indexAction" crap="2" count="0"/>
        <line num="26" type="stmt" count="0"/>
        <line num="27" type="stmt" count="0"/>
        <line num="29" type="stmt" count="0"/>
        <line num="30" type="stmt" count="0"/>
        <line num="31" type="stmt" count="0"/>
        <line num="32" type="stmt" count="0"/>
        <line num="34" type="method" name="saveAction" crap="30" count="0"/>
        <line num="35" type="stmt" count="0"/>
        <line num="36" type="stmt" count="0"/>
        <line num="37" type="stmt" count="0"/>
        <line num="38" type="stmt" count="0"/>
        <line num="40" type="stmt" count="0"/>
        <line num="41" type="stmt" count="0"/>
        <line num="42" type="stmt" count="0"/>
        <line num="43" type="stmt" count="0"/>
        <line num="44" type="stmt" count="0"/>
        <line num="45" type="stmt" count="0"/>
        <line num="46" type="stmt" count="0"/>
        <line num="48" type="stmt" count="0"/>
        <line num="50" type="stmt" count="0"/>
        <line num="51" type="stmt" count="0"/>
        <line num="52" type="stmt" count="0"/>
        <line num="56" type="stmt" count="0"/>
        <line num="57" type="stmt" count="0"/>
        <line num="58" type="stmt" count="0"/>
        <line num="62" type="stmt" count="0"/>
        <line num="63" type="stmt" count="0"/>
        <line num="64" type="stmt" count="0"/>
        <line num="65" type="stmt" count="0"/>
        <line num="66" type="stmt" count="0"/>
        <line num="67" type="stmt" count="0"/>
        <line num="68" type="stmt" count="0"/>
        <line num="69" type="stmt" count="0"/>
        <line num="71" type="stmt" count="0"/>
        <line num="72" type="stmt" count="0"/>
        <line num="73" type="stmt" count="0"/>
        <line num="74" type="stmt" count="0"/>
        <line num="80" type="method" name="deleteAction" crap="12" count="0"/>
        <line num="81" type="stmt" count="0"/>
        <line num="82" type="stmt" count="0"/>
        <line num="83" type="stmt" count="0"/>
        <line num="84" type="stmt" count="0"/>
        <line num="86" type="stmt" count="0"/>
        <line num="87" type="stmt" count="0"/>
        <line num="88" type="stmt" count="0"/>
        <line num="89" type="stmt" count="0"/>
        <line num="90" type="stmt" count="0"/>
        <line num="91" type="stmt" count="0"/>
        <line num="92" type="stmt" count="0"/>
        <line num="94" type="stmt" count="0"/>
        <line num="95" type="stmt" count="0"/>
        <metrics loc="96" ncloc="75" classes="1" methods="3" coveredmethods="0" conditionals="0" coveredconditionals="0" statements="49" coveredstatements="0" elements="52" coveredelements="0"/>
      </file>
      <file name="/var/www/module/Usuario/src/Usuario/Controller/PessoaController.php">
        <class name="PessoaController" namespace="Usuario\Controller" fullPackage="Controller" category="Usuario" package="Controller">
          <metrics methods="3" coveredmethods="0" conditionals="0" coveredconditionals="0" statements="60" coveredstatements="0" elements="63" coveredelements="0"/>
        </class>
        <line num="26" type="method" name="indexAction" crap="2" count="0"/>
        <line num="27" type="stmt" count="0"/>
        <line num="28" type="stmt" count="0"/>
        <line num="30" type="stmt" count="0"/>
        <line num="31" type="stmt" count="0"/>
        <line num="33" type="method" name="saveAction" crap="56" count="0"/>
        <line num="34" type="stmt" count="0"/>
        <line num="35" type="stmt" count="0"/>
        <line num="36" type="stmt" count="0"/>
        <line num="37" type="stmt" count="0"/>
        <line num="39" type="stmt" count="0"/>
        <line num="40" type="stmt" count="0"/>
        <line num="46" type="stmt" count="0"/>
        <line num="47" type="stmt" count="0"/>
        <line num="48" type="stmt" count="0"/>
        <line num="49" type="stmt" count="0"/>
        <line num="50" type="stmt" count="0"/>
        <line num="52" type="stmt" count="0"/>
        <line num="57" type="stmt" count="0"/>
        <line num="61" type="stmt" count="0"/>
        <line num="62" type="stmt" count="0"/>
        <line num="68" type="stmt" count="0"/>
        <line num="69" type="stmt" count="0"/>
        <line num="73" type="stmt" count="0"/>
        <line num="74" type="stmt" count="0"/>
        <line num="75" type="stmt" count="0"/>
        <line num="76" type="stmt" count="0"/>
        <line num="77" type="stmt" count="0"/>
        <line num="78" type="stmt" count="0"/>
        <line num="79" type="stmt" count="0"/>
        <line num="81" type="stmt" count="0"/>
        <line num="82" type="stmt" count="0"/>
        <line num="83" type="stmt" count="0"/>
        <line num="84" type="stmt" count="0"/>
        <line num="100" type="stmt" count="0"/>
        <line num="101" type="stmt" count="0"/>
        <line num="102" type="stmt" count="0"/>
        <line num="106" type="stmt" count="0"/>
        <line num="107" type="stmt" count="0"/>
        <line num="108" type="stmt" count="0"/>
        <line num="109" type="stmt" count="0"/>
        <line num="110" type="stmt" count="0"/>
        <line num="111" type="stmt" count="0"/>
        <line num="112" type="stmt" count="0"/>
        <line num="113" type="stmt" count="0"/>
        <line num="114" type="stmt" count="0"/>
        <line num="115" type="stmt" count="0"/>
        <line num="116" type="stmt" count="0"/>
        <line num="117" type="stmt" count="0"/>
        <line num="123" type="method" name="deleteAction" crap="12" count="0"/>
        <line num="124" type="stmt" count="0"/>
        <line num="125" type="stmt" count="0"/>
        <line num="126" type="stmt" count="0"/>
        <line num="127" type="stmt" count="0"/>
        <line num="129" type="stmt" count="0"/>
        <line num="130" type="stmt" count="0"/>
        <line num="131" type="stmt" count="0"/>
        <line num="132" type="stmt" count="0"/>
        <line num="133" type="stmt" count="0"/>
        <line num="134" type="stmt" count="0"/>
        <line num="135" type="stmt" count="0"/>
        <line num="137" type="stmt" count="0"/>
        <line num="138" type="stmt" count="0"/>
        <metrics loc="139" ncloc="69" classes="1" methods="3" coveredmethods="0" conditionals="0" coveredconditionals="0" statements="60" coveredstatements="0" elements="63" coveredelements="0"/>
      </file>
      <file name="/var/www/module/Usuario/src/Usuario/Controller/RacaController.php">
        <class name="RacaController" namespace="Usuario\Controller" fullPackage="Controller" category="Usuario" package="Controller">
          <metrics methods="4" coveredmethods="0" conditionals="0" coveredconditionals="0" statements="95" coveredstatements="0" elements="99" coveredelements="0"/>
        </class>
        <line num="28" type="method" name="indexAction" crap="2" count="0"/>
        <line num="29" type="stmt" count="0"/>
        <line num="30" type="stmt" count="0"/>
        <line num="31" type="stmt" count="0"/>
        <line num="33" type="stmt" count="0"/>
        <line num="34" type="stmt" count="0"/>
        <line num="35" type="stmt" count="0"/>
        <line num="37" type="stmt" count="0"/>
        <line num="39" type="stmt" count="0"/>
        <line num="40" type="stmt" count="0"/>
        <line num="41" type="stmt" count="0"/>
        <line num="42" type="stmt" count="0"/>
        <line num="47" type="method" name="buscaAction" crap="2" count="0"/>
        <line num="48" type="stmt" count="0"/>
        <line num="49" type="stmt" count="0"/>
        <line num="50" type="stmt" count="0"/>
        <line num="51" type="stmt" count="0"/>
        <line num="53" type="stmt" count="0"/>
        <line num="55" type="stmt" count="0"/>
        <line num="57" type="stmt" count="0"/>
        <line num="59" type="stmt" count="0"/>
        <line num="61" type="stmt" count="0"/>
        <line num="63" type="stmt" count="0"/>
        <line num="64" type="stmt" count="0"/>
        <line num="65" type="stmt" count="0"/>
        <line num="66" type="stmt" count="0"/>
        <line num="67" type="stmt" count="0"/>
        <line num="68" type="stmt" count="0"/>
        <line num="70" type="stmt" count="0"/>
        <line num="71" type="stmt" count="0"/>
        <line num="72" type="stmt" count="0"/>
        <line num="73" type="stmt" count="0"/>
        <line num="75" type="stmt" count="0"/>
        <line num="76" type="stmt" count="0"/>
        <line num="78" type="method" name="saveAction" crap="56" count="0"/>
        <line num="79" type="stmt" count="0"/>
        <line num="80" type="stmt" count="0"/>
        <line num="81" type="stmt" count="0"/>
        <line num="82" type="stmt" count="0"/>
        <line num="84" type="stmt" count="0"/>
        <line num="85" type="stmt" count="0"/>
        <line num="86" type="stmt" count="0"/>
        <line num="87" type="stmt" count="0"/>
        <line num="88" type="stmt" count="0"/>
        <line num="89" type="stmt" count="0"/>
        <line num="90" type="stmt" count="0"/>
        <line num="92" type="stmt" count="0"/>
        <line num="94" type="stmt" count="0"/>
        <line num="95" type="stmt" count="0"/>
        <line num="97" type="stmt" count="0"/>
        <line num="101" type="stmt" count="0"/>
        <line num="102" type="stmt" count="0"/>
        <line num="107" type="stmt" count="0"/>
        <line num="108" type="stmt" count="0"/>
        <line num="109" type="stmt" count="0"/>
        <line num="110" type="stmt" count="0"/>
        <line num="111" type="stmt" count="0"/>
        <line num="112" type="stmt" count="0"/>
        <line num="113" type="stmt" count="0"/>
        <line num="114" type="stmt" count="0"/>
        <line num="115" type="stmt" count="0"/>
        <line num="116" type="stmt" count="0"/>
        <line num="118" type="stmt" count="0"/>
        <line num="122" type="stmt" count="0"/>
        <line num="123" type="stmt" count="0"/>
        <line num="124" type="stmt" count="0"/>
        <line num="126" type="stmt" count="0"/>
        <line num="128" type="stmt" count="0"/>
        <line num="130" type="stmt" count="0"/>
        <line num="131" type="stmt" count="0"/>
        <line num="133" type="stmt" count="0"/>
        <line num="135" type="stmt" count="0"/>
        <line num="136" type="stmt" count="0"/>
        <line num="137" type="stmt" count="0"/>
        <line num="138" type="stmt" count="0"/>
        <line num="144" type="method" name="deleteAction" crap="30" count="0"/>
        <line num="145" type="stmt" count="0"/>
        <line num="147" type="stmt" count="0"/>
        <line num="148" type="stmt" count="0"/>
        <line num="149" type="stmt" count="0"/>
        <line num="150" type="stmt" count="0"/>
        <line num="152" type="stmt" count="0"/>
        <line num="154" type="stmt" count="0"/>
        <line num="156" type="stmt" count="0"/>
        <line num="157" type="stmt" count="0"/>
        <line num="162" type="stmt" count="0"/>
        <line num="163" type="stmt" count="0"/>
        <line num="164" type="stmt" count="0"/>
        <line num="165" type="stmt" count="0"/>
        <line num="166" type="stmt" count="0"/>
        <line num="168" type="stmt" count="0"/>
        <line num="170" type="stmt" count="0"/>
        <line num="172" type="stmt" count="0"/>
        <line num="174" type="stmt" count="0"/>
        <line num="176" type="stmt" count="0"/>
        <line num="177" type="stmt" count="0"/>
        <line num="178" type="stmt" count="0"/>
        <line num="180" type="stmt" count="0"/>
        <line num="181" type="stmt" count="0"/>
        <metrics loc="181" ncloc="147" classes="1" methods="4" coveredmethods="0" conditionals="0" coveredconditionals="0" statements="95" coveredstatements="0" elements="99" coveredelements="0"/>
      </file>
      <file name="/var/www/module/Usuario/src/Usuario/Controller/ReligiaoController.php">
        <class name="ReligiaoController" namespace="Usuario\Controller" fullPackage="Controller" category="Usuario" package="Controller">
          <metrics methods="3" coveredmethods="0" conditionals="0" coveredconditionals="0" statements="50" coveredstatements="0" elements="53" coveredelements="0"/>
        </class>
        <line num="25" type="method" name="indexAction" crap="2" count="0"/>
        <line num="26" type="stmt" count="0"/>
        <line num="27" type="stmt" count="0"/>
        <line num="29" type="stmt" count="0"/>
        <line num="30" type="stmt" count="0"/>
        <line num="31" type="stmt" count="0"/>
        <line num="32" type="stmt" count="0"/>
        <line num="34" type="method" name="saveAction" crap="30" count="0"/>
        <line num="35" type="stmt" count="0"/>
        <line num="36" type="stmt" count="0"/>
        <line num="37" type="stmt" count="0"/>
        <line num="38" type="stmt" count="0"/>
        <line num="40" type="stmt" count="0"/>
        <line num="41" type="stmt" count="0"/>
        <line num="42" type="stmt" count="0"/>
        <line num="43" type="stmt" count="0"/>
        <line num="44" type="stmt" count="0"/>
        <line num="45" type="stmt" count="0"/>
        <line num="46" type="stmt" count="0"/>
        <line num="48" type="stmt" count="0"/>
        <line num="49" type="stmt" count="0"/>
        <line num="53" type="stmt" count="0"/>
        <line num="54" type="stmt" count="0"/>
        <line num="55" type="stmt" count="0"/>
        <line num="59" type="stmt" count="0"/>
        <line num="60" type="stmt" count="0"/>
        <line num="61" type="stmt" count="0"/>
        <line num="65" type="stmt" count="0"/>
        <line num="66" type="stmt" count="0"/>
        <line num="67" type="stmt" count="0"/>
        <line num="68" type="stmt" count="0"/>
        <line num="69" type="stmt" count="0"/>
        <line num="70" type="stmt" count="0"/>
        <line num="71" type="stmt" count="0"/>
        <line num="72" type="stmt" count="0"/>
        <line num="74" type="stmt" count="0"/>
        <line num="75" type="stmt" count="0"/>
        <line num="76" type="stmt" count="0"/>
        <line num="77" type="stmt" count="0"/>
        <line num="83" type="method" name="deleteAction" crap="12" count="0"/>
        <line num="84" type="stmt" count="0"/>
        <line num="85" type="stmt" count="0"/>
        <line num="86" type="stmt" count="0"/>
        <line num="87" type="stmt" count="0"/>
        <line num="89" type="stmt" count="0"/>
        <line num="90" type="stmt" count="0"/>
        <line num="91" type="stmt" count="0"/>
        <line num="92" type="stmt" count="0"/>
        <line num="93" type="stmt" count="0"/>
        <line num="94" type="stmt" count="0"/>
        <line num="95" type="stmt" count="0"/>
        <line num="97" type="stmt" count="0"/>
        <line num="98" type="stmt" count="0"/>
        <metrics loc="99" ncloc="75" classes="1" methods="3" coveredmethods="0" conditionals="0" coveredconditionals="0" statements="50" coveredstatements="0" elements="53" coveredelements="0"/>
      </file>
    </package>
    <package name="Usuario\Entity">
      <file name="/var/www/module/Usuario/src/Usuario/Entity/EnderecoExterno.php">
        <class name="EnderecoExterno" namespace="Usuario\Entity" fullPackage="Usuario.EnderecoExterno" category="Entidade" package="Usuario" subpackage="EnderecoExterno">
          <metrics methods="52" coveredmethods="0" conditionals="0" coveredconditionals="0" statements="232" coveredstatements="0" elements="284" coveredelements="0"/>
        </class>
        <line num="222" type="method" name="checkOperacao" crap="20" count="0"/>
        <line num="224" type="stmt" count="0"/>
        <line num="226" type="stmt" count="0"/>
        <line num="227" type="stmt" count="0"/>
        <line num="235" type="method" name="checkOrigemGravacao" crap="30" count="0"/>
        <line num="237" type="stmt" count="0"/>
        <line num="238" type="stmt" count="0"/>
        <line num="239" type="stmt" count="0"/>
        <line num="247" type="method" name="timestamp" crap="6" count="0"/>
        <line num="249" type="stmt" count="0"/>
        <line num="250" type="stmt" count="0"/>
        <line num="251" type="stmt" count="0"/>
        <line num="252" type="stmt" count="0"/>
        <line num="254" type="method" name="getId" crap="2" count="0"/>
        <line num="256" type="stmt" count="0"/>
        <line num="259" type="method" name="setId" crap="2" count="0"/>
        <line num="261" type="stmt" count="0"/>
        <line num="262" type="stmt" count="0"/>
        <line num="264" type="method" name="getPessoa" crap="2" count="0"/>
        <line num="266" type="stmt" count="0"/>
        <line num="269" type="method" name="setPessoa" crap="2" count="0"/>
        <line num="271" type="stmt" count="0"/>
        <line num="272" type="stmt" count="0"/>
        <line num="276" type="method" name="getTipo" crap="2" count="0"/>
        <line num="278" type="stmt" count="0"/>
        <line num="281" type="method" name="setTipo" crap="2" count="0"/>
        <line num="283" type="stmt" count="0"/>
        <line num="284" type="stmt" count="0"/>
        <line num="286" type="method" name="getTipoLogradouro" crap="2" count="0"/>
        <line num="288" type="stmt" count="0"/>
        <line num="291" type="method" name="setTipoLogradouro" crap="2" count="0"/>
        <line num="293" type="stmt" count="0"/>
        <line num="294" type="stmt" count="0"/>
        <line num="296" type="method" name="getLogradouro" crap="2" count="0"/>
        <line num="298" type="stmt" count="0"/>
        <line num="301" type="method" name="setLogradouro" crap="2" count="0"/>
        <line num="304" type="stmt" count="0"/>
        <line num="305" type="stmt" count="0"/>
        <line num="307" type="method" name="getNumero" crap="2" count="0"/>
        <line num="309" type="stmt" count="0"/>
        <line num="312" type="method" name="setNumero" crap="2" count="0"/>
        <line num="314" type="stmt" count="0"/>
        <line num="315" type="stmt" count="0"/>
        <line num="317" type="method" name="getLetra" crap="2" count="0"/>
        <line num="319" type="stmt" count="0"/>
        <line num="322" type="method" name="setLetra" crap="2" count="0"/>
        <line num="324" type="stmt" count="0"/>
        <line num="325" type="stmt" count="0"/>
        <line num="327" type="method" name="getComplemento" crap="2" count="0"/>
        <line num="329" type="stmt" count="0"/>
        <line num="332" type="method" name="setComplemento" crap="2" count="0"/>
        <line num="334" type="stmt" count="0"/>
        <line num="335" type="stmt" count="0"/>
        <line num="337" type="method" name="getBairro" crap="2" count="0"/>
        <line num="339" type="stmt" count="0"/>
        <line num="342" type="method" name="setBairro" crap="2" count="0"/>
        <line num="344" type="stmt" count="0"/>
        <line num="345" type="stmt" count="0"/>
        <line num="347" type="method" name="getCep" crap="2" count="0"/>
        <line num="349" type="stmt" count="0"/>
        <line num="352" type="method" name="setCep" crap="2" count="0"/>
        <line num="354" type="stmt" count="0"/>
        <line num="355" type="stmt" count="0"/>
        <line num="357" type="method" name="getCidade" crap="2" count="0"/>
        <line num="359" type="stmt" count="0"/>
        <line num="362" type="method" name="setCidade" crap="2" count="0"/>
        <line num="364" type="stmt" count="0"/>
        <line num="365" type="stmt" count="0"/>
        <line num="367" type="method" name="getSiglaUf" crap="2" count="0"/>
        <line num="369" type="stmt" count="0"/>
        <line num="372" type="method" name="setSiglaUf" crap="2" count="0"/>
        <line num="375" type="stmt" count="0"/>
        <line num="376" type="stmt" count="0"/>
        <line num="378" type="method" name="getResideDesde" crap="2" count="0"/>
        <line num="380" type="stmt" count="0"/>
        <line num="383" type="method" name="setResideDesde" crap="2" count="0"/>
        <line num="385" type="stmt" count="0"/>
        <line num="386" type="stmt" count="0"/>
        <line num="388" type="method" name="getDataRev" crap="2" count="0"/>
        <line num="390" type="stmt" count="0"/>
        <line num="393" type="method" name="setDataRev" crap="2" count="0"/>
        <line num="395" type="stmt" count="0"/>
        <line num="396" type="stmt" count="0"/>
        <line num="398" type="method" name="getOrigemGravacao" crap="2" count="0"/>
        <line num="400" type="stmt" count="0"/>
        <line num="403" type="method" name="setOrigemGravacao" crap="2" count="0"/>
        <line num="405" type="stmt" count="0"/>
        <line num="406" type="stmt" count="0"/>
        <line num="408" type="method" name="getPessoaCad" crap="2" count="0"/>
        <line num="410" type="stmt" count="0"/>
        <line num="413" type="method" name="setPessoaCad" crap="2" count="0"/>
        <line num="415" type="stmt" count="0"/>
        <line num="416" type="stmt" count="0"/>
        <line num="418" type="method" name="getDataCad" crap="2" count="0"/>
        <line num="420" type="stmt" count="0"/>
        <line num="423" type="method" name="setDataCad" crap="2" count="0"/>
        <line num="425" type="stmt" count="0"/>
        <line num="426" type="stmt" count="0"/>
        <line num="428" type="method" name="getOperacao" crap="2" count="0"/>
        <line num="430" type="stmt" count="0"/>
        <line num="433" type="method" name="setOperacao" crap="2" count="0"/>
        <line num="435" type="stmt" count="0"/>
        <line num="436" type="stmt" count="0"/>
        <line num="438" type="method" name="getBloco" crap="2" count="0"/>
        <line num="440" type="stmt" count="0"/>
        <line num="443" type="method" name="setBloco" crap="2" count="0"/>
        <line num="445" type="stmt" count="0"/>
        <line num="446" type="stmt" count="0"/>
        <line num="448" type="method" name="getAndar" crap="2" count="0"/>
        <line num="450" type="stmt" count="0"/>
        <line num="453" type="method" name="setAndar" crap="2" count="0"/>
        <line num="455" type="stmt" count="0"/>
        <line num="456" type="stmt" count="0"/>
        <line num="458" type="method" name="getApartamento" crap="2" count="0"/>
        <line num="460" type="stmt" count="0"/>
        <line num="463" type="method" name="setApartamento" crap="2" count="0"/>
        <line num="465" type="stmt" count="0"/>
        <line num="466" type="stmt" count="0"/>
        <line num="468" type="method" name="getIdsisRev" crap="2" count="0"/>
        <line num="470" type="stmt" count="0"/>
        <line num="473" type="method" name="setIdsisRev" crap="2" count="0"/>
        <line num="475" type="stmt" count="0"/>
        <line num="476" type="stmt" count="0"/>
        <line num="478" type="method" name="getIdsisCad" crap="2" count="0"/>
        <line num="480" type="stmt" count="0"/>
        <line num="483" type="method" name="setIdsisCad" crap="2" count="0"/>
        <line num="485" type="stmt" count="0"/>
        <line num="486" type="stmt" count="0"/>
        <line num="488" type="method" name="getZonaLocalizacao" crap="2" count="0"/>
        <line num="490" type="stmt" count="0"/>
        <line num="493" type="method" name="setZonaLocalizacao" crap="2" count="0"/>
        <line num="495" type="stmt" count="0"/>
        <line num="496" type="stmt" count="0"/>
        <line num="508" type="method" name="getInputFilter" crap="6" count="0"/>
        <line num="510" type="stmt" count="0"/>
        <line num="511" type="stmt" count="0"/>
        <line num="512" type="stmt" count="0"/>
        <line num="514" type="stmt" count="0"/>
        <line num="515" type="stmt" count="0"/>
        <line num="516" type="stmt" count="0"/>
        <line num="518" type="stmt" count="0"/>
        <line num="519" type="stmt" count="0"/>
        <line num="520" type="stmt" count="0"/>
        <line num="522" type="stmt" count="0"/>
        <line num="523" type="stmt" count="0"/>
        <line num="524" type="stmt" count="0"/>
        <line num="526" type="stmt" count="0"/>
        <line num="527" type="stmt" count="0"/>
        <line num="528" type="stmt" count="0"/>
        <line num="530" type="stmt" count="0"/>
        <line num="531" type="stmt" count="0"/>
        <line num="533" type="stmt" count="0"/>
        <line num="535" type="stmt" count="0"/>
        <line num="536" type="stmt" count="0"/>
        <line num="537" type="stmt" count="0"/>
        <line num="539" type="stmt" count="0"/>
        <line num="540" type="stmt" count="0"/>
        <line num="541" type="stmt" count="0"/>
        <line num="544" type="stmt" count="0"/>
        <line num="546" type="stmt" count="0"/>
        <line num="547" type="stmt" count="0"/>
        <line num="548" type="stmt" count="0"/>
        <line num="549" type="stmt" count="0"/>
        <line num="550" type="stmt" count="0"/>
        <line num="551" type="stmt" count="0"/>
        <line num="552" type="stmt" count="0"/>
        <line num="554" type="stmt" count="0"/>
        <line num="555" type="stmt" count="0"/>
        <line num="556" type="stmt" count="0"/>
        <line num="558" type="stmt" count="0"/>
        <line num="559" type="stmt" count="0"/>
        <line num="560" type="stmt" count="0"/>
        <line num="562" type="stmt" count="0"/>
        <line num="563" type="stmt" count="0"/>
        <line num="564" type="stmt" count="0"/>
        <line num="566" type="stmt" count="0"/>
        <line num="567" type="stmt" count="0"/>
        <line num="568" type="stmt" count="0"/>
        <line num="571" type="stmt" count="0"/>
        <line num="573" type="stmt" count="0"/>
        <line num="574" type="stmt" count="0"/>
        <line num="575" type="stmt" count="0"/>
        <line num="576" type="stmt" count="0"/>
        <line num="577" type="stmt" count="0"/>
        <line num="578" type="stmt" count="0"/>
        <line num="579" type="stmt" count="0"/>
        <line num="581" type="stmt" count="0"/>
        <line num="582" type="stmt" count="0"/>
        <line num="583" type="stmt" count="0"/>
        <line num="585" type="stmt" count="0"/>
        <line num="586" type="stmt" count="0"/>
        <line num="587" type="stmt" count="0"/>
        <line num="590" type="stmt" count="0"/>
        <line num="592" type="stmt" count="0"/>
        <line num="593" type="stmt" count="0"/>
        <line num="594" type="stmt" count="0"/>
        <line num="595" type="stmt" count="0"/>
        <line num="596" type="stmt" count="0"/>
        <line num="597" type="stmt" count="0"/>
        <line num="598" type="stmt" count="0"/>
        <line num="600" type="stmt" count="0"/>
        <line num="601" type="stmt" count="0"/>
        <line num="602" type="stmt" count="0"/>
        <line num="604" type="stmt" count="0"/>
        <line num="605" type="stmt" count="0"/>
        <line num="606" type="stmt" count="0"/>
        <line num="609" type="stmt" count="0"/>
        <line num="611" type="stmt" count="0"/>
        <line num="612" type="stmt" count="0"/>
        <line num="613" type="stmt" count="0"/>
        <line num="614" type="stmt" count="0"/>
        <line num="615" type="stmt" count="0"/>
        <line num="616" type="stmt" count="0"/>
        <line num="617" type="stmt" count="0"/>
        <line num="619" type="stmt" count="0"/>
        <line num="620" type="stmt" count="0"/>
        <line num="621" type="stmt" count="0"/>
        <line num="624" type="stmt" count="0"/>
        <line num="626" type="stmt" count="0"/>
        <line num="627" type="stmt" count="0"/>
        <line num="628" type="stmt" count="0"/>
        <line num="629" type="stmt" count="0"/>
        <line num="630" type="stmt" count="0"/>
        <line num="631" type="stmt" count="0"/>
        <line num="632" type="stmt" count="0"/>
        <line num="634" type="stmt" count="0"/>
        <line num="635" type="stmt" count="0"/>
        <line num="636" type="stmt" count="0"/>
        <line num="638" type="stmt" count="0"/>
        <line num="639" type="stmt" count="0"/>
        <line num="640" type="stmt" count="0"/>
        <line num="643" type="stmt" count="0"/>
        <line num="645" type="stmt" count="0"/>
        <line num="646" type="stmt" count="0"/>
        <line num="647" type="stmt" count="0"/>
        <line num="648" type="stmt" count="0"/>
        <line num="649" type="stmt" count="0"/>
        <line num="650" type="stmt" count="0"/>
        <line num="651" type="stmt" count="0"/>
        <line num="653" type="stmt" count="0"/>
        <line num="654" type="stmt" count="0"/>
        <line num="655" type="stmt" count="0"/>
        <line num="657" type="stmt" count="0"/>
        <line num="658" type="stmt" count="0"/>
        <line num="659" type="stmt" count="0"/>
        <line num="662" type="stmt" count="0"/>
        <line num="664" type="stmt" count="0"/>
        <line num="665" type="stmt" count="0"/>
        <line num="666" type="stmt" count="0"/>
        <line num="667" type="stmt" count="0"/>
        <line num="668" type="stmt" count="0"/>
        <line num="669" type="stmt" count="0"/>
        <line num="670" type="stmt" count="0"/>
        <line num="672" type="stmt" count="0"/>
        <line num="673" type="stmt" count="0"/>
        <line num="674" type="stmt" count="0"/>
        <line num="676" type="stmt" count="0"/>
        <line num="677" type="stmt" count="0"/>
        <line num="678" type="stmt" count="0"/>
        <line num="680" type="stmt" count="0"/>
        <line num="681" type="stmt" count="0"/>
        <line num="682" type="stmt" count="0"/>
        <line num="684" type="stmt" count="0"/>
        <line num="686" type="stmt" count="0"/>
        <line num="688" type="stmt" count="0"/>
        <line num="689" type="stmt" count="0"/>
        <line num="691" type="stmt" count="0"/>
        <line num="693" type="stmt" count="0"/>
        <line num="694" type="stmt" count="0"/>
        <line num="695" type="stmt" count="0"/>
        <line num="697" type="stmt" count="0"/>
        <line num="698" type="stmt" count="0"/>
        <line num="699" type="stmt" count="0"/>
        <line num="702" type="stmt" count="0"/>
        <line num="704" type="stmt" count="0"/>
        <line num="705" type="stmt" count="0"/>
        <line num="706" type="stmt" count="0"/>
        <line num="707" type="stmt" count="0"/>
        <line num="708" type="stmt" count="0"/>
        <line num="709" type="stmt" count="0"/>
        <line num="710" type="stmt" count="0"/>
        <line num="712" type="stmt" count="0"/>
        <line num="713" type="stmt" count="0"/>
        <line num="715" type="stmt" count="0"/>
        <metrics loc="717" ncloc="536" classes="1" methods="52" coveredmethods="0" conditionals="0" coveredconditionals="0" statements="232" coveredstatements="0" elements="284" coveredelements="0"/>
      </file>
      <file name="/var/www/module/Usuario/src/Usuario/Entity/Escolaridade.php">
        <class name="Escolaridade" namespace="Usuario\Entity" fullPackage="Usuario.Escolaridade" category="Entidade" package="Usuario" subpackage="Escolaridade">
          <metrics methods="5" coveredmethods="0" conditionals="0" coveredconditionals="0" statements="32" coveredstatements="0" elements="37" coveredelements="0"/>
        </class>
        <line num="50" type="method" name="getId" crap="2" count="0"/>
        <line num="52" type="stmt" count="0"/>
        <line num="55" type="method" name="setId" crap="2" count="0"/>
        <line num="57" type="stmt" count="0"/>
        <line num="58" type="stmt" count="0"/>
        <line num="60" type="method" name="getDescricao" crap="2" count="0"/>
        <line num="62" type="stmt" count="0"/>
        <line num="65" type="method" name="setDescricao" crap="2" count="0"/>
        <line num="67" type="stmt" count="0"/>
        <line num="68" type="stmt" count="0"/>
        <line num="81" type="method" name="getInputFilter" crap="6" count="0"/>
        <line num="83" type="stmt" count="0"/>
        <line num="84" type="stmt" count="0"/>
        <line num="85" type="stmt" count="0"/>
        <line num="87" type="stmt" count="0"/>
        <line num="88" type="stmt" count="0"/>
        <line num="89" type="stmt" count="0"/>
        <line num="91" type="stmt" count="0"/>
        <line num="92" type="stmt" count="0"/>
        <line num="93" type="stmt" count="0"/>
        <line num="95" type="stmt" count="0"/>
        <line num="96" type="stmt" count="0"/>
        <line num="97" type="stmt" count="0"/>
        <line num="99" type="stmt" count="0"/>
        <line num="100" type="stmt" count="0"/>
        <line num="101" type="stmt" count="0"/>
        <line num="104" type="stmt" count="0"/>
        <line num="106" type="stmt" count="0"/>
        <line num="107" type="stmt" count="0"/>
        <line num="108" type="stmt" count="0"/>
        <line num="109" type="stmt" count="0"/>
        <line num="110" type="stmt" count="0"/>
        <line num="111" type="stmt" count="0"/>
        <line num="112" type="stmt" count="0"/>
        <line num="114" type="stmt" count="0"/>
        <line num="115" type="stmt" count="0"/>
        <line num="117" type="stmt" count="0"/>
        <metrics loc="121" ncloc="82" classes="1" methods="5" coveredmethods="0" conditionals="0" coveredconditionals="0" statements="32" coveredstatements="0" elements="37" coveredelements="0"/>
      </file>
      <file name="/var/www/module/Usuario/src/Usuario/Entity/EstadoCivil.php">
        <class name="EstadoCivil" namespace="Usuario\Entity" fullPackage="Usuario.Estado" category="Entidade" package="Usuario" subpackage="Estado">
          <metrics methods="5" coveredmethods="2" conditionals="0" coveredconditionals="0" statements="32" coveredstatements="28" elements="37" coveredelements="30"/>
        </class>
        <line num="49" type="method" name="getId" crap="2" count="0"/>
        <line num="51" type="stmt" count="0"/>
        <line num="54" type="method" name="setId" crap="2" count="0"/>
        <line num="56" type="stmt" count="0"/>
        <line num="57" type="stmt" count="0"/>
        <line num="59" type="method" name="getDescricao" crap="2" count="0"/>
        <line num="61" type="stmt" count="0"/>
        <line num="64" type="method" name="setDescricao" crap="1" count="1"/>
        <line num="66" type="stmt" count="1"/>
        <line num="67" type="stmt" count="1"/>
        <line num="80" type="method" name="getInputFilter" crap="2" count="1"/>
        <line num="82" type="stmt" count="1"/>
        <line num="83" type="stmt" count="1"/>
        <line num="84" type="stmt" count="1"/>
        <line num="86" type="stmt" count="1"/>
        <line num="87" type="stmt" count="1"/>
        <line num="88" type="stmt" count="1"/>
        <line num="90" type="stmt" count="1"/>
        <line num="91" type="stmt" count="1"/>
        <line num="92" type="stmt" count="1"/>
        <line num="94" type="stmt" count="1"/>
        <line num="95" type="stmt" count="1"/>
        <line num="96" type="stmt" count="1"/>
        <line num="98" type="stmt" count="1"/>
        <line num="99" type="stmt" count="1"/>
        <line num="100" type="stmt" count="1"/>
        <line num="103" type="stmt" count="1"/>
        <line num="105" type="stmt" count="1"/>
        <line num="106" type="stmt" count="1"/>
        <line num="107" type="stmt" count="1"/>
        <line num="108" type="stmt" count="1"/>
        <line num="109" type="stmt" count="1"/>
        <line num="110" type="stmt" count="1"/>
        <line num="111" type="stmt" count="1"/>
        <line num="113" type="stmt" count="1"/>
        <line num="114" type="stmt" count="1"/>
        <line num="116" type="stmt" count="1"/>
        <metrics loc="118" ncloc="79" classes="1" methods="5" coveredmethods="2" conditionals="0" coveredconditionals="0" statements="32" coveredstatements="28" elements="37" coveredelements="30"/>
      </file>
      <file name="/var/www/module/Usuario/src/Usuario/Entity/Fisica.php">
        <class name="Fisica" namespace="Usuario\Entity">
          <metrics methods="70" coveredmethods="13" conditionals="0" coveredconditionals="0" statements="490" coveredstatements="367" elements="560" coveredelements="380"/>
        </class>
        <line num="72" type="method" name="checkSexo" crap="4" count="1"/>
        <line num="74" type="stmt" count="1"/>
        <line num="75" type="stmt" count="1"/>
        <line num="76" type="stmt" count="1"/>
        <line num="116" type="method" name="checkNacionalidade" crap="4.59" count="1"/>
        <line num="118" type="stmt" count="1"/>
        <line num="119" type="stmt" count="0"/>
        <line num="122" type="stmt" count="1"/>
        <line num="400" type="method" name="getDataNasc" crap="2" count="0"/>
        <line num="402" type="stmt" count="0"/>
        <line num="405" type="method" name="setDataNasc" crap="1" count="1"/>
        <line num="407" type="stmt" count="1"/>
        <line num="408" type="stmt" count="1"/>
        <line num="410" type="method" name="getSexo" crap="1" count="1"/>
        <line num="412" type="stmt" count="1"/>
        <line num="415" type="method" name="setSexo" crap="1" count="1"/>
        <line num="417" type="stmt" count="1"/>
        <line num="418" type="stmt" count="1"/>
        <line num="420" type="method" name="getDataUniao" crap="2" count="0"/>
        <line num="422" type="stmt" count="0"/>
        <line num="425" type="method" name="setDataUniao" crap="2" count="0"/>
        <line num="427" type="stmt" count="0"/>
        <line num="428" type="stmt" count="0"/>
        <line num="430" type="method" name="getDataObito" crap="2" count="0"/>
        <line num="432" type="stmt" count="0"/>
        <line num="435" type="method" name="setDataObito" crap="2" count="0"/>
        <line num="437" type="stmt" count="0"/>
        <line num="440" type="method" name="getNacionalidade" crap="1" count="1"/>
        <line num="442" type="stmt" count="1"/>
        <line num="445" type="method" name="setNacionalidade" crap="2" count="0"/>
        <line num="447" type="stmt" count="0"/>
        <line num="448" type="stmt" count="0"/>
        <line num="450" type="method" name="getDataChegadaBrasil" crap="2" count="0"/>
        <line num="452" type="stmt" count="0"/>
        <line num="455" type="method" name="setDataChegadaBrasil" crap="2" count="0"/>
        <line num="457" type="stmt" count="0"/>
        <line num="458" type="stmt" count="0"/>
        <line num="460" type="method" name="getUltimaEmpresa" crap="2" count="0"/>
        <line num="462" type="stmt" count="0"/>
        <line num="465" type="method" name="setUltimaEmpresa" crap="2" count="0"/>
        <line num="467" type="stmt" count="0"/>
        <line num="468" type="stmt" count="0"/>
        <line num="470" type="method" name="getNomeMae" crap="2" count="0"/>
        <line num="472" type="stmt" count="0"/>
        <line num="475" type="method" name="setNomeMae" crap="2" count="0"/>
        <line num="477" type="stmt" count="0"/>
        <line num="478" type="stmt" count="0"/>
        <line num="480" type="method" name="getNomePai" crap="2" count="0"/>
        <line num="482" type="stmt" count="0"/>
        <line num="485" type="method" name="setNomePai" crap="2" count="0"/>
        <line num="487" type="stmt" count="0"/>
        <line num="488" type="stmt" count="0"/>
        <line num="490" type="method" name="getNomeConjuge" crap="2" count="0"/>
        <line num="492" type="stmt" count="0"/>
        <line num="495" type="method" name="setNomeConjuge" crap="2" count="0"/>
        <line num="497" type="stmt" count="0"/>
        <line num="498" type="stmt" count="0"/>
        <line num="501" type="method" name="getNomeResponsavel" crap="2" count="0"/>
        <line num="503" type="stmt" count="0"/>
        <line num="506" type="method" name="setNomeResponsavel" crap="2" count="0"/>
        <line num="508" type="stmt" count="0"/>
        <line num="509" type="stmt" count="0"/>
        <line num="511" type="method" name="getJustificativaProvisorio" crap="2" count="0"/>
        <line num="513" type="stmt" count="0"/>
        <line num="516" type="method" name="setJustificativaProvisorio" crap="2" count="0"/>
        <line num="518" type="stmt" count="0"/>
        <line num="519" type="stmt" count="0"/>
        <line num="540" type="method" name="getDataCad" crap="1" count="1"/>
        <line num="542" type="stmt" count="1"/>
        <line num="545" type="method" name="setDataCad" crap="1" count="1"/>
        <line num="547" type="stmt" count="1"/>
        <line num="548" type="stmt" count="1"/>
        <line num="550" type="method" name="getOperacao" crap="1" count="1"/>
        <line num="552" type="stmt" count="1"/>
        <line num="555" type="method" name="setOperacao" crap="1" count="1"/>
        <line num="557" type="stmt" count="1"/>
        <line num="558" type="stmt" count="1"/>
        <line num="560" type="method" name="getIdsisRev" crap="2" count="0"/>
        <line num="562" type="stmt" count="0"/>
        <line num="565" type="method" name="setIdsisRev" crap="2" count="0"/>
        <line num="567" type="stmt" count="0"/>
        <line num="568" type="stmt" count="0"/>
        <line num="570" type="method" name="getIdsisCad" crap="2" count="0"/>
        <line num="572" type="stmt" count="0"/>
        <line num="575" type="method" name="setIdsisCad" crap="1" count="1"/>
        <line num="577" type="stmt" count="1"/>
        <line num="578" type="stmt" count="1"/>
        <line num="580" type="method" name="getRefCodSistema" crap="2" count="0"/>
        <line num="582" type="stmt" count="0"/>
        <line num="585" type="method" name="setRefCodSistema" crap="2" count="0"/>
        <line num="587" type="stmt" count="0"/>
        <line num="588" type="stmt" count="0"/>
        <line num="590" type="method" name="getCpf" crap="2" count="0"/>
        <line num="592" type="stmt" count="0"/>
        <line num="595" type="method" name="setCpf" crap="1" count="1"/>
        <line num="597" type="stmt" count="1"/>
        <line num="598" type="stmt" count="1"/>
        <line num="600" type="method" name="getIdpesMae" crap="2" count="0"/>
        <line num="602" type="stmt" count="0"/>
        <line num="605" type="method" name="setIdpesMae" crap="2" count="0"/>
        <line num="607" type="stmt" count="0"/>
        <line num="608" type="stmt" count="0"/>
        <line num="610" type="method" name="getIdpesPai" crap="2" count="0"/>
        <line num="612" type="stmt" count="0"/>
        <line num="615" type="method" name="setIdpesPai" crap="2" count="0"/>
        <line num="617" type="stmt" count="0"/>
        <line num="618" type="stmt" count="0"/>
        <line num="620" type="method" name="getIdpesResponsavel" crap="2" count="0"/>
        <line num="622" type="stmt" count="0"/>
        <line num="625" type="method" name="setIdpesResponsavel" crap="2" count="0"/>
        <line num="627" type="stmt" count="0"/>
        <line num="628" type="stmt" count="0"/>
        <line num="630" type="method" name="getIdmunNascimento" crap="2" count="0"/>
        <line num="632" type="stmt" count="0"/>
        <line num="635" type="method" name="setIdmunNascimento" crap="2" count="0"/>
        <line num="637" type="stmt" count="0"/>
        <line num="638" type="stmt" count="0"/>
        <line num="640" type="method" name="getIdpaisEstrangeiro" crap="2" count="0"/>
        <line num="642" type="stmt" count="0"/>
        <line num="645" type="method" name="setIdpaisEstrangeiro" crap="2" count="0"/>
        <line num="647" type="stmt" count="0"/>
        <line num="648" type="stmt" count="0"/>
        <line num="650" type="method" name="getIdesco" crap="2" count="0"/>
        <line num="652" type="stmt" count="0"/>
        <line num="655" type="method" name="setIdesco" crap="2" count="0"/>
        <line num="657" type="stmt" count="0"/>
        <line num="658" type="stmt" count="0"/>
        <line num="660" type="method" name="getIdeciv" crap="2" count="0"/>
        <line num="662" type="stmt" count="0"/>
        <line num="665" type="method" name="setIdeciv" crap="2" count="0"/>
        <line num="667" type="stmt" count="0"/>
        <line num="668" type="stmt" count="0"/>
        <line num="670" type="method" name="getIdpesCon" crap="2" count="0"/>
        <line num="672" type="stmt" count="0"/>
        <line num="675" type="method" name="setIdpesCon" crap="2" count="0"/>
        <line num="677" type="stmt" count="0"/>
        <line num="678" type="stmt" count="0"/>
        <line num="680" type="method" name="getIdocup" crap="2" count="0"/>
        <line num="682" type="stmt" count="0"/>
        <line num="685" type="method" name="setIdocup" crap="2" count="0"/>
        <line num="687" type="stmt" count="0"/>
        <line num="688" type="stmt" count="0"/>
        <line num="690" type="method" name="getIdpesRev" crap="2" count="0"/>
        <line num="692" type="stmt" count="0"/>
        <line num="695" type="method" name="setIdpesRev" crap="2" count="0"/>
        <line num="697" type="stmt" count="0"/>
        <line num="698" type="stmt" count="0"/>
        <line num="700" type="method" name="getIdpesCad" crap="2" count="0"/>
        <line num="702" type="stmt" count="0"/>
        <line num="705" type="method" name="setIdpesCad" crap="2" count="0"/>
        <line num="707" type="stmt" count="0"/>
        <line num="708" type="stmt" count="0"/>
        <line num="710" type="method" name="getRefCodReligiao" crap="2" count="0"/>
        <line num="712" type="stmt" count="0"/>
        <line num="715" type="method" name="setRefCodReligiao" crap="2" count="0"/>
        <line num="717" type="stmt" count="0"/>
        <line num="718" type="stmt" count="0"/>
        <line num="720" type="method" name="getRaca" crap="2" count="0"/>
        <line num="722" type="stmt" count="0"/>
        <line num="725" type="method" name="setRaca" crap="2" count="0"/>
        <line num="727" type="stmt" count="0"/>
        <line num="728" type="stmt" count="0"/>
        <line num="730" type="method" name="getFoto" crap="2" count="0"/>
        <line num="732" type="stmt" count="0"/>
        <line num="735" type="method" name="setFoto" crap="2" count="0"/>
        <line num="737" type="stmt" count="0"/>
        <line num="738" type="stmt" count="0"/>
        <line num="740" type="method" name="getEstadoCivil" crap="2" count="0"/>
        <line num="742" type="stmt" count="0"/>
        <line num="745" type="method" name="setEstadoCivil" crap="1" count="1"/>
        <line num="747" type="stmt" count="1"/>
        <line num="748" type="stmt" count="1"/>
        <line num="750" type="method" name="setData" crap="1806" count="0"/>
        <line num="752" type="stmt" count="0"/>
        <line num="754" type="stmt" count="0"/>
        <line num="755" type="stmt" count="0"/>
        <line num="757" type="stmt" count="0"/>
        <line num="758" type="stmt" count="0"/>
        <line num="760" type="stmt" count="0"/>
        <line num="761" type="stmt" count="0"/>
        <line num="763" type="stmt" count="0"/>
        <line num="764" type="stmt" count="0"/>
        <line num="766" type="stmt" count="0"/>
        <line num="768" type="stmt" count="0"/>
        <line num="769" type="stmt" count="0"/>
        <line num="771" type="stmt" count="0"/>
        <line num="772" type="stmt" count="0"/>
        <line num="774" type="stmt" count="0"/>
        <line num="775" type="stmt" count="0"/>
        <line num="777" type="stmt" count="0"/>
        <line num="778" type="stmt" count="0"/>
        <line num="780" type="stmt" count="0"/>
        <line num="781" type="stmt" count="0"/>
        <line num="783" type="stmt" count="0"/>
        <line num="784" type="stmt" count="0"/>
        <line num="786" type="stmt" count="0"/>
        <line num="787" type="stmt" count="0"/>
        <line num="793" type="stmt" count="0"/>
        <line num="795" type="stmt" count="0"/>
        <line num="797" type="stmt" count="0"/>
        <line num="799" type="stmt" count="0"/>
        <line num="800" type="stmt" count="0"/>
        <line num="802" type="stmt" count="0"/>
        <line num="803" type="stmt" count="0"/>
        <line num="804" type="stmt" count="0"/>
        <line num="805" type="stmt" count="0"/>
        <line num="806" type="stmt" count="0"/>
        <line num="807" type="stmt" count="0"/>
        <line num="808" type="stmt" count="0"/>
        <line num="809" type="stmt" count="0"/>
        <line num="810" type="stmt" count="0"/>
        <line num="811" type="stmt" count="0"/>
        <line num="812" type="stmt" count="0"/>
        <line num="813" type="stmt" count="0"/>
        <line num="815" type="stmt" count="0"/>
        <line num="829" type="method" name="getInputFilter" crap="2" count="1"/>
        <line num="831" type="stmt" count="1"/>
        <line num="832" type="stmt" count="1"/>
        <line num="833" type="stmt" count="1"/>
        <line num="835" type="stmt" count="1"/>
        <line num="836" type="stmt" count="1"/>
        <line num="837" type="stmt" count="1"/>
        <line num="839" type="stmt" count="1"/>
        <line num="840" type="stmt" count="1"/>
        <line num="841" type="stmt" count="1"/>
        <line num="843" type="stmt" count="1"/>
        <line num="844" type="stmt" count="1"/>
        <line num="846" type="stmt" count="1"/>
        <line num="848" type="stmt" count="1"/>
        <line num="849" type="stmt" count="1"/>
        <line num="850" type="stmt" count="1"/>
        <line num="852" type="stmt" count="1"/>
        <line num="853" type="stmt" count="1"/>
        <line num="854" type="stmt" count="1"/>
        <line num="857" type="stmt" count="1"/>
        <line num="859" type="stmt" count="1"/>
        <line num="860" type="stmt" count="1"/>
        <line num="861" type="stmt" count="1"/>
        <line num="862" type="stmt" count="1"/>
        <line num="863" type="stmt" count="1"/>
        <line num="864" type="stmt" count="1"/>
        <line num="865" type="stmt" count="1"/>
        <line num="867" type="stmt" count="1"/>
        <line num="868" type="stmt" count="1"/>
        <line num="869" type="stmt" count="1"/>
        <line num="871" type="stmt" count="1"/>
        <line num="872" type="stmt" count="1"/>
        <line num="873" type="stmt" count="1"/>
        <line num="898" type="stmt" count="1"/>
        <line num="899" type="stmt" count="1"/>
        <line num="900" type="stmt" count="1"/>
        <line num="902" type="stmt" count="1"/>
        <line num="903" type="stmt" count="1"/>
        <line num="904" type="stmt" count="1"/>
        <line num="906" type="stmt" count="1"/>
        <line num="907" type="stmt" count="1"/>
        <line num="908" type="stmt" count="1"/>
        <line num="909" type="stmt" count="1"/>
        <line num="910" type="stmt" count="1"/>
        <line num="913" type="stmt" count="1"/>
        <line num="914" type="stmt" count="1"/>
        <line num="916" type="stmt" count="1"/>
        <line num="917" type="stmt" count="1"/>
        <line num="918" type="stmt" count="1"/>
        <line num="919" type="stmt" count="1"/>
        <line num="920" type="stmt" count="1"/>
        <line num="921" type="stmt" count="1"/>
        <line num="922" type="stmt" count="1"/>
        <line num="924" type="stmt" count="1"/>
[...]
        <line num="666" type="stmt" count="0"/>
        <line num="668" type="stmt" count="0"/>
        <line num="669" type="stmt" count="0"/>
        <line num="670" type="stmt" count="0"/>
        <line num="671" type="stmt" count="0"/>
        <line num="672" type="stmt" count="0"/>
        <line num="673" type="stmt" count="0"/>
        <line num="674" type="stmt" count="0"/>
        <line num="675" type="stmt" count="0"/>
        <line num="676" type="stmt" count="0"/>
        <line num="677" type="stmt" count="0"/>
        <line num="678" type="stmt" count="0"/>
        <line num="680" type="stmt" count="0"/>
        <line num="681" type="stmt" count="0"/>
        <line num="682" type="stmt" count="0"/>
        <line num="683" type="stmt" count="0"/>
        <line num="684" type="stmt" count="0"/>
        <line num="685" type="stmt" count="0"/>
        <line num="686" type="stmt" count="0"/>
        <line num="687" type="stmt" count="0"/>
        <line num="688" type="stmt" count="0"/>
        <line num="689" type="stmt" count="0"/>
        <line num="690" type="stmt" count="0"/>
        <line num="692" type="stmt" count="0"/>
        <line num="693" type="stmt" count="0"/>
        <line num="694" type="stmt" count="0"/>
        <line num="695" type="stmt" count="0"/>
        <line num="696" type="stmt" count="0"/>
        <line num="697" type="stmt" count="0"/>
        <line num="698" type="stmt" count="0"/>
        <line num="699" type="stmt" count="0"/>
        <line num="700" type="stmt" count="0"/>
        <line num="701" type="stmt" count="0"/>
        <line num="702" type="stmt" count="0"/>
        <line num="704" type="stmt" count="0"/>
        <line num="705" type="stmt" count="0"/>
        <line num="706" type="stmt" count="0"/>
        <line num="707" type="stmt" count="0"/>
        <line num="708" type="stmt" count="0"/>
        <line num="709" type="stmt" count="0"/>
        <line num="710" type="stmt" count="0"/>
        <line num="711" type="stmt" count="0"/>
        <line num="712" type="stmt" count="0"/>
        <line num="713" type="stmt" count="0"/>
        <line num="714" type="stmt" count="0"/>
        <line num="716" type="stmt" count="0"/>
        <line num="717" type="stmt" count="0"/>
        <line num="718" type="stmt" count="0"/>
        <line num="719" type="stmt" count="0"/>
        <line num="720" type="stmt" count="0"/>
        <line num="721" type="stmt" count="0"/>
        <line num="722" type="stmt" count="0"/>
        <line num="723" type="stmt" count="0"/>
        <line num="724" type="stmt" count="0"/>
        <line num="725" type="stmt" count="0"/>
        <line num="726" type="stmt" count="0"/>
        <line num="728" type="stmt" count="0"/>
        <line num="729" type="stmt" count="0"/>
        <line num="730" type="stmt" count="0"/>
        <line num="731" type="stmt" count="0"/>
        <line num="732" type="stmt" count="0"/>
        <line num="733" type="stmt" count="0"/>
        <line num="734" type="stmt" count="0"/>
        <line num="735" type="stmt" count="0"/>
        <line num="736" type="stmt" count="0"/>
        <line num="737" type="stmt" count="0"/>
        <line num="738" type="stmt" count="0"/>
        <line num="740" type="stmt" count="0"/>
        <line num="741" type="stmt" count="0"/>
        <line num="742" type="stmt" count="0"/>
        <line num="743" type="stmt" count="0"/>
        <line num="744" type="stmt" count="0"/>
        <line num="745" type="stmt" count="0"/>
        <line num="746" type="stmt" count="0"/>
        <line num="747" type="stmt" count="0"/>
        <line num="748" type="stmt" count="0"/>
        <line num="749" type="stmt" count="0"/>
        <line num="751" type="stmt" count="0"/>
        <line num="752" type="stmt" count="0"/>
        <line num="753" type="stmt" count="0"/>
        <line num="754" type="stmt" count="0"/>
        <line num="755" type="stmt" count="0"/>
        <line num="756" type="stmt" count="0"/>
        <line num="757" type="stmt" count="0"/>
        <line num="758" type="stmt" count="0"/>
        <line num="759" type="stmt" count="0"/>
        <line num="760" type="stmt" count="0"/>
        <metrics loc="760" ncloc="382" classes="1" methods="2" coveredmethods="0" conditionals="0" coveredconditionals="0" statements="490" coveredstatements="0" elements="492" coveredelements="0"/>
      </file>
      <file name="/var/www/module/Usuario/src/Usuario/Form/Juridica.php">
        <class name="Juridica" namespace="Usuario\Form">
          <metrics methods="1" coveredmethods="0" conditionals="0" coveredconditionals="0" statements="81" coveredstatements="0" elements="82" coveredelements="0"/>
        </class>
        <line num="8" type="method" name="__construct" crap="2" count="0"/>
        <line num="9" type="stmt" count="0"/>
        <line num="10" type="stmt" count="0"/>
        <line num="11" type="stmt" count="0"/>
        <line num="12" type="stmt" count="0"/>
        <line num="14" type="stmt" count="0"/>
        <line num="15" type="stmt" count="0"/>
        <line num="16" type="stmt" count="0"/>
        <line num="17" type="stmt" count="0"/>
        <line num="18" type="stmt" count="0"/>
        <line num="19" type="stmt" count="0"/>
        <line num="21" type="stmt" count="0"/>
        <line num="22" type="stmt" count="0"/>
        <line num="23" type="stmt" count="0"/>
        <line num="24" type="stmt" count="0"/>
        <line num="25" type="stmt" count="0"/>
        <line num="26" type="stmt" count="0"/>
        <line num="27" type="stmt" count="0"/>
        <line num="28" type="stmt" count="0"/>
        <line num="29" type="stmt" count="0"/>
        <line num="31" type="stmt" count="0"/>
        <line num="32" type="stmt" count="0"/>
        <line num="33" type="stmt" count="0"/>
        <line num="34" type="stmt" count="0"/>
        <line num="35" type="stmt" count="0"/>
        <line num="36" type="stmt" count="0"/>
        <line num="37" type="stmt" count="0"/>
        <line num="38" type="stmt" count="0"/>
        <line num="39" type="stmt" count="0"/>
        <line num="40" type="stmt" count="0"/>
        <line num="41" type="stmt" count="0"/>
        <line num="42" type="stmt" count="0"/>
        <line num="43" type="stmt" count="0"/>
        <line num="44" type="stmt" count="0"/>
        <line num="45" type="stmt" count="0"/>
        <line num="46" type="stmt" count="0"/>
        <line num="47" type="stmt" count="0"/>
        <line num="49" type="stmt" count="0"/>
        <line num="50" type="stmt" count="0"/>
        <line num="51" type="stmt" count="0"/>
        <line num="52" type="stmt" count="0"/>
        <line num="53" type="stmt" count="0"/>
        <line num="54" type="stmt" count="0"/>
        <line num="55" type="stmt" count="0"/>
        <line num="56" type="stmt" count="0"/>
        <line num="57" type="stmt" count="0"/>
        <line num="59" type="stmt" count="0"/>
        <line num="60" type="stmt" count="0"/>
        <line num="61" type="stmt" count="0"/>
        <line num="62" type="stmt" count="0"/>
        <line num="63" type="stmt" count="0"/>
        <line num="64" type="stmt" count="0"/>
        <line num="65" type="stmt" count="0"/>
        <line num="66" type="stmt" count="0"/>
        <line num="67" type="stmt" count="0"/>
        <line num="69" type="stmt" count="0"/>
        <line num="70" type="stmt" count="0"/>
        <line num="71" type="stmt" count="0"/>
        <line num="72" type="stmt" count="0"/>
        <line num="73" type="stmt" count="0"/>
        <line num="74" type="stmt" count="0"/>
        <line num="75" type="stmt" count="0"/>
        <line num="76" type="stmt" count="0"/>
        <line num="77" type="stmt" count="0"/>
        <line num="79" type="stmt" count="0"/>
        <line num="80" type="stmt" count="0"/>
        <line num="81" type="stmt" count="0"/>
        <line num="82" type="stmt" count="0"/>
        <line num="83" type="stmt" count="0"/>
        <line num="84" type="stmt" count="0"/>
        <line num="85" type="stmt" count="0"/>
        <line num="86" type="stmt" count="0"/>
        <line num="87" type="stmt" count="0"/>
        <line num="89" type="stmt" count="0"/>
        <line num="90" type="stmt" count="0"/>
        <line num="91" type="stmt" count="0"/>
        <line num="92" type="stmt" count="0"/>
        <line num="93" type="stmt" count="0"/>
        <line num="94" type="stmt" count="0"/>
        <line num="95" type="stmt" count="0"/>
        <line num="96" type="stmt" count="0"/>
        <line num="98" type="stmt" count="0"/>
        <metrics loc="98" ncloc="98" classes="1" methods="1" coveredmethods="0" conditionals="0" coveredconditionals="0" statements="81" coveredstatements="0" elements="82" coveredelements="0"/>
      </file>
      <file name="/var/www/module/Usuario/src/Usuario/Form/Ocupacao.php">
        <class name="Ocupacao" namespace="Usuario\Form">
          <metrics methods="1" coveredmethods="0" conditionals="0" coveredconditionals="0" statements="28" coveredstatements="0" elements="29" coveredelements="0"/>
        </class>
        <line num="8" type="method" name="__construct" crap="2" count="0"/>
        <line num="9" type="stmt" count="0"/>
        <line num="10" type="stmt" count="0"/>
        <line num="11" type="stmt" count="0"/>
        <line num="12" type="stmt" count="0"/>
        <line num="14" type="stmt" count="0"/>
        <line num="15" type="stmt" count="0"/>
        <line num="16" type="stmt" count="0"/>
        <line num="17" type="stmt" count="0"/>
        <line num="18" type="stmt" count="0"/>
        <line num="19" type="stmt" count="0"/>
        <line num="21" type="stmt" count="0"/>
        <line num="22" type="stmt" count="0"/>
        <line num="23" type="stmt" count="0"/>
        <line num="24" type="stmt" count="0"/>
        <line num="25" type="stmt" count="0"/>
        <line num="26" type="stmt" count="0"/>
        <line num="27" type="stmt" count="0"/>
        <line num="28" type="stmt" count="0"/>
        <line num="29" type="stmt" count="0"/>
        <line num="31" type="stmt" count="0"/>
        <line num="32" type="stmt" count="0"/>
        <line num="33" type="stmt" count="0"/>
        <line num="34" type="stmt" count="0"/>
        <line num="35" type="stmt" count="0"/>
        <line num="36" type="stmt" count="0"/>
        <line num="37" type="stmt" count="0"/>
        <line num="38" type="stmt" count="0"/>
        <line num="40" type="stmt" count="0"/>
        <metrics loc="40" ncloc="40" classes="1" methods="1" coveredmethods="0" conditionals="0" coveredconditionals="0" statements="28" coveredstatements="0" elements="29" coveredelements="0"/>
      </file>
      <file name="/var/www/module/Usuario/src/Usuario/Form/Pessoa.php">
        <class name="Pessoa" namespace="Usuario\Form">
          <metrics methods="1" coveredmethods="0" conditionals="0" coveredconditionals="0" statements="79" coveredstatements="0" elements="80" coveredelements="0"/>
        </class>
        <line num="8" type="method" name="__construct" crap="2" count="0"/>
        <line num="9" type="stmt" count="0"/>
        <line num="10" type="stmt" count="0"/>
        <line num="11" type="stmt" count="0"/>
        <line num="12" type="stmt" count="0"/>
        <line num="14" type="stmt" count="0"/>
        <line num="15" type="stmt" count="0"/>
        <line num="16" type="stmt" count="0"/>
        <line num="17" type="stmt" count="0"/>
        <line num="18" type="stmt" count="0"/>
        <line num="19" type="stmt" count="0"/>
        <line num="21" type="stmt" count="0"/>
        <line num="22" type="stmt" count="0"/>
        <line num="23" type="stmt" count="0"/>
        <line num="24" type="stmt" count="0"/>
        <line num="25" type="stmt" count="0"/>
        <line num="26" type="stmt" count="0"/>
        <line num="27" type="stmt" count="0"/>
        <line num="28" type="stmt" count="0"/>
        <line num="29" type="stmt" count="0"/>
        <line num="31" type="stmt" count="0"/>
        <line num="32" type="stmt" count="0"/>
        <line num="33" type="stmt" count="0"/>
        <line num="34" type="stmt" count="0"/>
        <line num="35" type="stmt" count="0"/>
        <line num="36" type="stmt" count="0"/>
        <line num="37" type="stmt" count="0"/>
        <line num="38" type="stmt" count="0"/>
        <line num="39" type="stmt" count="0"/>
        <line num="41" type="stmt" count="0"/>
        <line num="42" type="stmt" count="0"/>
        <line num="43" type="stmt" count="0"/>
        <line num="44" type="stmt" count="0"/>
        <line num="45" type="stmt" count="0"/>
        <line num="46" type="stmt" count="0"/>
        <line num="47" type="stmt" count="0"/>
        <line num="48" type="stmt" count="0"/>
        <line num="49" type="stmt" count="0"/>
        <line num="50" type="stmt" count="0"/>
        <line num="51" type="stmt" count="0"/>
        <line num="52" type="stmt" count="0"/>
        <line num="53" type="stmt" count="0"/>
        <line num="54" type="stmt" count="0"/>
        <line num="55" type="stmt" count="0"/>
        <line num="56" type="stmt" count="0"/>
        <line num="58" type="stmt" count="0"/>
        <line num="59" type="stmt" count="0"/>
        <line num="60" type="stmt" count="0"/>
        <line num="61" type="stmt" count="0"/>
        <line num="62" type="stmt" count="0"/>
        <line num="63" type="stmt" count="0"/>
        <line num="64" type="stmt" count="0"/>
        <line num="65" type="stmt" count="0"/>
        <line num="66" type="stmt" count="0"/>
        <line num="68" type="stmt" count="0"/>
        <line num="69" type="stmt" count="0"/>
        <line num="70" type="stmt" count="0"/>
        <line num="71" type="stmt" count="0"/>
        <line num="72" type="stmt" count="0"/>
        <line num="73" type="stmt" count="0"/>
        <line num="74" type="stmt" count="0"/>
        <line num="75" type="stmt" count="0"/>
        <line num="76" type="stmt" count="0"/>
        <line num="77" type="stmt" count="0"/>
        <line num="78" type="stmt" count="0"/>
        <line num="79" type="stmt" count="0"/>
        <line num="80" type="stmt" count="0"/>
        <line num="81" type="stmt" count="0"/>
        <line num="82" type="stmt" count="0"/>
        <line num="83" type="stmt" count="0"/>
        <line num="84" type="stmt" count="0"/>
        <line num="86" type="stmt" count="0"/>
        <line num="87" type="stmt" count="0"/>
        <line num="88" type="stmt" count="0"/>
        <line num="89" type="stmt" count="0"/>
        <line num="90" type="stmt" count="0"/>
        <line num="91" type="stmt" count="0"/>
        <line num="92" type="stmt" count="0"/>
        <line num="93" type="stmt" count="0"/>
        <line num="94" type="stmt" count="0"/>
        <metrics loc="94" ncloc="94" classes="1" methods="1" coveredmethods="0" conditionals="0" coveredconditionals="0" statements="79" coveredstatements="0" elements="80" coveredelements="0"/>
      </file>
      <file name="/var/www/module/Usuario/src/Usuario/Form/Raca.php">
        <class name="Raca" namespace="Usuario\Form">
          <metrics methods="1" coveredmethods="0" conditionals="0" coveredconditionals="0" statements="31" coveredstatements="0" elements="32" coveredelements="0"/>
        </class>
        <line num="8" type="method" name="__construct" crap="2" count="0"/>
        <line num="9" type="stmt" count="0"/>
        <line num="10" type="stmt" count="0"/>
        <line num="11" type="stmt" count="0"/>
        <line num="12" type="stmt" count="0"/>
        <line num="14" type="stmt" count="0"/>
        <line num="15" type="stmt" count="0"/>
        <line num="16" type="stmt" count="0"/>
        <line num="17" type="stmt" count="0"/>
        <line num="18" type="stmt" count="0"/>
        <line num="19" type="stmt" count="0"/>
        <line num="21" type="stmt" count="0"/>
        <line num="22" type="stmt" count="0"/>
        <line num="23" type="stmt" count="0"/>
        <line num="24" type="stmt" count="0"/>
        <line num="25" type="stmt" count="0"/>
        <line num="26" type="stmt" count="0"/>
        <line num="27" type="stmt" count="0"/>
        <line num="28" type="stmt" count="0"/>
        <line num="29" type="stmt" count="0"/>
        <line num="30" type="stmt" count="0"/>
        <line num="31" type="stmt" count="0"/>
        <line num="33" type="stmt" count="0"/>
        <line num="34" type="stmt" count="0"/>
        <line num="35" type="stmt" count="0"/>
        <line num="36" type="stmt" count="0"/>
        <line num="37" type="stmt" count="0"/>
        <line num="38" type="stmt" count="0"/>
        <line num="39" type="stmt" count="0"/>
        <line num="40" type="stmt" count="0"/>
        <line num="41" type="stmt" count="0"/>
        <line num="43" type="stmt" count="0"/>
        <metrics loc="43" ncloc="43" classes="1" methods="1" coveredmethods="0" conditionals="0" coveredconditionals="0" statements="31" coveredstatements="0" elements="32" coveredelements="0"/>
      </file>
      <file name="/var/www/module/Usuario/src/Usuario/Form/Religiao.php">
        <class name="Religiao" namespace="Usuario\Form">
          <metrics methods="1" coveredmethods="0" conditionals="0" coveredconditionals="0" statements="44" coveredstatements="0" elements="45" coveredelements="0"/>
        </class>
        <line num="8" type="method" name="__construct" crap="2" count="0"/>
        <line num="9" type="stmt" count="0"/>
        <line num="10" type="stmt" count="0"/>
        <line num="11" type="stmt" count="0"/>
        <line num="12" type="stmt" count="0"/>
        <line num="14" type="stmt" count="0"/>
        <line num="15" type="stmt" count="0"/>
        <line num="16" type="stmt" count="0"/>
        <line num="17" type="stmt" count="0"/>
        <line num="18" type="stmt" count="0"/>
        <line num="19" type="stmt" count="0"/>
        <line num="21" type="stmt" count="0"/>
        <line num="22" type="stmt" count="0"/>
        <line num="23" type="stmt" count="0"/>
        <line num="24" type="stmt" count="0"/>
        <line num="25" type="stmt" count="0"/>
        <line num="26" type="stmt" count="0"/>
        <line num="27" type="stmt" count="0"/>
        <line num="28" type="stmt" count="0"/>
        <line num="29" type="stmt" count="0"/>
        <line num="31" type="stmt" count="0"/>
        <line num="32" type="stmt" count="0"/>
        <line num="33" type="stmt" count="0"/>
        <line num="34" type="stmt" count="0"/>
        <line num="35" type="stmt" count="0"/>
        <line num="36" type="stmt" count="0"/>
        <line num="37" type="stmt" count="0"/>
        <line num="38" type="stmt" count="0"/>
        <line num="39" type="stmt" count="0"/>
        <line num="40" type="stmt" count="0"/>
        <line num="41" type="stmt" count="0"/>
        <line num="42" type="stmt" count="0"/>
        <line num="43" type="stmt" count="0"/>
        <line num="44" type="stmt" count="0"/>
        <line num="45" type="stmt" count="0"/>
        <line num="46" type="stmt" count="0"/>
        <line num="48" type="stmt" count="0"/>
        <line num="49" type="stmt" count="0"/>
        <line num="50" type="stmt" count="0"/>
        <line num="51" type="stmt" count="0"/>
        <line num="52" type="stmt" count="0"/>
        <line num="53" type="stmt" count="0"/>
        <line num="54" type="stmt" count="0"/>
        <line num="55" type="stmt" count="0"/>
        <line num="57" type="stmt" count="0"/>
        <metrics loc="57" ncloc="57" classes="1" methods="1" coveredmethods="0" conditionals="0" coveredconditionals="0" statements="44" coveredstatements="0" elements="45" coveredelements="0"/>
      </file>
    </package>
    <metrics files="32" loc="7304" ncloc="5031" classes="31" methods="274" coveredmethods="31" conditionals="0" coveredconditionals="0" statements="3300" coveredstatements="517" elements="3574" coveredelements="548"/>
  </project>
</coverage>
