<?xml version="1.0" encoding="ISO-8859-1"?>
<coverage generated="1408571908">
  <project timestamp="1408571908">
    <package name="Usuario">
      <file name="/Users/eduardojunior/projetos/ieducar2/www/module/Usuario/Module.php">
        <class name="Module" namespace="Usuario">
          <metrics methods="3" coveredmethods="2" conditionals="0" coveredconditionals="0" statements="9" coveredstatements="5" elements="12" coveredelements="7"/>
        </class>
        <line num="17" type="method" name="onBootstrap" crap="2" count="0"/>
        <line num="19" type="stmt" count="0"/>
        <line num="20" type="stmt" count="0"/>
        <line num="21" type="stmt" count="0"/>
        <line num="22" type="stmt" count="0"/>
        <line num="24" type="method" name="getConfig" crap="1" count="129"/>
        <line num="26" type="stmt" count="129"/>
        <line num="29" type="method" name="getAutoloaderConfig" crap="1" count="129"/>
        <line num="34" type="stmt" count="129"/>
        <line num="35" type="stmt" count="129"/>
        <line num="36" type="stmt" count="129"/>
        <line num="37" type="stmt" count="129"/>
        <metrics loc="40" ncloc="33" classes="1" methods="3" coveredmethods="2" conditionals="0" coveredconditionals="0" statements="9" coveredstatements="5" elements="12" coveredelements="7"/>
      </file>
    </package>
    <file name="/Users/eduardojunior/projetos/ieducar2/www/module/Usuario/config/module.config.php">
      <line num="16" type="stmt" count="129"/>
      <line num="18" type="stmt" count="129"/>
      <line num="20" type="stmt" count="129"/>
      <line num="21" type="stmt" count="129"/>
      <line num="22" type="stmt" count="129"/>
      <line num="23" type="stmt" count="129"/>
      <line num="24" type="stmt" count="129"/>
      <line num="25" type="stmt" count="129"/>
      <line num="28" type="stmt" count="129"/>
      <line num="30" type="stmt" count="129"/>
      <line num="32" type="stmt" count="129"/>
      <line num="33" type="stmt" count="129"/>
      <line num="34" type="stmt" count="129"/>
      <line num="36" type="stmt" count="129"/>
      <line num="37" type="stmt" count="129"/>
      <line num="41" type="stmt" count="129"/>
      <line num="42" type="stmt" count="129"/>
      <line num="43" type="stmt" count="129"/>
      <line num="44" type="stmt" count="129"/>
      <line num="45" type="stmt" count="129"/>
      <line num="46" type="stmt" count="129"/>
      <line num="47" type="stmt" count="129"/>
      <line num="50" type="stmt" count="129"/>
      <line num="51" type="stmt" count="129"/>
      <line num="52" type="stmt" count="129"/>
      <line num="54" type="stmt" count="129"/>
      <line num="55" type="stmt" count="129"/>
      <line num="56" type="stmt" count="129"/>
      <line num="58" type="stmt" count="129"/>
      <line num="61" type="stmt" count="129"/>
      <line num="62" type="stmt" count="129"/>
      <line num="63" type="stmt" count="129"/>
      <line num="64" type="stmt" count="129"/>
      <line num="65" type="stmt" count="129"/>
      <line num="66" type="stmt" count="129"/>
      <line num="69" type="stmt" count="129"/>
      <line num="70" type="stmt" count="129"/>
      <line num="71" type="stmt" count="129"/>
      <line num="72" type="stmt" count="129"/>
      <line num="73" type="stmt" count="129"/>
      <line num="74" type="stmt" count="129"/>
      <line num="75" type="stmt" count="129"/>
      <line num="76" type="stmt" count="129"/>
      <line num="77" type="stmt" count="129"/>
      <line num="78" type="stmt" count="129"/>
      <line num="80" type="stmt" count="129"/>
      <line num="81" type="stmt" count="129"/>
      <line num="82" type="stmt" count="129"/>
      <line num="83" type="stmt" count="129"/>
      <line num="84" type="stmt" count="129"/>
      <line num="86" type="stmt" count="129"/>
      <line num="87" type="stmt" count="129"/>
      <line num="88" type="stmt" count="129"/>
      <line num="89" type="stmt" count="129"/>
      <line num="90" type="stmt" count="129"/>
      <line num="92" type="stmt" count="129"/>
      <line num="93" type="stmt" count="129"/>
      <line num="94" type="stmt" count="129"/>
      <line num="99" type="stmt" count="129"/>
      <line num="100" type="stmt" count="129"/>
      <line num="101" type="stmt" count="129"/>
      <line num="104" type="stmt" count="129"/>
      <line num="105" type="stmt" count="129"/>
      <line num="106" type="stmt" count="129"/>
      <line num="107" type="stmt" count="129"/>
      <line num="108" type="stmt" count="129"/>
      <line num="111" type="stmt" count="129"/>
      <line num="112" type="stmt" count="129"/>
      <line num="113" type="stmt" count="129"/>
      <line num="114" type="stmt" count="129"/>
      <line num="119" type="stmt" count="129"/>
      <line num="120" type="stmt" count="129"/>
      <line num="121" type="stmt" count="129"/>
      <line num="122" type="stmt" count="129"/>
      <line num="123" type="stmt" count="129"/>
      <metrics loc="123" ncloc="114" classes="0" methods="0" coveredmethods="0" conditionals="0" coveredconditionals="0" statements="75" coveredstatements="75" elements="75" coveredelements="75"/>
    </file>
    <package name="Usuario\Controller">
      <file name="/Users/eduardojunior/projetos/ieducar2/www/module/Usuario/src/Usuario/Controller/EscolaridadeController.php">
        <class name="EscolaridadeController" namespace="Usuario\Controller" fullPackage="Controller" category="Usuario" package="Controller">
          <metrics methods="5" coveredmethods="4" conditionals="0" coveredconditionals="0" statements="44" coveredstatements="42" elements="49" coveredelements="46"/>
        </class>
        <line num="25" type="method" name="setEntityManager" crap="2" count="0"/>
        <line num="27" type="stmt" count="0"/>
        <line num="28" type="stmt" count="0"/>
        <line num="30" type="method" name="getEntityManager" crap="2" count="8"/>
        <line num="32" type="stmt" count="8"/>
        <line num="33" type="stmt" count="8"/>
        <line num="34" type="stmt" count="8"/>
        <line num="35" type="stmt" count="8"/>
        <line num="42" type="method" name="indexAction" crap="1" count="1"/>
        <line num="44" type="stmt" count="1"/>
        <line num="46" type="stmt" count="1"/>
        <line num="48" type="stmt" count="1"/>
        <line num="51" type="method" name="saveAction" crap="5" count="5"/>
        <line num="53" type="stmt" count="5"/>
        <line num="54" type="stmt" count="5"/>
        <line num="55" type="stmt" count="5"/>
        <line num="57" type="stmt" count="5"/>
        <line num="58" type="stmt" count="5"/>
        <line num="59" type="stmt" count="2"/>
        <line num="60" type="stmt" count="2"/>
        <line num="61" type="stmt" count="2"/>
        <line num="62" type="stmt" count="5"/>
        <line num="63" type="stmt" count="5"/>
        <line num="65" type="stmt" count="5"/>
        <line num="67" type="stmt" count="3"/>
        <line num="68" type="stmt" count="3"/>
        <line num="69" type="stmt" count="3"/>
        <line num="73" type="stmt" count="2"/>
        <line num="74" type="stmt" count="2"/>
        <line num="75" type="stmt" count="2"/>
        <line num="79" type="stmt" count="2"/>
        <line num="81" type="stmt" count="1"/>
        <line num="82" type="stmt" count="3"/>
        <line num="83" type="stmt" count="3"/>
        <line num="84" type="stmt" count="1"/>
        <line num="85" type="stmt" count="1"/>
        <line num="86" type="stmt" count="1"/>
        <line num="88" type="stmt" count="3"/>
        <line num="90" type="stmt" count="3"/>
        <line num="97" type="method" name="deleteAction" crap="3" count="3"/>
        <line num="99" type="stmt" count="3"/>
        <line num="100" type="stmt" count="3"/>
        <line num="101" type="stmt" count="3"/>
        <line num="104" type="stmt" count="2"/>
        <line num="105" type="stmt" count="2"/>
        <line num="106" type="stmt" count="1"/>
        <line num="107" type="stmt" count="2"/>
        <line num="108" type="stmt" count="1"/>
        <line num="111" type="stmt" count="1"/>
        <metrics loc="113" ncloc="89" classes="1" methods="5" coveredmethods="4" conditionals="0" coveredconditionals="0" statements="44" coveredstatements="42" elements="49" coveredelements="46"/>
      </file>
      <file name="/Users/eduardojunior/projetos/ieducar2/www/module/Usuario/src/Usuario/Controller/EstadoCivilController.php">
        <class name="EstadoCivilController" namespace="Usuario\Controller" fullPackage="Controller" category="Usuario" package="Controller">
          <metrics methods="5" coveredmethods="4" conditionals="0" coveredconditionals="0" statements="44" coveredstatements="42" elements="49" coveredelements="46"/>
        </class>
        <line num="25" type="method" name="setEntityManager" crap="2" count="0"/>
        <line num="27" type="stmt" count="0"/>
        <line num="28" type="stmt" count="0"/>
        <line num="30" type="method" name="getEntityManager" crap="2" count="8"/>
        <line num="32" type="stmt" count="8"/>
        <line num="33" type="stmt" count="8"/>
        <line num="34" type="stmt" count="8"/>
        <line num="35" type="stmt" count="8"/>
        <line num="42" type="method" name="indexAction" crap="1" count="1"/>
        <line num="44" type="stmt" count="1"/>
        <line num="46" type="stmt" count="1"/>
        <line num="48" type="stmt" count="1"/>
        <line num="51" type="method" name="saveAction" crap="5" count="5"/>
        <line num="53" type="stmt" count="5"/>
        <line num="54" type="stmt" count="5"/>
        <line num="55" type="stmt" count="5"/>
        <line num="57" type="stmt" count="5"/>
        <line num="58" type="stmt" count="5"/>
        <line num="59" type="stmt" count="2"/>
        <line num="60" type="stmt" count="2"/>
        <line num="61" type="stmt" count="2"/>
        <line num="62" type="stmt" count="5"/>
        <line num="63" type="stmt" count="5"/>
        <line num="65" type="stmt" count="5"/>
        <line num="67" type="stmt" count="3"/>
        <line num="68" type="stmt" count="3"/>
        <line num="69" type="stmt" count="3"/>
        <line num="73" type="stmt" count="2"/>
        <line num="74" type="stmt" count="2"/>
        <line num="75" type="stmt" count="2"/>
        <line num="79" type="stmt" count="2"/>
        <line num="81" type="stmt" count="1"/>
        <line num="82" type="stmt" count="3"/>
        <line num="83" type="stmt" count="3"/>
        <line num="84" type="stmt" count="1"/>
        <line num="85" type="stmt" count="1"/>
        <line num="86" type="stmt" count="1"/>
        <line num="88" type="stmt" count="3"/>
        <line num="90" type="stmt" count="3"/>
        <line num="97" type="method" name="deleteAction" crap="3" count="3"/>
        <line num="99" type="stmt" count="3"/>
        <line num="100" type="stmt" count="3"/>
        <line num="101" type="stmt" count="3"/>
        <line num="104" type="stmt" count="2"/>
        <line num="105" type="stmt" count="2"/>
        <line num="106" type="stmt" count="1"/>
        <line num="107" type="stmt" count="2"/>
        <line num="108" type="stmt" count="1"/>
        <line num="111" type="stmt" count="1"/>
        <metrics loc="113" ncloc="89" classes="1" methods="5" coveredmethods="4" conditionals="0" coveredconditionals="0" statements="44" coveredstatements="42" elements="49" coveredelements="46"/>
      </file>
      <file name="/Users/eduardojunior/projetos/ieducar2/www/module/Usuario/src/Usuario/Controller/FisicaController.php">
        <class name="FisicaController" namespace="Usuario\Controller" fullPackage="Controller" category="Usuario" package="Controller">
          <metrics methods="4" coveredmethods="2" conditionals="0" coveredconditionals="0" statements="93" coveredstatements="74" elements="97" coveredelements="76"/>
        </class>
        <line num="30" type="method" name="indexAction" crap="1" count="1"/>
        <line num="33" type="stmt" count="1"/>
        <line num="35" type="stmt" count="1"/>
        <line num="36" type="stmt" count="1"/>
        <line num="37" type="stmt" count="1"/>
        <line num="39" type="stmt" count="1"/>
        <line num="41" type="stmt" count="1"/>
        <line num="43" type="stmt" count="1"/>
        <line num="49" type="method" name="buscaAction" crap="2" count="0"/>
        <line num="51" type="stmt" count="0"/>
        <line num="52" type="stmt" count="0"/>
        <line num="68" type="stmt" count="0"/>
        <line num="69" type="stmt" count="0"/>
        <line num="70" type="stmt" count="0"/>
        <line num="72" type="stmt" count="0"/>
        <line num="74" type="stmt" count="0"/>
        <line num="75" type="stmt" count="0"/>
        <line num="77" type="stmt" count="0"/>
        <line num="80" type="method" name="saveAction" crap="12.46" count="5"/>
        <line num="82" type="stmt" count="5"/>
        <line num="83" type="stmt" count="5"/>
        <line num="84" type="stmt" count="5"/>
        <line num="86" type="stmt" count="5"/>
        <line num="87" type="stmt" count="5"/>
        <line num="88" type="stmt" count="2"/>
        <line num="89" type="stmt" count="2"/>
        <line num="90" type="stmt" count="2"/>
        <line num="91" type="stmt" count="2"/>
        <line num="92" type="stmt" count="2"/>
        <line num="93" type="stmt" count="0"/>
        <line num="95" type="stmt" count="2"/>
        <line num="96" type="stmt" count="2"/>
        <line num="97" type="stmt" count="5"/>
        <line num="98" type="stmt" count="5"/>
        <line num="100" type="stmt" count="5"/>
        <line num="106" type="stmt" count="3"/>
        <line num="110" type="stmt" count="3"/>
        <line num="111" type="stmt" count="3"/>
        <line num="112" type="stmt" count="3"/>
        <line num="114" type="stmt" count="3"/>
        <line num="115" type="stmt" count="3"/>
        <line num="116" type="stmt" count="3"/>
        <line num="118" type="stmt" count="3"/>
        <line num="123" type="stmt" count="3"/>
        <line num="124" type="stmt" count="3"/>
        <line num="125" type="stmt" count="3"/>
        <line num="126" type="stmt" count="3"/>
        <line num="128" type="stmt" count="3"/>
        <line num="129" type="stmt" count="1"/>
        <line num="130" type="stmt" count="1"/>
        <line num="132" type="stmt" count="1"/>
        <line num="134" type="stmt" count="3"/>
        <line num="135" type="stmt" count="3"/>
        <line num="136" type="stmt" count="3"/>
        <line num="140" type="stmt" count="3"/>
        <line num="144" type="stmt" count="3"/>
        <line num="151" type="stmt" count="2"/>
        <line num="153" type="stmt" count="2"/>
        <line num="154" type="stmt" count="1"/>
        <line num="155" type="stmt" count="1"/>
        <line num="156" type="stmt" count="1"/>
        <line num="157" type="stmt" count="1"/>
        <line num="160" type="stmt" count="2"/>
        <line num="164" type="stmt" count="2"/>
        <line num="166" type="stmt" count="1"/>
        <line num="167" type="stmt" count="1"/>
        <line num="168" type="stmt" count="1"/>
        <line num="169" type="stmt" count="1"/>
        <line num="170" type="stmt" count="1"/>
        <line num="171" type="stmt" count="1"/>
        <line num="172" type="stmt" count="0"/>
        <line num="173" type="stmt" count="0"/>
        <line num="175" type="stmt" count="0"/>
        <line num="176" type="stmt" count="0"/>
        <line num="177" type="stmt" count="0"/>
        <line num="179" type="stmt" count="0"/>
        <line num="182" type="stmt" count="0"/>
        <line num="183" type="stmt" count="0"/>
        <line num="184" type="stmt" count="0"/>
        <line num="186" type="stmt" count="1"/>
        <line num="187" type="stmt" count="3"/>
        <line num="188" type="stmt" count="3"/>
        <line num="189" type="stmt" count="1"/>
        <line num="190" type="stmt" count="1"/>
        <line num="191" type="stmt" count="1"/>
        <line num="193" type="stmt" count="3"/>
        <line num="195" type="stmt" count="3"/>
        <line num="203" type="method" name="deleteAction" crap="3" count="3"/>
        <line num="205" type="stmt" count="3"/>
        <line num="206" type="stmt" count="3"/>
        <line num="207" type="stmt" count="3"/>
        <line num="210" type="stmt" count="2"/>
        <line num="211" type="stmt" count="2"/>
        <line num="212" type="stmt" count="1"/>
        <line num="213" type="stmt" count="2"/>
        <line num="214" type="stmt" count="1"/>
        <line num="217" type="stmt" count="1"/>
        <metrics loc="219" ncloc="167" classes="1" methods="4" coveredmethods="2" conditionals="0" coveredconditionals="0" statements="93" coveredstatements="74" elements="97" coveredelements="76"/>
      </file>
      <file name="/Users/eduardojunior/projetos/ieducar2/www/module/Usuario/src/Usuario/Controller/IndexController.php">
        <class name="IndexController" namespace="Usuario\Controller">
          <metrics methods="4" coveredmethods="0" conditionals="0" coveredconditionals="0" statements="43" coveredstatements="0" elements="47" coveredelements="0"/>
        </class>
        <line num="20" type="method" name="setEntityManager" crap="2" count="0"/>
        <line num="21" type="stmt" count="0"/>
        <line num="22" type="stmt" count="0"/>
        <line num="23" type="stmt" count="0"/>
        <line num="25" type="method" name="getEntityManager" crap="6" count="0"/>
        <line num="26" type="stmt" count="0"/>
        <line num="27" type="stmt" count="0"/>
        <line num="28" type="stmt" count="0"/>
        <line num="29" type="stmt" count="0"/>
        <line num="30" type="stmt" count="0"/>
        <line num="31" type="stmt" count="0"/>
        <line num="33" type="method" name="indexAction" crap="2" count="0"/>
        <line num="34" type="stmt" count="0"/>
        <line num="35" type="stmt" count="0"/>
        <line num="36" type="stmt" count="0"/>
        <line num="37" type="stmt" count="0"/>
        <line num="38" type="stmt" count="0"/>
        <line num="39" type="stmt" count="0"/>
        <line num="40" type="stmt" count="0"/>
        <line num="41" type="stmt" count="0"/>
        <line num="42" type="stmt" count="0"/>
        <line num="43" type="stmt" count="0"/>
        <line num="44" type="stmt" count="0"/>
        <line num="45" type="stmt" count="0"/>
        <line num="48" type="stmt" count="0"/>
        <line num="49" type="stmt" count="0"/>
        <line num="51" type="method" name="deletePessoaHistorico" crap="2" count="0"/>
        <line num="52" type="stmt" count="0"/>
        <line num="55" type="stmt" count="0"/>
        <line num="56" type="stmt" count="0"/>
        <line num="57" type="stmt" count="0"/>
        <line num="58" type="stmt" count="0"/>
        <line num="59" type="stmt" count="0"/>
        <line num="60" type="stmt" count="0"/>
        <line num="61" type="stmt" count="0"/>
        <line num="62" type="stmt" count="0"/>
        <line num="63" type="stmt" count="0"/>
        <line num="64" type="stmt" count="0"/>
        <line num="65" type="stmt" count="0"/>
        <line num="66" type="stmt" count="0"/>
        <line num="67" type="stmt" count="0"/>
        <line num="68" type="stmt" count="0"/>
        <line num="69" type="stmt" count="0"/>
        <line num="73" type="stmt" count="0"/>
        <line num="74" type="stmt" count="0"/>
        <line num="75" type="stmt" count="0"/>
        <line num="78" type="stmt" count="0"/>
        <metrics loc="79" ncloc="56" classes="1" methods="4" coveredmethods="0" conditionals="0" coveredconditionals="0" statements="43" coveredstatements="0" elements="47" coveredelements="0"/>
      </file>
      <file name="/Users/eduardojunior/projetos/ieducar2/www/module/Usuario/src/Usuario/Controller/JuridicaController.php">
        <class name="JuridicaController" namespace="Usuario\Controller" fullPackage="Controller" category="Usuario" package="Controller">
          <metrics methods="5" coveredmethods="4" conditionals="0" coveredconditionals="0" statements="51" coveredstatements="49" elements="56" coveredelements="53"/>
        </class>
        <line num="25" type="method" name="setEntityManager" crap="2" count="0"/>
        <line num="27" type="stmt" count="0"/>
        <line num="28" type="stmt" count="0"/>
        <line num="30" type="method" name="getEntityManager" crap="2" count="8"/>
        <line num="32" type="stmt" count="8"/>
        <line num="33" type="stmt" count="8"/>
        <line num="34" type="stmt" count="8"/>
        <line num="35" type="stmt" count="8"/>
        <line num="42" type="method" name="indexAction" crap="1" count="1"/>
        <line num="44" type="stmt" count="1"/>
        <line num="46" type="stmt" count="1"/>
        <line num="48" type="stmt" count="1"/>
        <line num="51" type="method" name="saveAction" crap="6" count="5"/>
        <line num="53" type="stmt" count="5"/>
        <line num="54" type="stmt" count="5"/>
        <line num="55" type="stmt" count="5"/>
        <line num="57" type="stmt" count="5"/>
        <line num="58" type="stmt" count="5"/>
        <line num="59" type="stmt" count="2"/>
        <line num="60" type="stmt" count="2"/>
        <line num="61" type="stmt" count="2"/>
        <line num="62" type="stmt" count="5"/>
        <line num="63" type="stmt" count="5"/>
        <line num="65" type="stmt" count="5"/>
        <line num="71" type="stmt" count="3"/>
        <line num="75" type="stmt" count="3"/>
        <line num="76" type="stmt" count="3"/>
        <line num="78" type="stmt" count="3"/>
        <line num="79" type="stmt" count="3"/>
        <line num="84" type="stmt" count="3"/>
        <line num="85" type="stmt" count="3"/>
        <line num="86" type="stmt" count="3"/>
        <line num="88" type="stmt" count="3"/>
        <line num="89" type="stmt" count="3"/>
        <line num="93" type="stmt" count="2"/>
        <line num="94" type="stmt" count="2"/>
        <line num="95" type="stmt" count="2"/>
        <line num="99" type="stmt" count="2"/>
        <line num="101" type="stmt" count="1"/>
        <line num="103" type="stmt" count="3"/>
        <line num="104" type="stmt" count="3"/>
        <line num="105" type="stmt" count="1"/>
        <line num="106" type="stmt" count="1"/>
        <line num="107" type="stmt" count="1"/>
        <line num="109" type="stmt" count="3"/>
        <line num="111" type="stmt" count="3"/>
        <line num="119" type="method" name="deleteAction" crap="3" count="3"/>
        <line num="121" type="stmt" count="3"/>
        <line num="122" type="stmt" count="3"/>
        <line num="123" type="stmt" count="3"/>
        <line num="126" type="stmt" count="2"/>
        <line num="127" type="stmt" count="2"/>
        <line num="128" type="stmt" count="1"/>
        <line num="129" type="stmt" count="2"/>
        <line num="130" type="stmt" count="1"/>
        <line num="133" type="stmt" count="1"/>
        <metrics loc="135" ncloc="101" classes="1" methods="5" coveredmethods="4" conditionals="0" coveredconditionals="0" statements="51" coveredstatements="49" elements="56" coveredelements="53"/>
      </file>
      <file name="/Users/eduardojunior/projetos/ieducar2/www/module/Usuario/src/Usuario/Controller/OcupacaoController.php">
        <class name="OcupacaoController" namespace="Usuario\Controller" fullPackage="Controller" category="Usuario" package="Controller">
          <metrics methods="5" coveredmethods="4" conditionals="0" coveredconditionals="0" statements="44" coveredstatements="42" elements="49" coveredelements="46"/>
        </class>
        <line num="25" type="method" name="setEntityManager" crap="2" count="0"/>
        <line num="27" type="stmt" count="0"/>
        <line num="28" type="stmt" count="0"/>
        <line num="30" type="method" name="getEntityManager" crap="2" count="8"/>
        <line num="32" type="stmt" count="8"/>
        <line num="33" type="stmt" count="8"/>
        <line num="34" type="stmt" count="8"/>
        <line num="35" type="stmt" count="8"/>
        <line num="42" type="method" name="indexAction" crap="1" count="1"/>
        <line num="44" type="stmt" count="1"/>
        <line num="46" type="stmt" count="1"/>
        <line num="48" type="stmt" count="1"/>
        <line num="51" type="method" name="saveAction" crap="5" count="5"/>
        <line num="53" type="stmt" count="5"/>
        <line num="54" type="stmt" count="5"/>
        <line num="55" type="stmt" count="5"/>
        <line num="57" type="stmt" count="5"/>
        <line num="58" type="stmt" count="5"/>
        <line num="59" type="stmt" count="2"/>
        <line num="60" type="stmt" count="2"/>
        <line num="61" type="stmt" count="2"/>
        <line num="62" type="stmt" count="5"/>
        <line num="63" type="stmt" count="5"/>
        <line num="65" type="stmt" count="5"/>
        <line num="67" type="stmt" count="3"/>
        <line num="68" type="stmt" count="3"/>
        <line num="69" type="stmt" count="3"/>
        <line num="73" type="stmt" count="2"/>
        <line num="74" type="stmt" count="2"/>
        <line num="75" type="stmt" count="2"/>
        <line num="79" type="stmt" count="2"/>
        <line num="81" type="stmt" count="1"/>
        <line num="82" type="stmt" count="3"/>
        <line num="83" type="stmt" count="3"/>
        <line num="84" type="stmt" count="1"/>
        <line num="85" type="stmt" count="1"/>
        <line num="86" type="stmt" count="1"/>
        <line num="88" type="stmt" count="3"/>
        <line num="90" type="stmt" count="3"/>
        <line num="97" type="method" name="deleteAction" crap="3" count="3"/>
        <line num="99" type="stmt" count="3"/>
        <line num="100" type="stmt" count="3"/>
        <line num="101" type="stmt" count="3"/>
        <line num="104" type="stmt" count="2"/>
        <line num="105" type="stmt" count="2"/>
        <line num="106" type="stmt" count="1"/>
        <line num="107" type="stmt" count="2"/>
        <line num="108" type="stmt" count="1"/>
        <line num="111" type="stmt" count="1"/>
        <metrics loc="113" ncloc="89" classes="1" methods="5" coveredmethods="4" conditionals="0" coveredconditionals="0" statements="44" coveredstatements="42" elements="49" coveredelements="46"/>
      </file>
      <file name="/Users/eduardojunior/projetos/ieducar2/www/module/Usuario/src/Usuario/Controller/PessoaController.php">
        <class name="PessoaController" namespace="Usuario\Controller" fullPackage="Controller" category="Usuario" package="Controller">
          <metrics methods="5" coveredmethods="4" conditionals="0" coveredconditionals="0" statements="57" coveredstatements="55" elements="62" coveredelements="59"/>
        </class>
        <line num="26" type="method" name="setEntityManager" crap="2" count="0"/>
        <line num="28" type="stmt" count="0"/>
        <line num="29" type="stmt" count="0"/>
        <line num="31" type="method" name="getEntityManager" crap="2" count="8"/>
        <line num="33" type="stmt" count="8"/>
        <line num="34" type="stmt" count="8"/>
        <line num="35" type="stmt" count="8"/>
        <line num="36" type="stmt" count="8"/>
        <line num="43" type="method" name="indexAction" crap="1" count="1"/>
        <line num="45" type="stmt" count="1"/>
        <line num="47" type="stmt" count="1"/>
        <line num="49" type="stmt" count="1"/>
        <line num="52" type="method" name="saveAction" crap="7" count="5"/>
        <line num="54" type="stmt" count="5"/>
        <line num="55" type="stmt" count="5"/>
        <line num="56" type="stmt" count="5"/>
        <line num="58" type="stmt" count="5"/>
        <line num="59" type="stmt" count="5"/>
        <line num="65" type="stmt" count="2"/>
        <line num="66" type="stmt" count="2"/>
        <line num="67" type="stmt" count="2"/>
        <line num="68" type="stmt" count="5"/>
        <line num="69" type="stmt" count="5"/>
        <line num="71" type="stmt" count="5"/>
        <line num="76" type="stmt" count="3"/>
        <line num="80" type="stmt" count="3"/>
        <line num="81" type="stmt" count="3"/>
        <line num="87" type="stmt" count="3"/>
        <line num="88" type="stmt" count="3"/>
        <line num="92" type="stmt" count="3"/>
        <line num="93" type="stmt" count="3"/>
        <line num="94" type="stmt" count="3"/>
        <line num="95" type="stmt" count="3"/>
        <line num="96" type="stmt" count="3"/>
        <line num="97" type="stmt" count="3"/>
        <line num="98" type="stmt" count="3"/>
        <line num="100" type="stmt" count="3"/>
        <line num="101" type="stmt" count="3"/>
        <line num="102" type="stmt" count="3"/>
        <line num="103" type="stmt" count="3"/>
        <line num="119" type="stmt" count="2"/>
        <line num="120" type="stmt" count="2"/>
        <line num="121" type="stmt" count="2"/>
        <line num="125" type="stmt" count="2"/>
        <line num="127" type="stmt" count="1"/>
        <line num="128" type="stmt" count="3"/>
        <line num="129" type="stmt" count="3"/>
        <line num="130" type="stmt" count="1"/>
        <line num="131" type="stmt" count="1"/>
        <line num="132" type="stmt" count="1"/>
        <line num="133" type="stmt" count="3"/>
        <line num="135" type="stmt" count="3"/>
        <line num="142" type="method" name="deleteAction" crap="3" count="3"/>
        <line num="144" type="stmt" count="3"/>
        <line num="145" type="stmt" count="3"/>
        <line num="146" type="stmt" count="3"/>
        <line num="149" type="stmt" count="2"/>
        <line num="150" type="stmt" count="2"/>
        <line num="151" type="stmt" count="1"/>
        <line num="152" type="stmt" count="2"/>
        <line num="153" type="stmt" count="1"/>
        <line num="156" type="stmt" count="1"/>
        <metrics loc="158" ncloc="85" classes="1" methods="5" coveredmethods="4" conditionals="0" coveredconditionals="0" statements="57" coveredstatements="55" elements="62" coveredelements="59"/>
      </file>
      <file name="/Users/eduardojunior/projetos/ieducar2/www/module/Usuario/src/Usuario/Controller/RacaController.php">
        <class name="RacaController" namespace="Usuario\Controller" fullPackage="Controller" category="Usuario" package="Controller">
          <metrics methods="4" coveredmethods="1" conditionals="0" coveredconditionals="0" statements="71" coveredstatements="55" elements="75" coveredelements="56"/>
        </class>
        <line num="29" type="method" name="indexAction" crap="1" count="1"/>
        <line num="31" type="stmt" count="1"/>
        <line num="32" type="stmt" count="1"/>
        <line num="34" type="stmt" count="1"/>
        <line num="35" type="stmt" count="1"/>
        <line num="36" type="stmt" count="1"/>
        <line num="38" type="stmt" count="1"/>
        <line num="40" type="stmt" count="1"/>
        <line num="42" type="stmt" count="1"/>
        <line num="48" type="method" name="buscaAction" crap="2" count="0"/>
        <line num="50" type="stmt" count="0"/>
        <line num="51" type="stmt" count="0"/>
        <line num="66" type="stmt" count="0"/>
        <line num="67" type="stmt" count="0"/>
        <line num="68" type="stmt" count="0"/>
        <line num="69" type="stmt" count="0"/>
        <line num="71" type="stmt" count="0"/>
        <line num="73" type="stmt" count="0"/>
        <line num="74" type="stmt" count="0"/>
        <line num="76" type="stmt" count="0"/>
        <line num="79" type="method" name="saveAction" crap="7.03" count="5"/>
        <line num="81" type="stmt" count="5"/>
        <line num="82" type="stmt" count="5"/>
        <line num="83" type="stmt" count="5"/>
        <line num="85" type="stmt" count="5"/>
        <line num="86" type="stmt" count="5"/>
        <line num="87" type="stmt" count="2"/>
        <line num="88" type="stmt" count="2"/>
        <line num="89" type="stmt" count="2"/>
        <line num="90" type="stmt" count="5"/>
        <line num="91" type="stmt" count="5"/>
        <line num="93" type="stmt" count="5"/>
        <line num="95" type="stmt" count="3"/>
        <line num="96" type="stmt" count="3"/>
        <line num="98" type="stmt" count="3"/>
        <line num="102" type="stmt" count="2"/>
        <line num="103" type="stmt" count="2"/>
        <line num="108" type="stmt" count="1"/>
        <line num="109" type="stmt" count="1"/>
        <line num="110" type="stmt" count="0"/>
        <line num="111" type="stmt" count="0"/>
        <line num="112" type="stmt" count="0"/>
        <line num="113" type="stmt" count="1"/>
        <line num="114" type="stmt" count="1"/>
        <line num="115" type="stmt" count="1"/>
        <line num="116" type="stmt" count="1"/>
        <line num="119" type="stmt" count="2"/>
        <line num="123" type="stmt" count="2"/>
        <line num="125" type="stmt" count="1"/>
        <line num="127" type="stmt" count="3"/>
        <line num="129" type="stmt" count="3"/>
        <line num="131" type="stmt" count="1"/>
        <line num="132" type="stmt" count="1"/>
        <line num="134" type="stmt" count="1"/>
        <line num="136" type="stmt" count="3"/>
        <line num="138" type="stmt" count="3"/>
        <line num="145" type="method" name="deleteAction" crap="5.12" count="3"/>
        <line num="148" type="stmt" count="3"/>
        <line num="149" type="stmt" count="3"/>
        <line num="150" type="stmt" count="3"/>
        <line num="153" type="stmt" count="2"/>
        <line num="155" type="stmt" count="2"/>
        <line num="157" type="stmt" count="1"/>
        <line num="158" type="stmt" count="1"/>
        <line num="163" type="stmt" count="1"/>
        <line num="164" type="stmt" count="1"/>
        <line num="165" type="stmt" count="0"/>
        <line num="166" type="stmt" count="0"/>
        <line num="167" type="stmt" count="0"/>
        <line num="169" type="stmt" count="1"/>
        <line num="171" type="stmt" count="1"/>
        <line num="173" type="stmt" count="1"/>
        <line num="177" type="stmt" count="2"/>
        <line num="178" type="stmt" count="1"/>
        <line num="181" type="stmt" count="1"/>
        <metrics loc="182" ncloc="148" classes="1" methods="4" coveredmethods="1" conditionals="0" coveredconditionals="0" statements="71" coveredstatements="55" elements="75" coveredelements="56"/>
      </file>
      <file name="/Users/eduardojunior/projetos/ieducar2/www/module/Usuario/src/Usuario/Controller/ReligiaoController.php">
        <class name="ReligiaoController" namespace="Usuario\Controller" fullPackage="Controller" category="Usuario" package="Controller">
          <metrics methods="5" coveredmethods="4" conditionals="0" coveredconditionals="0" statements="45" coveredstatements="43" elements="50" coveredelements="47"/>
        </class>
        <line num="25" type="method" name="setEntityManager" crap="2" count="0"/>
        <line num="27" type="stmt" count="0"/>
        <line num="28" type="stmt" count="0"/>
        <line num="30" type="method" name="getEntityManager" crap="2" count="8"/>
        <line num="32" type="stmt" count="8"/>
        <line num="33" type="stmt" count="8"/>
        <line num="34" type="stmt" count="8"/>
        <line num="35" type="stmt" count="8"/>
        <line num="42" type="method" name="indexAction" crap="1" count="1"/>
        <line num="44" type="stmt" count="1"/>
        <line num="46" type="stmt" count="1"/>
        <line num="48" type="stmt" count="1"/>
        <line num="51" type="method" name="saveAction" crap="5" count="5"/>
        <line num="53" type="stmt" count="5"/>
        <line num="54" type="stmt" count="5"/>
        <line num="55" type="stmt" count="5"/>
        <line num="57" type="stmt" count="5"/>
        <line num="58" type="stmt" count="5"/>
        <line num="59" type="stmt" count="2"/>
        <line num="60" type="stmt" count="2"/>
        <line num="61" type="stmt" count="2"/>
        <line num="62" type="stmt" count="5"/>
        <line num="63" type="stmt" count="5"/>
        <line num="65" type="stmt" count="5"/>
        <line num="66" type="stmt" count="3"/>
        <line num="70" type="stmt" count="3"/>
        <line num="71" type="stmt" count="3"/>
        <line num="72" type="stmt" count="3"/>
        <line num="76" type="stmt" count="2"/>
        <line num="77" type="stmt" count="2"/>
        <line num="78" type="stmt" count="2"/>
        <line num="82" type="stmt" count="2"/>
        <line num="84" type="stmt" count="1"/>
        <line num="85" type="stmt" count="3"/>
        <line num="86" type="stmt" count="3"/>
        <line num="87" type="stmt" count="1"/>
        <line num="88" type="stmt" count="1"/>
        <line num="89" type="stmt" count="1"/>
        <line num="91" type="stmt" count="3"/>
        <line num="93" type="stmt" count="3"/>
        <line num="100" type="method" name="deleteAction" crap="3" count="3"/>
        <line num="102" type="stmt" count="3"/>
        <line num="103" type="stmt" count="3"/>
        <line num="104" type="stmt" count="3"/>
        <line num="107" type="stmt" count="2"/>
        <line num="108" type="stmt" count="2"/>
        <line num="109" type="stmt" count="1"/>
        <line num="110" type="stmt" count="2"/>
        <line num="111" type="stmt" count="1"/>
        <line num="114" type="stmt" count="1"/>
        <metrics loc="116" ncloc="89" classes="1" methods="5" coveredmethods="4" conditionals="0" coveredconditionals="0" statements="45" coveredstatements="43" elements="50" coveredelements="47"/>
      </file>
    </package>
    <package name="Usuario\Entity">
      <file name="/Users/eduardojunior/projetos/ieducar2/www/module/Usuario/src/Usuario/Entity/EnderecoExterno.php">
        <class name="EnderecoExterno" namespace="Usuario\Entity" fullPackage="Usuario.EnderecoExterno" category="Entidade" package="Usuario" subpackage="EnderecoExterno">
          <metrics methods="49" coveredmethods="0" conditionals="0" coveredconditionals="0" statements="214" coveredstatements="0" elements="263" coveredelements="0"/>
        </class>
        <line num="214" type="method" name="checkOperacao" crap="20" count="0"/>
        <line num="216" type="stmt" count="0"/>
        <line num="218" type="stmt" count="0"/>
        <line num="219" type="stmt" count="0"/>
        <line num="227" type="method" name="checkOrigemGravacao" crap="30" count="0"/>
        <line num="229" type="stmt" count="0"/>
        <line num="230" type="stmt" count="0"/>
        <line num="231" type="stmt" count="0"/>
        <line num="233" type="method" name="getPessoa" crap="2" count="0"/>
        <line num="235" type="stmt" count="0"/>
        <line num="238" type="method" name="setPessoa" crap="2" count="0"/>
        <line num="240" type="stmt" count="0"/>
        <line num="241" type="stmt" count="0"/>
        <line num="243" type="method" name="getTipo" crap="2" count="0"/>
        <line num="245" type="stmt" count="0"/>
        <line num="248" type="method" name="setTipo" crap="2" count="0"/>
        <line num="250" type="stmt" count="0"/>
        <line num="251" type="stmt" count="0"/>
        <line num="253" type="method" name="getTipoLogradouro" crap="2" count="0"/>
        <line num="255" type="stmt" count="0"/>
        <line num="258" type="method" name="setTipoLogradouro" crap="2" count="0"/>
        <line num="260" type="stmt" count="0"/>
        <line num="261" type="stmt" count="0"/>
        <line num="263" type="method" name="getLogradouro" crap="2" count="0"/>
        <line num="265" type="stmt" count="0"/>
        <line num="268" type="method" name="setLogradouro" crap="2" count="0"/>
        <line num="270" type="stmt" count="0"/>
        <line num="271" type="stmt" count="0"/>
        <line num="273" type="method" name="getNumero" crap="2" count="0"/>
        <line num="275" type="stmt" count="0"/>
        <line num="278" type="method" name="setNumero" crap="2" count="0"/>
        <line num="280" type="stmt" count="0"/>
        <line num="281" type="stmt" count="0"/>
        <line num="283" type="method" name="getLetra" crap="2" count="0"/>
        <line num="285" type="stmt" count="0"/>
        <line num="288" type="method" name="setLetra" crap="2" count="0"/>
        <line num="290" type="stmt" count="0"/>
        <line num="291" type="stmt" count="0"/>
        <line num="293" type="method" name="getComplemento" crap="2" count="0"/>
        <line num="295" type="stmt" count="0"/>
        <line num="298" type="method" name="setComplemento" crap="2" count="0"/>
        <line num="300" type="stmt" count="0"/>
        <line num="301" type="stmt" count="0"/>
        <line num="303" type="method" name="getBairro" crap="2" count="0"/>
        <line num="305" type="stmt" count="0"/>
        <line num="308" type="method" name="setBairro" crap="2" count="0"/>
        <line num="310" type="stmt" count="0"/>
        <line num="311" type="stmt" count="0"/>
        <line num="313" type="method" name="getCep" crap="2" count="0"/>
        <line num="315" type="stmt" count="0"/>
        <line num="318" type="method" name="setCep" crap="2" count="0"/>
        <line num="320" type="stmt" count="0"/>
        <line num="321" type="stmt" count="0"/>
        <line num="323" type="method" name="getCidade" crap="2" count="0"/>
        <line num="325" type="stmt" count="0"/>
        <line num="328" type="method" name="setCidade" crap="2" count="0"/>
        <line num="330" type="stmt" count="0"/>
        <line num="331" type="stmt" count="0"/>
        <line num="333" type="method" name="getSiglaUf" crap="2" count="0"/>
        <line num="335" type="stmt" count="0"/>
        <line num="338" type="method" name="setSiglaUf" crap="2" count="0"/>
        <line num="340" type="stmt" count="0"/>
        <line num="341" type="stmt" count="0"/>
        <line num="343" type="method" name="getResideDesde" crap="2" count="0"/>
        <line num="345" type="stmt" count="0"/>
        <line num="348" type="method" name="setResideDesde" crap="2" count="0"/>
        <line num="350" type="stmt" count="0"/>
        <line num="351" type="stmt" count="0"/>
        <line num="353" type="method" name="getDataRev" crap="2" count="0"/>
        <line num="355" type="stmt" count="0"/>
        <line num="358" type="method" name="setDataRev" crap="2" count="0"/>
        <line num="360" type="stmt" count="0"/>
        <line num="361" type="stmt" count="0"/>
        <line num="363" type="method" name="getOrigemGravacao" crap="2" count="0"/>
        <line num="365" type="stmt" count="0"/>
        <line num="368" type="method" name="setOrigemGravacao" crap="2" count="0"/>
        <line num="370" type="stmt" count="0"/>
        <line num="371" type="stmt" count="0"/>
        <line num="373" type="method" name="getPessoaCad" crap="2" count="0"/>
        <line num="375" type="stmt" count="0"/>
        <line num="378" type="method" name="setPessoaCad" crap="2" count="0"/>
        <line num="380" type="stmt" count="0"/>
        <line num="381" type="stmt" count="0"/>
        <line num="383" type="method" name="getDataCad" crap="2" count="0"/>
        <line num="385" type="stmt" count="0"/>
        <line num="388" type="method" name="setDataCad" crap="2" count="0"/>
        <line num="390" type="stmt" count="0"/>
        <line num="391" type="stmt" count="0"/>
        <line num="393" type="method" name="getOperacao" crap="2" count="0"/>
        <line num="395" type="stmt" count="0"/>
        <line num="398" type="method" name="setOperacao" crap="2" count="0"/>
        <line num="400" type="stmt" count="0"/>
        <line num="401" type="stmt" count="0"/>
        <line num="403" type="method" name="getBloco" crap="2" count="0"/>
        <line num="405" type="stmt" count="0"/>
        <line num="408" type="method" name="setBloco" crap="2" count="0"/>
        <line num="410" type="stmt" count="0"/>
        <line num="411" type="stmt" count="0"/>
        <line num="413" type="method" name="getAndar" crap="2" count="0"/>
        <line num="415" type="stmt" count="0"/>
        <line num="418" type="method" name="setAndar" crap="2" count="0"/>
        <line num="420" type="stmt" count="0"/>
        <line num="421" type="stmt" count="0"/>
        <line num="423" type="method" name="getApartamento" crap="2" count="0"/>
        <line num="425" type="stmt" count="0"/>
        <line num="428" type="method" name="setApartamento" crap="2" count="0"/>
        <line num="430" type="stmt" count="0"/>
        <line num="431" type="stmt" count="0"/>
        <line num="433" type="method" name="getIdsisRev" crap="2" count="0"/>
        <line num="435" type="stmt" count="0"/>
        <line num="438" type="method" name="setIdsisRev" crap="2" count="0"/>
        <line num="440" type="stmt" count="0"/>
        <line num="441" type="stmt" count="0"/>
        <line num="443" type="method" name="getIdsisCad" crap="2" count="0"/>
        <line num="445" type="stmt" count="0"/>
        <line num="448" type="method" name="setIdsisCad" crap="2" count="0"/>
        <line num="450" type="stmt" count="0"/>
        <line num="451" type="stmt" count="0"/>
        <line num="453" type="method" name="getZonaLocalizacao" crap="2" count="0"/>
        <line num="455" type="stmt" count="0"/>
        <line num="458" type="method" name="setZonaLocalizacao" crap="2" count="0"/>
        <line num="460" type="stmt" count="0"/>
        <line num="461" type="stmt" count="0"/>
        <line num="473" type="method" name="getInputFilter" crap="6" count="0"/>
        <line num="475" type="stmt" count="0"/>
        <line num="476" type="stmt" count="0"/>
        <line num="477" type="stmt" count="0"/>
        <line num="479" type="stmt" count="0"/>
        <line num="480" type="stmt" count="0"/>
        <line num="482" type="stmt" count="0"/>
        <line num="484" type="stmt" count="0"/>
        <line num="485" type="stmt" count="0"/>
        <line num="486" type="stmt" count="0"/>
        <line num="488" type="stmt" count="0"/>
        <line num="489" type="stmt" count="0"/>
        <line num="490" type="stmt" count="0"/>
        <line num="492" type="stmt" count="0"/>
        <line num="493" type="stmt" count="0"/>
        <line num="495" type="stmt" count="0"/>
        <line num="497" type="stmt" count="0"/>
        <line num="498" type="stmt" count="0"/>
        <line num="499" type="stmt" count="0"/>
        <line num="501" type="stmt" count="0"/>
        <line num="502" type="stmt" count="0"/>
        <line num="503" type="stmt" count="0"/>
        <line num="506" type="stmt" count="0"/>
        <line num="508" type="stmt" count="0"/>
        <line num="509" type="stmt" count="0"/>
        <line num="510" type="stmt" count="0"/>
        <line num="511" type="stmt" count="0"/>
        <line num="512" type="stmt" count="0"/>
        <line num="513" type="stmt" count="0"/>
        <line num="514" type="stmt" count="0"/>
        <line num="516" type="stmt" count="0"/>
        <line num="517" type="stmt" count="0"/>
        <line num="518" type="stmt" count="0"/>
        <line num="520" type="stmt" count="0"/>
        <line num="521" type="stmt" count="0"/>
        <line num="522" type="stmt" count="0"/>
        <line num="524" type="stmt" count="0"/>
        <line num="525" type="stmt" count="0"/>
        <line num="526" type="stmt" count="0"/>
        <line num="528" type="stmt" count="0"/>
        <line num="529" type="stmt" count="0"/>
        <line num="530" type="stmt" count="0"/>
        <line num="533" type="stmt" count="0"/>
        <line num="535" type="stmt" count="0"/>
        <line num="536" type="stmt" count="0"/>
        <line num="537" type="stmt" count="0"/>
        <line num="538" type="stmt" count="0"/>
        <line num="539" type="stmt" count="0"/>
        <line num="540" type="stmt" count="0"/>
        <line num="541" type="stmt" count="0"/>
        <line num="543" type="stmt" count="0"/>
        <line num="544" type="stmt" count="0"/>
        <line num="545" type="stmt" count="0"/>
        <line num="547" type="stmt" count="0"/>
        <line num="548" type="stmt" count="0"/>
        <line num="549" type="stmt" count="0"/>
        <line num="552" type="stmt" count="0"/>
        <line num="554" type="stmt" count="0"/>
        <line num="555" type="stmt" count="0"/>
        <line num="556" type="stmt" count="0"/>
        <line num="557" type="stmt" count="0"/>
        <line num="558" type="stmt" count="0"/>
        <line num="559" type="stmt" count="0"/>
        <line num="560" type="stmt" count="0"/>
        <line num="562" type="stmt" count="0"/>
        <line num="563" type="stmt" count="0"/>
        <line num="564" type="stmt" count="0"/>
        <line num="566" type="stmt" count="0"/>
        <line num="567" type="stmt" count="0"/>
        <line num="568" type="stmt" count="0"/>
        <line num="571" type="stmt" count="0"/>
        <line num="573" type="stmt" count="0"/>
        <line num="574" type="stmt" count="0"/>
        <line num="575" type="stmt" count="0"/>
        <line num="576" type="stmt" count="0"/>
        <line num="577" type="stmt" count="0"/>
        <line num="578" type="stmt" count="0"/>
        <line num="579" type="stmt" count="0"/>
        <line num="581" type="stmt" count="0"/>
        <line num="582" type="stmt" count="0"/>
        <line num="583" type="stmt" count="0"/>
        <line num="585" type="stmt" count="0"/>
        <line num="586" type="stmt" count="0"/>
        <line num="587" type="stmt" count="0"/>
        <line num="589" type="stmt" count="0"/>
        <line num="590" type="stmt" count="0"/>
        <line num="591" type="stmt" count="0"/>
        <line num="593" type="stmt" count="0"/>
        <line num="594" type="stmt" count="0"/>
        <line num="595" type="stmt" count="0"/>
        <line num="598" type="stmt" count="0"/>
        <line num="600" type="stmt" count="0"/>
        <line num="601" type="stmt" count="0"/>
        <line num="602" type="stmt" count="0"/>
        <line num="603" type="stmt" count="0"/>
        <line num="604" type="stmt" count="0"/>
        <line num="605" type="stmt" count="0"/>
        <line num="606" type="stmt" count="0"/>
        <line num="608" type="stmt" count="0"/>
        <line num="609" type="stmt" count="0"/>
        <line num="610" type="stmt" count="0"/>
        <line num="612" type="stmt" count="0"/>
        <line num="613" type="stmt" count="0"/>
        <line num="614" type="stmt" count="0"/>
        <line num="617" type="stmt" count="0"/>
        <line num="619" type="stmt" count="0"/>
        <line num="620" type="stmt" count="0"/>
        <line num="621" type="stmt" count="0"/>
        <line num="622" type="stmt" count="0"/>
        <line num="623" type="stmt" count="0"/>
        <line num="624" type="stmt" count="0"/>
        <line num="625" type="stmt" count="0"/>
        <line num="627" type="stmt" count="0"/>
        <line num="628" type="stmt" count="0"/>
        <line num="629" type="stmt" count="0"/>
        <line num="631" type="stmt" count="0"/>
        <line num="632" type="stmt" count="0"/>
        <line num="633" type="stmt" count="0"/>
        <line num="635" type="stmt" count="0"/>
        <line num="636" type="stmt" count="0"/>
        <line num="637" type="stmt" count="0"/>
        <line num="639" type="stmt" count="0"/>
        <line num="641" type="stmt" count="0"/>
        <line num="643" type="stmt" count="0"/>
        <line num="644" type="stmt" count="0"/>
        <line num="645" type="stmt" count="0"/>
        <line num="647" type="stmt" count="0"/>
        <line num="648" type="stmt" count="0"/>
        <line num="649" type="stmt" count="0"/>
        <line num="652" type="stmt" count="0"/>
        <line num="654" type="stmt" count="0"/>
        <line num="655" type="stmt" count="0"/>
        <line num="656" type="stmt" count="0"/>
        <line num="657" type="stmt" count="0"/>
        <line num="658" type="stmt" count="0"/>
        <line num="659" type="stmt" count="0"/>
        <line num="660" type="stmt" count="0"/>
        <line num="662" type="stmt" count="0"/>
        <line num="663" type="stmt" count="0"/>
        <line num="665" type="stmt" count="0"/>
        <metrics loc="667" ncloc="503" classes="1" methods="49" coveredmethods="0" conditionals="0" coveredconditionals="0" statements="214" coveredstatements="0" elements="263" coveredelements="0"/>
      </file>
      <file name="/Users/eduardojunior/projetos/ieducar2/www/module/Usuario/src/Usuario/Entity/Escolaridade.php">
        <class name="Escolaridade" namespace="Usuario\Entity" fullPackage="Usuario.Escolaridade" category="Entidade" package="Usuario" subpackage="Escolaridade">
          <metrics methods="5" coveredmethods="5" conditionals="0" coveredconditionals="0" statements="32" coveredstatements="32" elements="37" coveredelements="37"/>
        </class>
        <line num="51" type="method" name="getId" crap="1" count="9"/>
        <line num="53" type="stmt" count="9"/>
        <line num="56" type="method" name="setId" crap="1" count="2"/>
        <line num="58" type="stmt" count="2"/>
        <line num="59" type="stmt" count="2"/>
        <line num="61" type="method" name="getDescricao" crap="1" count="7"/>
        <line num="63" type="stmt" count="7"/>
        <line num="66" type="method" name="setDescricao" crap="1" count="10"/>
        <line num="68" type="stmt" count="10"/>
        <line num="69" type="stmt" count="10"/>
        <line num="82" type="method" name="getInputFilter" crap="2" count="13"/>
        <line num="84" type="stmt" count="13"/>
        <line num="85" type="stmt" count="13"/>
        <line num="86" type="stmt" count="13"/>
        <line num="88" type="stmt" count="13"/>
        <line num="89" type="stmt" count="13"/>
        <line num="90" type="stmt" count="13"/>
        <line num="92" type="stmt" count="13"/>
        <line num="93" type="stmt" count="13"/>
        <line num="94" type="stmt" count="13"/>
        <line num="96" type="stmt" count="13"/>
        <line num="97" type="stmt" count="13"/>
        <line num="98" type="stmt" count="13"/>
        <line num="100" type="stmt" count="13"/>
        <line num="101" type="stmt" count="13"/>
        <line num="102" type="stmt" count="13"/>
        <line num="105" type="stmt" count="13"/>
        <line num="107" type="stmt" count="13"/>
        <line num="108" type="stmt" count="13"/>
        <line num="109" type="stmt" count="13"/>
        <line num="110" type="stmt" count="13"/>
        <line num="111" type="stmt" count="13"/>
        <line num="112" type="stmt" count="13"/>
        <line num="113" type="stmt" count="13"/>
        <line num="115" type="stmt" count="13"/>
        <line num="116" type="stmt" count="13"/>
        <line num="118" type="stmt" count="13"/>
        <metrics loc="122" ncloc="82" classes="1" methods="5" coveredmethods="5" conditionals="0" coveredconditionals="0" statements="32" coveredstatements="32" elements="37" coveredelements="37"/>
      </file>
      <file name="/Users/eduardojunior/projetos/ieducar2/www/module/Usuario/src/Usuario/Entity/EstadoCivil.php">
        <class name="EstadoCivil" namespace="Usuario\Entity" fullPackage="Usuario.Estado" category="Entidade" package="Usuario" subpackage="Estado">
          <metrics methods="5" coveredmethods="5" conditionals="0" coveredconditionals="0" statements="32" coveredstatements="32" elements="37" coveredelements="37"/>
        </class>
        <line num="50" type="method" name="getId" crap="1" count="9"/>
        <line num="52" type="stmt" count="9"/>
        <line num="55" type="method" name="setId" crap="1" count="2"/>
        <line num="57" type="stmt" count="2"/>
        <line num="58" type="stmt" count="2"/>
        <line num="60" type="method" name="getDescricao" crap="1" count="7"/>
        <line num="62" type="stmt" count="7"/>
        <line num="65" type="method" name="setDescricao" crap="1" count="10"/>
        <line num="67" type="stmt" count="10"/>
        <line num="68" type="stmt" count="10"/>
        <line num="81" type="method" name="getInputFilter" crap="2" count="11"/>
        <line num="83" type="stmt" count="11"/>
        <line num="84" type="stmt" count="11"/>
        <line num="85" type="stmt" count="11"/>
        <line num="87" type="stmt" count="11"/>
        <line num="88" type="stmt" count="11"/>
        <line num="89" type="stmt" count="11"/>
        <line num="91" type="stmt" count="11"/>
        <line num="92" type="stmt" count="11"/>
        <line num="93" type="stmt" count="11"/>
        <line num="95" type="stmt" count="11"/>
        <line num="96" type="stmt" count="11"/>
        <line num="97" type="stmt" count="11"/>
        <line num="99" type="stmt" count="11"/>
        <line num="100" type="stmt" count="11"/>
        <line num="101" type="stmt" count="11"/>
        <line num="104" type="stmt" count="11"/>
        <line num="106" type="stmt" count="11"/>
        <line num="107" type="stmt" count="11"/>
        <line num="108" type="stmt" count="11"/>
        <line num="109" type="stmt" count="11"/>
        <line num="110" type="stmt" count="11"/>
        <line num="111" type="stmt" count="11"/>
        <line num="112" type="stmt" count="11"/>
        <line num="114" type="stmt" count="11"/>
        <line num="115" type="stmt" count="11"/>
        <line num="117" type="stmt" count="11"/>
        <metrics loc="119" ncloc="79" classes="1" methods="5" coveredmethods="5" conditionals="0" coveredconditionals="0" statements="32" coveredstatements="32" elements="37" coveredelements="37"/>
      </file>
      <file name="/Users/eduardojunior/projetos/ieducar2/www/module/Usuario/src/Usuario/Entity/Fisica.php">
        <class name="Fisica" namespace="Usuario\Entity">
          <metrics methods="68" coveredmethods="31" conditionals="0" coveredconditionals="0" statements="460" coveredstatements="357" elements="528" coveredelements="388"/>
        </class>
        <line num="71" type="method" name="checkSexo" crap="4" count="10"/>
        <line num="73" type="stmt" count="10"/>
        <line num="74" type="stmt" count="10"/>
        <line num="75" type="stmt" count="10"/>
        <line num="114" type="method" name="checkNacionalidade" crap="4.59" count="10"/>
        <line num="116" type="stmt" count="10"/>
        <line num="117" type="stmt" count="0"/>
        <line num="120" type="stmt" count="10"/>
        <line num="388" type="method" name="getDataNasc" crap="1" count="5"/>
        <line num="390" type="stmt" count="5"/>
        <line num="393" type="method" name="setDataNasc" crap="1" count="4"/>
        <line num="395" type="stmt" count="4"/>
        <line num="396" type="stmt" count="4"/>
        <line num="398" type="method" name="getSexo" crap="1" count="12"/>
        <line num="400" type="stmt" count="12"/>
        <line num="403" type="method" name="setSexo" crap="1" count="11"/>
        <line num="405" type="stmt" count="11"/>
        <line num="406" type="stmt" count="11"/>
        <line num="408" type="method" name="getDataUniao" crap="1" count="5"/>
        <line num="410" type="stmt" count="5"/>
        <line num="413" type="method" name="setDataUniao" crap="2" count="0"/>
        <line num="415" type="stmt" count="0"/>
        <line num="416" type="stmt" count="0"/>
        <line num="418" type="method" name="getDataObito" crap="1" count="5"/>
        <line num="420" type="stmt" count="5"/>
        <line num="423" type="method" name="setDataObito" crap="2" count="0"/>
        <line num="425" type="stmt" count="0"/>
        <line num="428" type="method" name="getNacionalidade" crap="1" count="12"/>
        <line num="430" type="stmt" count="12"/>
        <line num="433" type="method" name="setNacionalidade" crap="1" count="1"/>
        <line num="435" type="stmt" count="1"/>
        <line num="436" type="stmt" count="1"/>
        <line num="438" type="method" name="getDataChegadaBrasil" crap="1" count="5"/>
        <line num="440" type="stmt" count="5"/>
        <line num="443" type="method" name="setDataChegadaBrasil" crap="2" count="0"/>
        <line num="445" type="stmt" count="0"/>
        <line num="446" type="stmt" count="0"/>
        <line num="448" type="method" name="getUltimaEmpresa" crap="1" count="5"/>
        <line num="450" type="stmt" count="5"/>
        <line num="453" type="method" name="setUltimaEmpresa" crap="2" count="0"/>
        <line num="455" type="stmt" count="0"/>
        <line num="456" type="stmt" count="0"/>
        <line num="458" type="method" name="getNomeMae" crap="1" count="5"/>
        <line num="460" type="stmt" count="5"/>
        <line num="463" type="method" name="setNomeMae" crap="2" count="0"/>
        <line num="465" type="stmt" count="0"/>
        <line num="466" type="stmt" count="0"/>
        <line num="468" type="method" name="getNomePai" crap="1" count="5"/>
        <line num="470" type="stmt" count="5"/>
        <line num="473" type="method" name="setNomePai" crap="2" count="0"/>
        <line num="475" type="stmt" count="0"/>
        <line num="476" type="stmt" count="0"/>
        <line num="478" type="method" name="getNomeConjuge" crap="1" count="5"/>
        <line num="480" type="stmt" count="5"/>
        <line num="483" type="method" name="setNomeConjuge" crap="2" count="0"/>
        <line num="485" type="stmt" count="0"/>
        <line num="486" type="stmt" count="0"/>
        <line num="489" type="method" name="getNomeResponsavel" crap="1" count="5"/>
        <line num="491" type="stmt" count="5"/>
        <line num="494" type="method" name="setNomeResponsavel" crap="2" count="0"/>
        <line num="496" type="stmt" count="0"/>
        <line num="497" type="stmt" count="0"/>
        <line num="499" type="method" name="getJustificativaProvisorio" crap="1" count="5"/>
        <line num="501" type="stmt" count="5"/>
        <line num="504" type="method" name="setJustificativaProvisorio" crap="2" count="0"/>
        <line num="506" type="stmt" count="0"/>
        <line num="507" type="stmt" count="0"/>
        <line num="509" type="method" name="getDataRev" crap="1" count="5"/>
        <line num="511" type="stmt" count="5"/>
        <line num="514" type="method" name="setDataRev" crap="2" count="0"/>
        <line num="516" type="stmt" count="0"/>
        <line num="517" type="stmt" count="0"/>
        <line num="528" type="method" name="getDataCad" crap="1" count="12"/>
        <line num="530" type="stmt" count="12"/>
        <line num="533" type="method" name="setDataCad" crap="1" count="10"/>
        <line num="535" type="stmt" count="10"/>
        <line num="536" type="stmt" count="10"/>
        <line num="538" type="method" name="getOperacao" crap="1" count="12"/>
        <line num="540" type="stmt" count="12"/>
        <line num="543" type="method" name="setOperacao" crap="1" count="12"/>
        <line num="545" type="stmt" count="12"/>
        <line num="546" type="stmt" count="12"/>
        <line num="548" type="method" name="getIdsisRev" crap="1" count="5"/>
        <line num="550" type="stmt" count="5"/>
        <line num="553" type="method" name="setIdsisRev" crap="2" count="0"/>
        <line num="555" type="stmt" count="0"/>
        <line num="556" type="stmt" count="0"/>
        <line num="558" type="method" name="getIdsisCad" crap="1" count="5"/>
        <line num="560" type="stmt" count="5"/>
        <line num="563" type="method" name="setIdsisCad" crap="1" count="12"/>
        <line num="565" type="stmt" count="12"/>
        <line num="566" type="stmt" count="12"/>
        <line num="568" type="method" name="getRefCodSistema" crap="1" count="5"/>
        <line num="570" type="stmt" count="5"/>
        <line num="573" type="method" name="setRefCodSistema" crap="2" count="0"/>
        <line num="575" type="stmt" count="0"/>
        <line num="576" type="stmt" count="0"/>
        <line num="578" type="method" name="getCpf" crap="1" count="5"/>
        <line num="580" type="stmt" count="5"/>
        <line num="583" type="method" name="setCpf" crap="1" count="7"/>
        <line num="585" type="stmt" count="7"/>
        <line num="586" type="stmt" count="6"/>
        <line num="588" type="method" name="getIdpesMae" crap="2" count="0"/>
        <line num="590" type="stmt" count="0"/>
        <line num="593" type="method" name="setIdpesMae" crap="2" count="0"/>
        <line num="595" type="stmt" count="0"/>
        <line num="596" type="stmt" count="0"/>
        <line num="598" type="method" name="getIdpesPai" crap="2" count="0"/>
        <line num="600" type="stmt" count="0"/>
        <line num="603" type="method" name="setIdpesPai" crap="2" count="0"/>
        <line num="605" type="stmt" count="0"/>
        <line num="606" type="stmt" count="0"/>
        <line num="608" type="method" name="getIdpesResponsavel" crap="2" count="0"/>
        <line num="610" type="stmt" count="0"/>
        <line num="613" type="method" name="setIdpesResponsavel" crap="2" count="0"/>
        <line num="615" type="stmt" count="0"/>
        <line num="616" type="stmt" count="0"/>
        <line num="618" type="method" name="getIdmunNascimento" crap="2" count="0"/>
        <line num="620" type="stmt" count="0"/>
        <line num="623" type="method" name="setIdmunNascimento" crap="2" count="0"/>
        <line num="625" type="stmt" count="0"/>
        <line num="626" type="stmt" count="0"/>
        <line num="628" type="method" name="getIdpaisEstrangeiro" crap="2" count="0"/>
        <line num="630" type="stmt" count="0"/>
        <line num="633" type="method" name="setIdpaisEstrangeiro" crap="2" count="0"/>
        <line num="635" type="stmt" count="0"/>
        <line num="636" type="stmt" count="0"/>
        <line num="638" type="method" name="getIdesco" crap="2" count="0"/>
        <line num="640" type="stmt" count="0"/>
        <line num="643" type="method" name="setIdesco" crap="2" count="0"/>
        <line num="645" type="stmt" count="0"/>
        <line num="646" type="stmt" count="0"/>
        <line num="648" type="method" name="getIdeciv" crap="2" count="0"/>
        <line num="650" type="stmt" count="0"/>
        <line num="653" type="method" name="setIdeciv" crap="2" count="0"/>
        <line num="655" type="stmt" count="0"/>
        <line num="656" type="stmt" count="0"/>
        <line num="658" type="method" name="getIdpesCon" crap="2" count="0"/>
        <line num="660" type="stmt" count="0"/>
        <line num="663" type="method" name="setIdpesCon" crap="2" count="0"/>
        <line num="665" type="stmt" count="0"/>
        <line num="666" type="stmt" count="0"/>
        <line num="668" type="method" name="getIdocup" crap="2" count="0"/>
        <line num="670" type="stmt" count="0"/>
        <line num="673" type="method" name="setIdocup" crap="2" count="0"/>
        <line num="675" type="stmt" count="0"/>
        <line num="676" type="stmt" count="0"/>
        <line num="678" type="method" name="getIdpesRev" crap="2" count="0"/>
        <line num="680" type="stmt" count="0"/>
        <line num="683" type="method" name="setIdpesRev" crap="2" count="0"/>
        <line num="685" type="stmt" count="0"/>
        <line num="686" type="stmt" count="0"/>
        <line num="688" type="method" name="getIdpesCad" crap="2" count="0"/>
        <line num="690" type="stmt" count="0"/>
        <line num="693" type="method" name="setIdpesCad" crap="2" count="0"/>
        <line num="695" type="stmt" count="0"/>
        <line num="696" type="stmt" count="0"/>
        <line num="698" type="method" name="getRefCodReligiao" crap="1" count="5"/>
        <line num="700" type="stmt" count="5"/>
        <line num="703" type="method" name="setRefCodReligiao" crap="2" count="0"/>
        <line num="705" type="stmt" count="0"/>
        <line num="706" type="stmt" count="0"/>
        <line num="708" type="method" name="getRaca" crap="1" count="5"/>
        <line num="710" type="stmt" count="5"/>
        <line num="713" type="method" name="setRaca" crap="1" count="2"/>
        <line num="715" type="stmt" count="2"/>
        <line num="716" type="stmt" count="2"/>
        <line num="718" type="method" name="setData" crap="1980" count="0"/>
        <line num="720" type="stmt" count="0"/>
        <line num="722" type="stmt" count="0"/>
        <line num="723" type="stmt" count="0"/>
        <line num="725" type="stmt" count="0"/>
        <line num="726" type="stmt" count="0"/>
        <line num="728" type="stmt" count="0"/>
        <line num="729" type="stmt" count="0"/>
        <line num="731" type="stmt" count="0"/>
        <line num="732" type="stmt" count="0"/>
        <line num="734" type="stmt" count="0"/>
        <line num="736" type="stmt" count="0"/>
        <line num="737" type="stmt" count="0"/>
        <line num="739" type="stmt" count="0"/>
        <line num="740" type="stmt" count="0"/>
        <line num="742" type="stmt" count="0"/>
        <line num="743" type="stmt" count="0"/>
        <line num="745" type="stmt" count="0"/>
        <line num="746" type="stmt" count="0"/>
        <line num="748" type="stmt" count="0"/>
        <line num="749" type="stmt" count="0"/>
        <line num="751" type="stmt" count="0"/>
        <line num="752" type="stmt" count="0"/>
        <line num="754" type="stmt" count="0"/>
        <line num="755" type="stmt" count="0"/>
        <line num="757" type="stmt" count="0"/>
        <line num="758" type="stmt" count="0"/>
        <line num="761" type="stmt" count="0"/>
        <line num="763" type="stmt" count="0"/>
        <line num="765" type="stmt" count="0"/>
        <line num="767" type="stmt" count="0"/>
        <line num="768" type="stmt" count="0"/>
        <line num="770" type="stmt" count="0"/>
        <line num="771" type="stmt" count="0"/>
        <line num="772" type="stmt" count="0"/>
        <line num="773" type="stmt" count="0"/>
        <line num="774" type="stmt" count="0"/>
        <line num="775" type="stmt" count="0"/>
        <line num="776" type="stmt" count="0"/>
        <line num="777" type="stmt" count="0"/>
        <line num="778" type="stmt" count="0"/>
        <line num="779" type="stmt" count="0"/>
        <line num="780" type="stmt" count="0"/>
        <line num="781" type="stmt" count="0"/>
        <line num="782" type="stmt" count="0"/>
        <line num="796" type="method" name="getInputFilter" crap="2" count="13"/>
        <line num="798" type="stmt" count="13"/>
        <line num="799" type="stmt" count="13"/>
        <line num="800" type="stmt" count="13"/>
        <line num="802" type="stmt" count="13"/>
        <line num="803" type="stmt" count="13"/>
        <line num="804" type="stmt" count="13"/>
        <line num="806" type="stmt" count="13"/>
        <line num="807" type="stmt" count="13"/>
        <line num="808" type="stmt" count="13"/>
        <line num="811" type="stmt" count="13"/>
        <line num="812" type="stmt" count="13"/>
        <line num="813" type="stmt" count="13"/>
        <line num="815" type="stmt" count="13"/>
        <line num="816" type="stmt" count="13"/>
        <line num="817" type="stmt" count="13"/>
        <line num="820" type="stmt" count="13"/>
        <line num="822" type="stmt" count="13"/>
        <line num="823" type="stmt" count="13"/>
        <line num="824" type="stmt" count="13"/>
        <line num="825" type="stmt" count="13"/>
        <line num="826" type="stmt" count="13"/>
        <line num="827" type="stmt" count="13"/>
        <line num="828" type="stmt" count="13"/>
        <line num="830" type="stmt" count="13"/>
        <line num="831" type="stmt" count="13"/>
        <line num="832" type="stmt" count="13"/>
        <line num="834" type="stmt" count="13"/>
        <line num="835" type="stmt" count="13"/>
        <line num="836" type="stmt" count="13"/>
        <line num="861" type="stmt" count="13"/>
        <line num="862" type="stmt" count="13"/>
        <line num="863" type="stmt" count="13"/>
        <line num="865" type="stmt" count="13"/>
        <line num="866" type="stmt" count="13"/>
        <line num="867" type="stmt" count="13"/>
        <line num="869" type="stmt" count="13"/>
        <line num="870" type="stmt" count="13"/>
        <line num="871" type="stmt" count="13"/>
        <line num="872" type="stmt" count="13"/>
        <line num="873" type="stmt" count="13"/>
        <line num="876" type="stmt" count="13"/>
        <line num="877" type="stmt" count="13"/>
        <line num="879" type="stmt" count="13"/>
        <line num="880" type="stmt" count="13"/>
        <line num="881" type="stmt" count="13"/>
        <line num="882" type="stmt" count="13"/>
        <line num="883" type="stmt" count="13"/>
        <line num="884" type="stmt" count="13"/>
        <line num="885" type="stmt" count="13"/>
        <line num="887" type="stmt" count="13"/>
        <line num="888" type="stmt" count="13"/>
        <line num="889" type="stmt" count="13"/>
        <line num="891" type="stmt" count="13"/>
        <line num="892" type="stmt" count="13"/>
        <line num="893" type="stmt" count="13"/>
        <line num="895" type="stmt" count="13"/>
        <line num="896" type="stmt" count="13"/>
        <line num="897" type="stmt" count="13"/>
        <line num="899" type="stmt" count="13"/>
        <line num="900" type="stmt" count="13"/>
        <line num="901" type="stmt" count="13"/>
        <line num="903" type="stmt" count="13"/>
        <line num="904" type="stmt" count="13"/>
        <line num="905" type="stmt" count="13"/>
        <line num="907" type="stmt" count="13"/>
        <line num="908" type="stmt" count="13"/>
        <line num="909" type="stmt" count="13"/>
        <line num="911" type="stmt" count="13"/>
        <line num="912" type="stmt" count="13"/>
        <line num="913" type="stmt" count="13"/>
        <line num="915" type="stmt" count="13"/>
        <line num="916" type="stmt" count="13"/>
        <line num="917" type="stmt" count="13"/>
        <line num="919" type="stmt" count="13"/>
        <line num="920" type="stmt" count="13"/>
        <line num="921" type="stmt" count="13"/>
        <line num="923" type="stmt" count="13"/>
        <line num="924" type="stmt" count="13"/>
        <line num="925" type="stmt" count="13"/>
        <line num="927" type="stmt" count="13"/>
        <line num="928" type="stmt" count="13"/>
        <line num="929" type="stmt" count="13"/>
        <line num="931" type="stmt" count="13"/>
        <line num="932" type="stmt" count="13"/>
        <line num="933" type="stmt" count="13"/>
        <line num="935" type="stmt" count="13"/>
        <line num="936" type="stmt" count="13"/>
        <line num="937" type="stmt" count="13"/>
        <line num="940" type="stmt" count="13"/>
        <line num="942" type="stmt" count="13"/>
        <line num="943" type="stmt" count="13"/>
        <line num="944" type="stmt" count="13"/>
        <line num="945" type="stmt" count="13"/>
        <line num="946" type="stmt" count="13"/>
        <line num="947" type="stmt" count="13"/>
        <line num="948" type="stmt" count="13"/>
        <line num="950" type="stmt" count="13"/>
        <line num="951" type="stmt" count="13"/>
        <line num="952" type="stmt" count="13"/>
        <line num="954" type="stmt" count="13"/>
        <line num="955" type="stmt" count="13"/>
        <line num="956" type="stmt" count="13"/>
        <line num="959" type="stmt" count="13"/>
        <line num="961" type="stmt" count="13"/>
        <line num="962" type="stmt" count="13"/>
        <line num="963" type="stmt" count="13"/>
        <line num="964" type="stmt" count="13"/>
        <line num="965" type="stmt" count="13"/>
        <line num="966" type="stmt" count="13"/>
        <line num="967" type="stmt" count="13"/>
        <line num="969" type="stmt" count="13"/>
        <line num="970" type="stmt" count="13"/>
        <line num="971" type="stmt" count="13"/>
        <line num="973" type="stmt" count="13"/>
        <line num="974" type="stmt" count="13"/>
        <line num="975" type="stmt" count="13"/>
        <line num="978" type="stmt" count="13"/>
        <line num="980" type="stmt" count="13"/>
        <line num="981" type="stmt" count="13"/>
        <line num="982" type="stmt" count="13"/>
        <line num="983" type="stmt" count="13"/>
        <line num="984" type="stmt" count="13"/>
        <line num="985" type="stmt" count="13"/>
        <line num="986" type="stmt" count="13"/>
        <line num="988" type="stmt" count="13"/>
        <line num="989" type="stmt" count="13"/>
        <line num="990" type="stmt" count="13"/>
        <line num="992" type="stmt" count="13"/>
        <line num="993" type="stmt" count="13"/>
        <line num="994" type="stmt" count="13"/>
        <line num="997" type="stmt" count="13"/>
        <line num="999" type="stmt" count="13"/>
        <line num="1000" type="stmt" count="13"/>
        <line num="1001" type="stmt" count="13"/>
        <line num="1002" type="stmt" count="13"/>
        <line num="1003" type="stmt" count="13"/>
        <line num="1004" type="stmt" count="13"/>
        <line num="1005" type="stmt" count="13"/>
        <line num="1007" type="stmt" count="13"/>
        <line num="1008" type="stmt" count="13"/>
        <line num="1009" type="stmt" count="13"/>
        <line num="1011" type="stmt" count="13"/>
        <line num="1012" type="stmt" count="13"/>
        <line num="1013" type="stmt" count="13"/>
        <line num="1016" type="stmt" count="13"/>
        <line num="1018" type="stmt" count="13"/>
        <line num="1019" type="stmt" count="13"/>
        <line num="1020" type="stmt" count="13"/>
        <line num="1021" type="stmt" count="13"/>
        <line num="1022" type="stmt" count="13"/>
        <line num="1023" type="stmt" count="13"/>
        <line num="1024" type="stmt" count="13"/>
        <line num="1026" type="stmt" count="13"/>
        <line num="1027" type="stmt" count="13"/>
        <line num="1028" type="stmt" count="13"/>
        <line num="1030" type="stmt" count="13"/>
        <line num="1031" type="stmt" count="13"/>
        <line num="1032" type="stmt" count="13"/>
        <line num="1035" type="stmt" count="13"/>
        <line num="1037" type="stmt" count="13"/>
        <line num="1038" type="stmt" count="13"/>
        <line num="1039" type="stmt" count="13"/>
        <line num="1040" type="stmt" count="13"/>
        <line num="1041" type="stmt" count="13"/>
        <line num="1042" type="stmt" count="13"/>
        <line num="1043" type="stmt" count="13"/>
        <line num="1045" type="stmt" count="13"/>
        <line num="1046" type="stmt" count="13"/>
        <line num="1047" type="stmt" count="13"/>
        <line num="1049" type="stmt" count="13"/>
        <line num="1050" type="stmt" count="13"/>
        <line num="1051" type="stmt" count="13"/>
        <line num="1053" type="stmt" count="13"/>
        <line num="1054" type="stmt" count="13"/>
        <line num="1055" type="stmt" count="13"/>
        <line num="1057" type="stmt" count="13"/>
        <line num="1058" type="stmt" count="13"/>
        <line num="1059" type="stmt" count="13"/>
        <line num="1061" type="stmt" count="13"/>
        <line num="1062" type="stmt" count="13"/>
        <line num="1063" type="stmt" count="13"/>
        <line num="1064" type="stmt" count="13"/>
        <line num="1065" type="stmt" count="13"/>
        <line num="1068" type="stmt" count="13"/>
        <line num="1070" type="stmt" count="13"/>
        <line num="1071" type="stmt" count="13"/>
        <line num="1072" type="stmt" count="13"/>
        <line num="1073" type="stmt" count="13"/>
        <line num="1074" type="stmt" count="13"/>
        <line num="1075" type="stmt" count="13"/>
        <line num="1076" type="stmt" count="13"/>
        <line num="1078" type="stmt" count="13"/>
[...]
        <line num="289" type="stmt" count="78"/>
        <line num="290" type="stmt" count="78"/>
        <line num="306" type="stmt" count="78"/>
        <line num="318" type="stmt" count="18"/>
        <line num="319" type="stmt" count="5"/>
        <line num="320" type="stmt" count="5"/>
        <line num="321" type="stmt" count="5"/>
        <line num="322" type="stmt" count="78"/>
        <line num="323" type="stmt" count="78"/>
        <line num="325" type="method" name="preUpdate" crap="45" count="12"/>
        <line num="331" type="stmt" count="12"/>
        <line num="332" type="stmt" count="12"/>
        <line num="333" type="stmt" count="12"/>
        <line num="335" type="stmt" count="5"/>
        <line num="336" type="stmt" count="5"/>
        <line num="338" type="stmt" count="5"/>
        <line num="340" type="stmt" count="5"/>
        <line num="341" type="stmt" count="5"/>
        <line num="342" type="stmt" count="5"/>
        <line num="343" type="stmt" count="5"/>
        <line num="344" type="stmt" count="5"/>
        <line num="345" type="stmt" count="5"/>
        <line num="346" type="stmt" count="5"/>
        <line num="347" type="stmt" count="5"/>
        <line num="348" type="stmt" count="5"/>
        <line num="349" type="stmt" count="5"/>
        <line num="351" type="stmt" count="5"/>
        <line num="356" type="stmt" count="12"/>
        <line num="357" type="stmt" count="2"/>
        <line num="358" type="stmt" count="2"/>
        <line num="359" type="stmt" count="2"/>
        <line num="360" type="stmt" count="2"/>
        <line num="361" type="stmt" count="2"/>
        <line num="362" type="stmt" count="2"/>
        <line num="363" type="stmt" count="2"/>
        <line num="364" type="stmt" count="2"/>
        <line num="365" type="stmt" count="2"/>
        <line num="366" type="stmt" count="2"/>
        <line num="367" type="stmt" count="2"/>
        <line num="368" type="stmt" count="2"/>
        <line num="369" type="stmt" count="2"/>
        <line num="370" type="stmt" count="2"/>
        <line num="371" type="stmt" count="2"/>
        <line num="372" type="stmt" count="2"/>
        <line num="373" type="stmt" count="2"/>
        <line num="374" type="stmt" count="2"/>
        <line num="375" type="stmt" count="2"/>
        <line num="376" type="stmt" count="2"/>
        <line num="377" type="stmt" count="2"/>
        <line num="378" type="stmt" count="2"/>
        <line num="379" type="stmt" count="2"/>
        <line num="380" type="stmt" count="2"/>
        <line num="381" type="stmt" count="2"/>
        <line num="387" type="stmt" count="12"/>
        <line num="388" type="stmt" count="1"/>
        <line num="389" type="stmt" count="1"/>
        <line num="390" type="stmt" count="1"/>
        <line num="391" type="stmt" count="1"/>
        <line num="392" type="stmt" count="1"/>
        <line num="393" type="stmt" count="12"/>
        <line num="419" type="method" name="postFlush" crap="5" count="78"/>
        <line num="421" type="stmt" count="78"/>
        <line num="422" type="stmt" count="78"/>
        <line num="423" type="stmt" count="78"/>
        <line num="425" type="stmt" count="10"/>
        <line num="426" type="stmt" count="10"/>
        <line num="427" type="stmt" count="10"/>
        <line num="428" type="stmt" count="10"/>
        <line num="430" type="stmt" count="10"/>
        <line num="431" type="stmt" count="10"/>
        <line num="432" type="stmt" count="10"/>
        <line num="434" type="stmt" count="10"/>
        <line num="435" type="stmt" count="10"/>
        <line num="437" type="stmt" count="10"/>
        <line num="438" type="stmt" count="10"/>
        <line num="439" type="stmt" count="10"/>
        <line num="440" type="stmt" count="10"/>
        <line num="444" type="stmt" count="10"/>
        <line num="445" type="stmt" count="10"/>
        <line num="446" type="stmt" count="10"/>
        <line num="447" type="stmt" count="10"/>
        <line num="448" type="stmt" count="10"/>
        <line num="449" type="stmt" count="10"/>
        <line num="450" type="stmt" count="10"/>
        <line num="451" type="stmt" count="10"/>
        <line num="454" type="stmt" count="10"/>
        <line num="455" type="stmt" count="10"/>
        <line num="456" type="stmt" count="10"/>
        <line num="457" type="stmt" count="10"/>
        <line num="458" type="stmt" count="10"/>
        <line num="459" type="stmt" count="10"/>
        <line num="461" type="stmt" count="10"/>
        <line num="462" type="stmt" count="2"/>
        <line num="463" type="stmt" count="2"/>
        <line num="464" type="stmt" count="2"/>
        <line num="465" type="stmt" count="2"/>
        <line num="467" type="stmt" count="2"/>
        <line num="468" type="stmt" count="2"/>
        <line num="469" type="stmt" count="2"/>
        <line num="470" type="stmt" count="2"/>
        <line num="471" type="stmt" count="2"/>
        <line num="472" type="stmt" count="2"/>
        <line num="473" type="stmt" count="2"/>
        <line num="474" type="stmt" count="2"/>
        <line num="475" type="stmt" count="2"/>
        <line num="476" type="stmt" count="2"/>
        <line num="477" type="stmt" count="2"/>
        <line num="478" type="stmt" count="2"/>
        <line num="479" type="stmt" count="2"/>
        <line num="480" type="stmt" count="2"/>
        <line num="481" type="stmt" count="2"/>
        <line num="482" type="stmt" count="2"/>
        <line num="483" type="stmt" count="2"/>
        <line num="484" type="stmt" count="2"/>
        <line num="485" type="stmt" count="2"/>
        <line num="486" type="stmt" count="2"/>
        <line num="487" type="stmt" count="2"/>
        <line num="488" type="stmt" count="2"/>
        <line num="489" type="stmt" count="2"/>
        <line num="490" type="stmt" count="2"/>
        <line num="491" type="stmt" count="2"/>
        <line num="492" type="stmt" count="2"/>
        <line num="493" type="stmt" count="2"/>
        <line num="494" type="stmt" count="2"/>
        <line num="495" type="stmt" count="2"/>
        <line num="496" type="stmt" count="2"/>
        <line num="497" type="stmt" count="2"/>
        <line num="498" type="stmt" count="2"/>
        <line num="499" type="stmt" count="2"/>
        <line num="501" type="stmt" count="10"/>
        <line num="502" type="stmt" count="1"/>
        <line num="503" type="stmt" count="1"/>
        <line num="504" type="stmt" count="1"/>
        <line num="505" type="stmt" count="1"/>
        <line num="507" type="stmt" count="1"/>
        <line num="508" type="stmt" count="1"/>
        <line num="509" type="stmt" count="1"/>
        <line num="510" type="stmt" count="1"/>
        <line num="511" type="stmt" count="1"/>
        <line num="512" type="stmt" count="1"/>
        <line num="513" type="stmt" count="1"/>
        <line num="514" type="stmt" count="1"/>
        <line num="515" type="stmt" count="1"/>
        <line num="516" type="stmt" count="1"/>
        <line num="517" type="stmt" count="1"/>
        <line num="518" type="stmt" count="1"/>
        <line num="519" type="stmt" count="1"/>
        <line num="528" type="stmt" count="10"/>
        <line num="529" type="stmt" count="78"/>
        <line num="545" type="method" name="populate" crap="210" count="0"/>
        <line num="547" type="stmt" count="0"/>
        <line num="548" type="stmt" count="0"/>
        <line num="549" type="stmt" count="0"/>
        <line num="550" type="stmt" count="0"/>
        <line num="551" type="stmt" count="0"/>
        <line num="552" type="stmt" count="0"/>
        <line num="553" type="stmt" count="0"/>
        <line num="554" type="stmt" count="0"/>
        <line num="555" type="stmt" count="0"/>
        <line num="556" type="stmt" count="0"/>
        <line num="559" type="stmt" count="0"/>
        <line num="561" type="stmt" count="0"/>
        <line num="562" type="stmt" count="0"/>
        <line num="563" type="stmt" count="0"/>
        <line num="565" type="method" name="setData" crap="210" count="0"/>
        <line num="567" type="stmt" count="0"/>
        <line num="568" type="stmt" count="0"/>
        <line num="569" type="stmt" count="0"/>
        <line num="570" type="stmt" count="0"/>
        <line num="571" type="stmt" count="0"/>
        <line num="572" type="stmt" count="0"/>
        <line num="573" type="stmt" count="0"/>
        <line num="574" type="stmt" count="0"/>
        <line num="575" type="stmt" count="0"/>
        <line num="576" type="stmt" count="0"/>
        <line num="579" type="stmt" count="0"/>
        <line num="581" type="stmt" count="0"/>
        <line num="582" type="stmt" count="0"/>
        <line num="583" type="stmt" count="0"/>
        <line num="598" type="method" name="getId" crap="1" count="31"/>
        <line num="600" type="stmt" count="31"/>
        <line num="603" type="method" name="setId" crap="1" count="8"/>
        <line num="605" type="stmt" count="8"/>
        <line num="606" type="stmt" count="8"/>
        <line num="608" type="method" name="getNome" crap="1" count="24"/>
        <line num="610" type="stmt" count="24"/>
        <line num="613" type="method" name="setNome" crap="1" count="37"/>
        <line num="615" type="stmt" count="37"/>
        <line num="616" type="stmt" count="36"/>
        <line num="618" type="method" name="getDataCad" crap="1" count="28"/>
        <line num="620" type="stmt" count="28"/>
        <line num="623" type="method" name="setDataCad" crap="1" count="23"/>
        <line num="625" type="stmt" count="23"/>
        <line num="626" type="stmt" count="23"/>
        <line num="628" type="method" name="getUrl" crap="1" count="17"/>
        <line num="630" type="stmt" count="17"/>
        <line num="633" type="method" name="setUrl" crap="1" count="5"/>
        <line num="635" type="stmt" count="5"/>
        <line num="636" type="stmt" count="4"/>
        <line num="638" type="method" name="getTipo" crap="1" count="33"/>
        <line num="640" type="stmt" count="33"/>
        <line num="643" type="method" name="setTipo" crap="1" count="26"/>
        <line num="645" type="stmt" count="26"/>
        <line num="646" type="stmt" count="26"/>
        <line num="648" type="method" name="getDataRev" crap="1" count="12"/>
        <line num="650" type="stmt" count="12"/>
        <line num="653" type="method" name="setDataRev" crap="1.12" count="1"/>
        <line num="655" type="stmt" count="1"/>
        <line num="656" type="stmt" count="0"/>
        <line num="658" type="method" name="getEmail" crap="1" count="17"/>
        <line num="660" type="stmt" count="17"/>
        <line num="663" type="method" name="setEmail" crap="1" count="4"/>
        <line num="665" type="stmt" count="4"/>
        <line num="666" type="stmt" count="4"/>
        <line num="668" type="method" name="getSituacao" crap="1" count="39"/>
        <line num="670" type="stmt" count="39"/>
        <line num="673" type="method" name="setSituacao" crap="1" count="36"/>
        <line num="675" type="stmt" count="36"/>
        <line num="676" type="stmt" count="36"/>
        <line num="678" type="method" name="getOrigemGravacao" crap="1" count="39"/>
        <line num="680" type="stmt" count="39"/>
        <line num="683" type="method" name="setOrigemGravacao" crap="1" count="39"/>
        <line num="685" type="stmt" count="39"/>
        <line num="686" type="stmt" count="39"/>
        <line num="688" type="method" name="getOperacao" crap="1" count="28"/>
        <line num="690" type="stmt" count="28"/>
        <line num="693" type="method" name="setOperacao" crap="1" count="28"/>
        <line num="695" type="stmt" count="28"/>
        <line num="696" type="stmt" count="28"/>
        <line num="698" type="method" name="getIdsisRev" crap="1" count="12"/>
        <line num="700" type="stmt" count="12"/>
        <line num="703" type="method" name="setIdsisRev" crap="2" count="0"/>
        <line num="705" type="stmt" count="0"/>
        <line num="706" type="stmt" count="0"/>
        <line num="708" type="method" name="getIdsisCad" crap="1" count="13"/>
        <line num="710" type="stmt" count="13"/>
        <line num="713" type="method" name="setIdsisCad" crap="1" count="28"/>
        <line num="715" type="stmt" count="28"/>
        <line num="716" type="stmt" count="28"/>
        <line num="718" type="method" name="getPessoaCad" crap="1" count="18"/>
        <line num="720" type="stmt" count="18"/>
        <line num="723" type="method" name="setPessoaCad" crap="1" count="5"/>
        <line num="725" type="stmt" count="5"/>
        <line num="726" type="stmt" count="5"/>
        <line num="728" type="method" name="getPessoaRev" crap="1" count="16"/>
        <line num="730" type="stmt" count="16"/>
        <line num="733" type="method" name="setPessoaRev" crap="1" count="1"/>
        <line num="735" type="stmt" count="1"/>
        <line num="736" type="stmt" count="1"/>
        <line num="738" type="method" name="getFisica" crap="2" count="0"/>
        <line num="740" type="stmt" count="0"/>
        <line num="743" type="method" name="setFisica" crap="2" count="0"/>
        <line num="745" type="stmt" count="0"/>
        <line num="746" type="stmt" count="0"/>
        <line num="753" type="method" name="getInputFilter" crap="2" count="20"/>
        <line num="755" type="stmt" count="20"/>
        <line num="756" type="stmt" count="20"/>
        <line num="757" type="stmt" count="20"/>
        <line num="759" type="stmt" count="20"/>
        <line num="760" type="stmt" count="20"/>
        <line num="761" type="stmt" count="20"/>
        <line num="763" type="stmt" count="20"/>
        <line num="764" type="stmt" count="20"/>
        <line num="765" type="stmt" count="20"/>
        <line num="767" type="stmt" count="20"/>
        <line num="768" type="stmt" count="20"/>
        <line num="769" type="stmt" count="20"/>
        <line num="771" type="stmt" count="20"/>
        <line num="772" type="stmt" count="20"/>
        <line num="773" type="stmt" count="20"/>
        <line num="776" type="stmt" count="20"/>
        <line num="778" type="stmt" count="20"/>
        <line num="779" type="stmt" count="20"/>
        <line num="780" type="stmt" count="20"/>
        <line num="781" type="stmt" count="20"/>
        <line num="782" type="stmt" count="20"/>
        <line num="783" type="stmt" count="20"/>
        <line num="784" type="stmt" count="20"/>
        <line num="786" type="stmt" count="20"/>
        <line num="787" type="stmt" count="20"/>
        <line num="788" type="stmt" count="20"/>
        <line num="789" type="stmt" count="20"/>
        <line num="791" type="stmt" count="20"/>
        <line num="792" type="stmt" count="20"/>
        <line num="793" type="stmt" count="20"/>
        <line num="796" type="stmt" count="20"/>
        <line num="798" type="stmt" count="20"/>
        <line num="799" type="stmt" count="20"/>
        <line num="800" type="stmt" count="20"/>
        <line num="801" type="stmt" count="20"/>
        <line num="802" type="stmt" count="20"/>
        <line num="803" type="stmt" count="20"/>
        <line num="804" type="stmt" count="20"/>
        <line num="806" type="stmt" count="20"/>
        <line num="807" type="stmt" count="20"/>
        <line num="808" type="stmt" count="20"/>
        <line num="810" type="stmt" count="20"/>
        <line num="811" type="stmt" count="20"/>
        <line num="812" type="stmt" count="20"/>
        <line num="813" type="stmt" count="20"/>
        <line num="814" type="stmt" count="20"/>
        <line num="817" type="stmt" count="20"/>
        <line num="818" type="stmt" count="20"/>
        <line num="820" type="stmt" count="20"/>
        <line num="821" type="stmt" count="20"/>
        <line num="822" type="stmt" count="20"/>
        <line num="823" type="stmt" count="20"/>
        <line num="824" type="stmt" count="20"/>
        <line num="825" type="stmt" count="20"/>
        <line num="826" type="stmt" count="20"/>
        <line num="828" type="stmt" count="20"/>
        <line num="829" type="stmt" count="20"/>
        <line num="830" type="stmt" count="20"/>
        <line num="832" type="stmt" count="20"/>
        <line num="833" type="stmt" count="20"/>
        <line num="834" type="stmt" count="20"/>
        <line num="836" type="stmt" count="20"/>
        <line num="837" type="stmt" count="20"/>
        <line num="838" type="stmt" count="20"/>
        <line num="840" type="stmt" count="20"/>
        <line num="841" type="stmt" count="20"/>
        <line num="842" type="stmt" count="20"/>
        <line num="844" type="stmt" count="20"/>
        <line num="845" type="stmt" count="20"/>
        <line num="846" type="stmt" count="20"/>
        <line num="849" type="stmt" count="20"/>
        <line num="850" type="stmt" count="20"/>
        <line num="851" type="stmt" count="20"/>
        <line num="852" type="stmt" count="20"/>
        <line num="854" type="stmt" count="20"/>
        <line num="855" type="stmt" count="20"/>
        <line num="856" type="stmt" count="20"/>
        <line num="858" type="stmt" count="20"/>
        <line num="859" type="stmt" count="20"/>
        <line num="860" type="stmt" count="20"/>
        <line num="861" type="stmt" count="20"/>
        <line num="862" type="stmt" count="20"/>
        <line num="865" type="stmt" count="20"/>
        <line num="867" type="stmt" count="20"/>
        <line num="868" type="stmt" count="20"/>
        <line num="869" type="stmt" count="20"/>
        <line num="870" type="stmt" count="20"/>
        <line num="871" type="stmt" count="20"/>
        <line num="872" type="stmt" count="20"/>
        <line num="873" type="stmt" count="20"/>
        <line num="875" type="stmt" count="20"/>
        <line num="876" type="stmt" count="20"/>
        <line num="877" type="stmt" count="20"/>
        <line num="879" type="stmt" count="20"/>
        <line num="880" type="stmt" count="20"/>
        <line num="881" type="stmt" count="20"/>
        <line num="882" type="stmt" count="20"/>
        <line num="883" type="stmt" count="20"/>
        <line num="886" type="stmt" count="20"/>
        <line num="888" type="stmt" count="20"/>
        <line num="889" type="stmt" count="20"/>
        <line num="890" type="stmt" count="20"/>
        <line num="891" type="stmt" count="20"/>
        <line num="892" type="stmt" count="20"/>
        <line num="893" type="stmt" count="20"/>
        <line num="894" type="stmt" count="20"/>
        <line num="896" type="stmt" count="20"/>
        <line num="897" type="stmt" count="20"/>
        <line num="898" type="stmt" count="20"/>
        <line num="900" type="stmt" count="20"/>
        <line num="901" type="stmt" count="20"/>
        <line num="902" type="stmt" count="20"/>
        <line num="903" type="stmt" count="20"/>
        <line num="904" type="stmt" count="20"/>
        <line num="907" type="stmt" count="20"/>
        <line num="909" type="stmt" count="20"/>
        <line num="910" type="stmt" count="20"/>
        <line num="911" type="stmt" count="20"/>
        <line num="912" type="stmt" count="20"/>
        <line num="913" type="stmt" count="20"/>
        <line num="914" type="stmt" count="20"/>
        <line num="915" type="stmt" count="20"/>
        <line num="917" type="stmt" count="20"/>
        <line num="918" type="stmt" count="20"/>
        <line num="919" type="stmt" count="20"/>
        <line num="921" type="stmt" count="20"/>
        <line num="922" type="stmt" count="20"/>
        <line num="923" type="stmt" count="20"/>
        <line num="925" type="stmt" count="20"/>
        <line num="926" type="stmt" count="20"/>
        <line num="927" type="stmt" count="20"/>
        <line num="929" type="stmt" count="20"/>
        <line num="930" type="stmt" count="20"/>
        <line num="931" type="stmt" count="20"/>
        <line num="933" type="