<?xml version="1.0" encoding="UTF-8"?>
<coverage generated="1449605631">
  <project timestamp="1449605631">
    <package name="Drh">
      <file name="/Users/eduardojunior/projetos/ieducar2/www/module/Drh/Module.php">
        <class name="Module" namespace="Drh">
          <metrics methods="3" coveredmethods="2" conditionals="0" coveredconditionals="0" statements="9" coveredstatements="5" elements="12" coveredelements="7"/>
        </class>
        <line num="17" type="method" name="onBootstrap" crap="2" count="0"/>
        <line num="19" type="stmt" count="0"/>
        <line num="20" type="stmt" count="0"/>
        <line num="21" type="stmt" count="0"/>
        <line num="22" type="stmt" count="0"/>
        <line num="24" type="method" name="getConfig" crap="1" count="11"/>
        <line num="26" type="stmt" count="11"/>
        <line num="29" type="method" name="getAutoloaderConfig" crap="1" count="11"/>
        <line num="34" type="stmt" count="11"/>
        <line num="35" type="stmt" count="11"/>
        <line num="36" type="stmt" count="11"/>
        <line num="37" type="stmt" count="11"/>
        <metrics loc="40" ncloc="33" classes="1" methods="3" coveredmethods="2" conditionals="0" coveredconditionals="0" statements="9" coveredstatements="5" elements="12" coveredelements="7"/>
      </file>
    </package>
    <file name="/Users/eduardojunior/projetos/ieducar2/www/module/Drh/config/module.config.php">
      <line num="26" type="stmt" count="11"/>
      <line num="28" type="stmt" count="11"/>
      <line num="30" type="stmt" count="11"/>
      <line num="31" type="stmt" count="11"/>
      <line num="32" type="stmt" count="11"/>
      <line num="33" type="stmt" count="11"/>
      <line num="34" type="stmt" count="11"/>
      <line num="35" type="stmt" count="11"/>
      <line num="38" type="stmt" count="11"/>
      <line num="40" type="stmt" count="11"/>
      <line num="42" type="stmt" count="11"/>
      <line num="43" type="stmt" count="11"/>
      <line num="44" type="stmt" count="11"/>
      <line num="46" type="stmt" count="11"/>
      <line num="47" type="stmt" count="11"/>
      <line num="48" type="stmt" count="11"/>
      <line num="49" type="stmt" count="11"/>
      <line num="50" type="stmt" count="11"/>
      <line num="51" type="stmt" count="11"/>
      <line num="52" type="stmt" count="11"/>
      <line num="55" type="stmt" count="11"/>
      <line num="56" type="stmt" count="11"/>
      <line num="57" type="stmt" count="11"/>
      <line num="59" type="stmt" count="11"/>
      <line num="60" type="stmt" count="11"/>
      <line num="61" type="stmt" count="11"/>
      <line num="63" type="stmt" count="11"/>
      <line num="66" type="stmt" count="11"/>
      <line num="67" type="stmt" count="11"/>
      <line num="68" type="stmt" count="11"/>
      <line num="69" type="stmt" count="11"/>
      <line num="70" type="stmt" count="11"/>
      <line num="71" type="stmt" count="11"/>
      <line num="74" type="stmt" count="11"/>
      <line num="75" type="stmt" count="11"/>
      <line num="76" type="stmt" count="11"/>
      <line num="78" type="stmt" count="11"/>
      <line num="79" type="stmt" count="11"/>
      <line num="82" type="stmt" count="11"/>
      <line num="83" type="stmt" count="11"/>
      <line num="84" type="stmt" count="11"/>
      <line num="89" type="stmt" count="11"/>
      <line num="90" type="stmt" count="11"/>
      <line num="91" type="stmt" count="11"/>
      <line num="94" type="stmt" count="11"/>
      <line num="95" type="stmt" count="11"/>
      <line num="96" type="stmt" count="11"/>
      <line num="97" type="stmt" count="11"/>
      <line num="98" type="stmt" count="11"/>
      <line num="101" type="stmt" count="11"/>
      <line num="102" type="stmt" count="11"/>
      <line num="103" type="stmt" count="11"/>
      <line num="104" type="stmt" count="11"/>
      <line num="106" type="stmt" count="11"/>
      <line num="107" type="stmt" count="11"/>
      <line num="108" type="stmt" count="11"/>
      <line num="109" type="stmt" count="11"/>
      <metrics loc="109" ncloc="80" classes="0" methods="0" coveredmethods="0" conditionals="0" coveredconditionals="0" statements="57" coveredstatements="57" elements="57" coveredelements="57"/>
    </file>
    <package name="Drh\Controller">
      <file name="/Users/eduardojunior/projetos/ieducar2/www/module/Drh/src/Drh/Controller/FuncionarioController.php">
        <class name="FuncionarioController" namespace="Drh\Controller" fullPackage="Controller" category="Portal" package="Controller">
          <metrics methods="6" coveredmethods="5" conditionals="0" coveredconditionals="0" statements="55" coveredstatements="53" elements="61" coveredelements="58"/>
        </class>
        <line num="31" type="method" name="setEntityManager" crap="2" count="0"/>
        <line num="33" type="stmt" count="0"/>
        <line num="34" type="stmt" count="0"/>
        <line num="36" type="method" name="getEntityManager" crap="2" count="9"/>
        <line num="38" type="stmt" count="9"/>
        <line num="39" type="stmt" count="9"/>
        <line num="40" type="stmt" count="9"/>
        <line num="41" type="stmt" count="9"/>
        <line num="48" type="method" name="indexAction" crap="1" count="1"/>
        <line num="51" type="stmt" count="1"/>
        <line num="53" type="stmt" count="1"/>
        <line num="54" type="stmt" count="1"/>
        <line num="55" type="stmt" count="1"/>
        <line num="57" type="stmt" count="1"/>
        <line num="59" type="stmt" count="1"/>
        <line num="61" type="stmt" count="1"/>
        <line num="67" type="method" name="buscaAction" crap="1" count="1"/>
        <line num="69" type="stmt" count="1"/>
        <line num="70" type="stmt" count="1"/>
        <line num="90" type="stmt" count="1"/>
        <line num="91" type="stmt" count="1"/>
        <line num="92" type="stmt" count="1"/>
        <line num="94" type="stmt" count="1"/>
        <line num="96" type="stmt" count="1"/>
        <line num="97" type="stmt" count="1"/>
        <line num="99" type="stmt" count="1"/>
        <line num="106" type="method" name="saveAction" crap="5" count="5"/>
        <line num="108" type="stmt" count="5"/>
        <line num="109" type="stmt" count="5"/>
        <line num="110" type="stmt" count="5"/>
        <line num="112" type="stmt" count="5"/>
        <line num="114" type="stmt" count="5"/>
        <line num="115" type="stmt" count="2"/>
        <line num="116" type="stmt" count="2"/>
        <line num="117" type="stmt" count="2"/>
        <line num="118" type="stmt" count="5"/>
        <line num="120" type="stmt" count="5"/>
        <line num="122" type="stmt" count="3"/>
        <line num="123" type="stmt" count="3"/>
        <line num="125" type="stmt" count="3"/>
        <line num="130" type="stmt" count="2"/>
        <line num="131" type="stmt" count="2"/>
        <line num="132" type="stmt" count="1"/>
        <line num="133" type="stmt" count="1"/>
        <line num="134" type="stmt" count="1"/>
        <line num="135" type="stmt" count="1"/>
        <line num="138" type="stmt" count="2"/>
        <line num="143" type="stmt" count="2"/>
        <line num="146" type="stmt" count="1"/>
        <line num="148" type="stmt" count="3"/>
        <line num="150" type="stmt" count="3"/>
        <line num="158" type="method" name="deleteAction" crap="3" count="3"/>
        <line num="160" type="stmt" count="3"/>
        <line num="161" type="stmt" count="3"/>
        <line num="162" type="stmt" count="3"/>
        <line num="165" type="stmt" count="2"/>
        <line num="166" type="stmt" count="2"/>
        <line num="167" type="stmt" count="1"/>
        <line num="168" type="stmt" count="2"/>
        <line num="169" type="stmt" count="1"/>
        <line num="172" type="stmt" count="1"/>
        <metrics loc="174" ncloc="138" classes="1" methods="6" coveredmethods="5" conditionals="0" coveredconditionals="0" statements="55" coveredstatements="53" elements="61" coveredelements="58"/>
      </file>
      <file name="/Users/eduardojunior/projetos/ieducar2/www/module/Drh/src/Drh/Controller/IndexController.php">
        <class name="IndexController" namespace="Drh\Controller" fullPackage="Controller" category="Drh" package="Controller">
          <metrics methods="0" coveredmethods="0" conditionals="0" coveredconditionals="0" statements="0" coveredstatements="0" elements="0" coveredelements="0"/>
        </class>
        <metrics loc="16" ncloc="9" classes="1" methods="0" coveredmethods="0" conditionals="0" coveredconditionals="0" statements="0" coveredstatements="0" elements="0" coveredelements="0"/>
      </file>
      <file name="/Users/eduardojunior/projetos/ieducar2/www/module/Drh/src/Drh/Controller/SetorController.php">
        <class name="SetorController" namespace="Drh\Controller" fullPackage="Controller" category="Drh" package="Controller">
          <metrics methods="3" coveredmethods="0" conditionals="0" coveredconditionals="0" statements="38" coveredstatements="7" elements="41" coveredelements="7"/>
        </class>
        <line num="26" type="method" name="indexAction" crap="2" count="0"/>
        <line num="28" type="stmt" count="0"/>
        <line num="30" type="stmt" count="0"/>
        <line num="32" type="stmt" count="0"/>
        <line num="35" type="method" name="saveAction" crap="30" count="0"/>
        <line num="37" type="stmt" count="0"/>
        <line num="38" type="stmt" count="0"/>
        <line num="39" type="stmt" count="0"/>
        <line num="41" type="stmt" count="0"/>
        <line num="42" type="stmt" count="0"/>
        <line num="43" type="stmt" count="0"/>
        <line num="44" type="stmt" count="0"/>
        <line num="45" type="stmt" count="0"/>
        <line num="46" type="stmt" count="0"/>
        <line num="47" type="stmt" count="0"/>
        <line num="49" type="stmt" count="0"/>
        <line num="50" type="stmt" count="0"/>
        <line num="52" type="stmt" count="0"/>
        <line num="53" type="stmt" count="0"/>
        <line num="57" type="stmt" count="0"/>
        <line num="58" type="stmt" count="0"/>
        <line num="59" type="stmt" count="0"/>
        <line num="63" type="stmt" count="0"/>
        <line num="65" type="stmt" count="0"/>
        <line num="70" type="stmt" count="0"/>
        <line num="71" type="stmt" count="0"/>
        <line num="72" type="stmt" count="0"/>
        <line num="73" type="stmt" count="0"/>
        <line num="74" type="stmt" count="0"/>
        <line num="76" type="stmt" count="0"/>
        <line num="78" type="stmt" count="0"/>
        <line num="86" type="method" name="deleteAction" crap="3.10" count="1"/>
        <line num="88" type="stmt" count="1"/>
        <line num="89" type="stmt" count="1"/>
        <line num="90" type="stmt" count="1"/>
        <line num="93" type="stmt" count="1"/>
        <line num="94" type="stmt" count="1"/>
        <line num="95" type="stmt" count="0"/>
        <line num="96" type="stmt" count="1"/>
        <line num="97" type="stmt" count="1"/>
        <line num="100" type="stmt" count="0"/>
        <metrics loc="101" ncloc="75" classes="1" methods="3" coveredmethods="0" conditionals="0" coveredconditionals="0" statements="38" coveredstatements="7" elements="41" coveredelements="7"/>
      </file>
    </package>
    <package name="Drh\Entity">
      <file name="/Users/eduardojunior/projetos/ieducar2/www/module/Drh/src/Drh/Entity/Funcionario.php">
        <class name="Funcionario" namespace="Drh\Entity" fullPackage="Drh.Funcionario" category="Entidade" package="Drh" subpackage="Funcionario">
          <metrics methods="32" coveredmethods="26" conditionals="0" coveredconditionals="0" statements="184" coveredstatements="172" elements="216" coveredelements="198"/>
        </class>
        <line num="155" type="method" name="getId" crap="1" count="5"/>
        <line num="157" type="stmt" count="5"/>
        <line num="160" type="method" name="getFisica" crap="1" count="6"/>
        <line num="162" type="stmt" count="6"/>
        <line num="165" type="method" name="setFisica" crap="1" count="7"/>
        <line num="167" type="stmt" count="7"/>
        <line num="168" type="stmt" count="7"/>
        <line num="170" type="method" name="getMatricula" crap="1" count="7"/>
        <line num="172" type="stmt" count="7"/>
        <line num="175" type="method" name="setMatricula" crap="1" count="7"/>
        <line num="177" type="stmt" count="7"/>
        <line num="178" type="stmt" count="7"/>
        <line num="180" type="method" name="getSenha" crap="1" count="5"/>
        <line num="182" type="stmt" count="5"/>
        <line num="185" type="method" name="setSenha" crap="1" count="7"/>
        <line num="187" type="stmt" count="7"/>
        <line num="188" type="stmt" count="7"/>
        <line num="190" type="method" name="getAtivo" crap="1" count="5"/>
        <line num="192" type="stmt" count="5"/>
        <line num="195" type="method" name="setAtivo" crap="1" count="7"/>
        <line num="197" type="stmt" count="7"/>
        <line num="198" type="stmt" count="7"/>
        <line num="200" type="method" name="getRamal" crap="1" count="8"/>
        <line num="201" type="stmt" count="8"/>
        <line num="202" type="stmt" count="5"/>
        <line num="205" type="method" name="setRamal" crap="2" count="0"/>
        <line num="207" type="stmt" count="0"/>
        <line num="208" type="stmt" count="0"/>
        <line num="210" type="method" name="getVinculo" crap="1" count="5"/>
        <line num="212" type="stmt" count="5"/>
        <line num="215" type="method" name="setVinculo" crap="1" count="2"/>
        <line num="217" type="stmt" count="2"/>
        <line num="218" type="stmt" count="2"/>
        <line num="220" type="method" name="getTempoExpiraConta" crap="1" count="5"/>
        <line num="222" type="stmt" count="5"/>
        <line num="225" type="method" name="setTempoExpiraConta" crap="1" count="2"/>
        <line num="227" type="stmt" count="2"/>
        <line num="228" type="stmt" count="2"/>
        <line num="230" type="method" name="getDataTrocaSenha" crap="1" count="5"/>
        <line num="232" type="stmt" count="5"/>
        <line num="235" type="method" name="setDataTrocaSenha" crap="1.30" count="8"/>
        <line num="236" type="stmt" count="8"/>
        <line num="237" type="stmt" count="0"/>
        <line num="238" type="stmt" count="0"/>
        <line num="240" type="method" name="getDataReativaConta" crap="1" count="5"/>
        <line num="242" type="stmt" count="5"/>
        <line num="245" type="method" name="setDataReativaConta" crap="2" count="0"/>
        <line num="247" type="stmt" count="0"/>
        <line num="248" type="stmt" count="0"/>
        <line num="250" type="method" name="getBanido" crap="1" count="5"/>
        <line num="252" type="stmt" count="5"/>
        <line num="255" type="method" name="setBanido" crap="1" count="2"/>
        <line num="257" type="stmt" count="2"/>
        <line num="258" type="stmt" count="2"/>
        <line num="260" type="method" name="getCodigoSetor" crap="1" count="5"/>
        <line num="262" type="stmt" count="5"/>
        <line num="265" type="method" name="setCodigoSetor" crap="1" count="2"/>
        <line num="267" type="stmt" count="2"/>
        <line num="268" type="stmt" count="2"/>
        <line num="270" type="method" name="getMatriculaPermanente" crap="1" count="5"/>
        <line num="272" type="stmt" count="5"/>
        <line num="275" type="method" name="setMatriculaPermanente" crap="1" count="2"/>
        <line num="277" type="stmt" count="2"/>
        <line num="278" type="stmt" count="2"/>
        <line num="280" type="method" name="getIpLogado" crap="1" count="5"/>
        <line num="282" type="stmt" count="5"/>
        <line num="285" type="method" name="setIpLogado" crap="2" count="0"/>
        <line num="287" type="stmt" count="0"/>
        <line num="288" type="stmt" count="0"/>
        <line num="290" type="method" name="getDataLogin" crap="1" count="5"/>
        <line num="292" type="stmt" count="5"/>
        <line num="295" type="method" name="setDataLogin" crap="2" count="0"/>
        <line num="297" type="stmt" count="0"/>
        <line num="298" type="stmt" count="0"/>
        <line num="300" type="method" name="getSuperAdmin" crap="1" count="5"/>
        <line num="302" type="stmt" count="5"/>
        <line num="305" type="method" name="setSuperAdmin" crap="1.30" count="8"/>
        <line num="306" type="stmt" count="8"/>
        <line num="307" type="stmt" count="0"/>
        <line num="308" type="stmt" count="0"/>
        <line num="321" type="method" name="getInputFilter" crap="2" count="8"/>
        <line num="324" type="stmt" count="8"/>
        <line num="326" type="stmt" count="8"/>
        <line num="327" type="stmt" count="8"/>
        <line num="329" type="stmt" count="8"/>
        <line num="330" type="stmt" count="8"/>
        <line num="331" type="stmt" count="8"/>
        <line num="333" type="stmt" count="8"/>
        <line num="334" type="stmt" count="8"/>
        <line num="335" type="stmt" count="8"/>
        <line num="337" type="stmt" count="8"/>
        <line num="338" type="stmt" count="8"/>
        <line num="339" type="stmt" count="8"/>
        <line num="341" type="stmt" count="8"/>
        <line num="342" type="stmt" count="8"/>
        <line num="343" type="stmt" count="8"/>
        <line num="346" type="stmt" count="8"/>
        <line num="347" type="stmt" count="8"/>
        <line num="349" type="stmt" count="8"/>
        <line num="350" type="stmt" count="8"/>
        <line num="351" type="stmt" count="8"/>
        <line num="352" type="stmt" count="8"/>
        <line num="353" type="stmt" count="8"/>
        <line num="354" type="stmt" count="8"/>
        <line num="355" type="stmt" count="8"/>
        <line num="357" type="stmt" count="8"/>
        <line num="358" type="stmt" count="8"/>
        <line num="359" type="stmt" count="8"/>
        <line num="361" type="stmt" count="8"/>
        <line num="362" type="stmt" count="8"/>
        <line num="363" type="stmt" count="8"/>
        <line num="366" type="stmt" count="8"/>
        <line num="367" type="stmt" count="8"/>
        <line num="369" type="stmt" count="8"/>
        <line num="370" type="stmt" count="8"/>
        <line num="371" type="stmt" count="8"/>
        <line num="372" type="stmt" count="8"/>
        <line num="373" type="stmt" count="8"/>
        <line num="374" type="stmt" count="8"/>
        <line num="375" type="stmt" count="8"/>
        <line num="377" type="stmt" count="8"/>
        <line num="378" type="stmt" count="8"/>
        <line num="379" type="stmt" count="8"/>
        <line num="381" type="stmt" count="8"/>
        <line num="382" type="stmt" count="8"/>
        <line num="383" type="stmt" count="8"/>
        <line num="386" type="stmt" count="8"/>
        <line num="387" type="stmt" count="8"/>
        <line num="388" type="stmt" count="8"/>
        <line num="389" type="stmt" count="8"/>
        <line num="391" type="stmt" count="8"/>
        <line num="392" type="stmt" count="8"/>
        <line num="393" type="stmt" count="8"/>
        <line num="396" type="stmt" count="8"/>
        <line num="397" type="stmt" count="8"/>
        <line num="399" type="stmt" count="8"/>
        <line num="400" type="stmt" count="8"/>
        <line num="401" type="stmt" count="8"/>
        <line num="402" type="stmt" count="8"/>
        <line num="403" type="stmt" count="8"/>
        <line num="404" type="stmt" count="8"/>
        <line num="405" type="stmt" count="8"/>
        <line num="407" type="stmt" count="8"/>
        <line num="408" type="stmt" count="8"/>
        <line num="409" type="stmt" count="8"/>
        <line num="411" type="stmt" count="8"/>
        <line num="412" type="stmt" count="8"/>
        <line num="413" type="stmt" count="8"/>
        <line num="415" type="stmt" count="8"/>
        <line num="416" type="stmt" count="8"/>
        <line num="417" type="stmt" count="8"/>
        <line num="419" type="stmt" count="8"/>
        <line num="420" type="stmt" count="8"/>
        <line num="421" type="stmt" count="8"/>
        <line num="423" type="stmt" count="8"/>
        <line num="424" type="stmt" count="8"/>
        <line num="425" type="stmt" count="8"/>
        <line num="427" type="stmt" count="8"/>
        <line num="428" type="stmt" count="8"/>
        <line num="429" type="stmt" count="8"/>
        <line num="431" type="stmt" count="8"/>
        <line num="432" type="stmt" count="8"/>
        <line num="433" type="stmt" count="8"/>
        <line num="435" type="stmt" count="8"/>
        <line num="436" type="stmt" count="8"/>
        <line num="437" type="stmt" count="8"/>
        <line num="439" type="stmt" count="8"/>
        <line num="440" type="stmt" count="8"/>
        <line num="441" type="stmt" count="8"/>
        <line num="443" type="stmt" count="8"/>
        <line num="444" type="stmt" count="8"/>
        <line num="445" type="stmt" count="8"/>
        <line num="447" type="stmt" count="8"/>
        <line num="448" type="stmt" count="8"/>
        <line num="449" type="stmt" count="8"/>
        <line num="451" type="stmt" count="8"/>
        <line num="452" type="stmt" count="8"/>
        <line num="453" type="stmt" count="8"/>
        <line num="455" type="stmt" count="8"/>
        <line num="456" type="stmt" count="8"/>
        <line num="457" type="stmt" count="8"/>
        <line num="458" type="stmt" count="8"/>
        <line num="460" type="stmt" count="8"/>
        <line num="461" type="stmt" count="8"/>
        <line num="462" type="stmt" count="8"/>
        <line num="465" type="stmt" count="8"/>
        <line num="466" type="stmt" count="8"/>
        <line num="468" type="stmt" count="8"/>
        <line num="469" type="stmt" count="8"/>
        <line num="470" type="stmt" count="8"/>
        <line num="471" type="stmt" count="8"/>
        <line num="472" type="stmt" count="8"/>
        <line num="473" type="stmt" count="8"/>
        <line num="474" type="stmt" count="8"/>
        <line num="476" type="stmt" count="8"/>
        <line num="477" type="stmt" count="8"/>
        <line num="478" type="stmt" count="8"/>
        <line num="480" type="stmt" count="8"/>
        <line num="481" type="stmt" count="8"/>
        <line num="482" type="stmt" count="8"/>
        <line num="484" type="stmt" count="8"/>
        <line num="485" type="stmt" count="8"/>
        <line num="486" type="stmt" count="8"/>
        <line num="488" type="stmt" count="8"/>
        <line num="489" type="stmt" count="8"/>
        <line num="490" type="stmt" count="8"/>
        <line num="492" type="stmt" count="8"/>
        <line num="493" type="stmt" count="8"/>
        <line num="494" type="stmt" count="8"/>
        <line num="495" type="stmt" count="8"/>
        <line num="497" type="stmt" count="8"/>
        <line num="498" type="stmt" count="8"/>
        <line num="500" type="stmt" count="8"/>
        <line num="502" type="stmt" count="8"/>
        <line num="503" type="stmt" count="8"/>
        <line num="505" type="stmt" count="8"/>
        <metrics loc="506" ncloc="384" classes="1" methods="32" coveredmethods="26" conditionals="0" coveredconditionals="0" statements="184" coveredstatements="172" elements="216" coveredelements="198"/>
      </file>
      <file name="/Users/eduardojunior/projetos/ieducar2/www/module/Drh/src/Drh/Entity/Setor.php">
        <class name="Setor" namespace="Drh\Entity" fullPackage="Drh.Setor" category="Entidade" package="Drh" subpackage="Setor">
          <metrics methods="31" coveredmethods="12" conditionals="0" coveredconditionals="0" statements="161" coveredstatements="121" elements="192" coveredelements="133"/>
        </class>
        <line num="154" type="method" name="timestamp" crap="2" count="4"/>
        <line num="156" type="stmt" count="4"/>
        <line num="157" type="stmt" count="4"/>
        <line num="158" type="stmt" count="4"/>
        <line num="159" type="stmt" count="4"/>
        <line num="161" type="method" name="setData" crap="272" count="0"/>
        <line num="163" type="stmt" count="0"/>
        <line num="164" type="stmt" count="0"/>
        <line num="165" type="stmt" count="0"/>
        <line num="166" type="stmt" count="0"/>
        <line num="167" type="stmt" count="0"/>
        <line num="168" type="stmt" count="0"/>
        <line num="170" type="stmt" count="0"/>
        <line num="171" type="stmt" count="0"/>
        <line num="172" type="stmt" count="0"/>
        <line num="173" type="stmt" count="0"/>
        <line num="174" type="stmt" count="0"/>
        <line num="175" type="stmt" count="0"/>
        <line num="176" type="stmt" count="0"/>
        <line num="177" type="stmt" count="0"/>
        <line num="178" type="stmt" count="0"/>
        <line num="179" type="stmt" count="0"/>
        <line num="185" type="method" name="getId" crap="1" count="2"/>
        <line num="187" type="stmt" count="2"/>
        <line num="190" type="method" name="setId" crap="2" count="0"/>
        <line num="192" type="stmt" count="0"/>
        <line num="193" type="stmt" count="0"/>
        <line num="195" type="method" name="getNome" crap="2" count="0"/>
        <line num="197" type="stmt" count="0"/>
        <line num="200" type="method" name="setNome" crap="1" count="4"/>
        <line num="201" type="stmt" count="4"/>
        <line num="202" type="stmt" count="4"/>
        <line num="203" type="stmt" count="4"/>
        <line num="205" type="method" name="getPessoaExclu" crap="2" count="0"/>
        <line num="207" type="stmt" count="0"/>
        <line num="210" type="method" name="setPessoaExclu" crap="2" count="0"/>
        <line num="212" type="stmt" count="0"/>
        <line num="213" type="stmt" count="0"/>
        <line num="215" type="method" name="getPessoaCad" crap="2" count="0"/>
        <line num="217" type="stmt" count="0"/>
        <line num="220" type="method" name="setPessoaCad" crap="2" count="0"/>
        <line num="222" type="stmt" count="0"/>
        <line num="223" type="stmt" count="0"/>
        <line num="225" type="method" name="getRefCodSetor" crap="2" count="0"/>
        <line num="227" type="stmt" count="0"/>
        <line num="230" type="method" name="setRefCodSetor" crap="2" count="0"/>
        <line num="232" type="stmt" count="0"/>
        <line num="233" type="stmt" count="0"/>
        <line num="235" type="method" name="getDataCadastro" crap="1" count="4"/>
        <line num="236" type="stmt" count="4"/>
        <line num="237" type="stmt" count="4"/>
        <line num="240" type="method" name="setDataCadastro" crap="1" count="4"/>
        <line num="242" type="stmt" count="4"/>
        <line num="243" type="stmt" count="4"/>
        <line num="245" type="method" name="getDataExclusao" crap="2" count="0"/>
        <line num="247" type="stmt" count="0"/>
        <line num="250" type="method" name="setDataExclusao" crap="2" count="0"/>
        <line num="252" type="stmt" count="0"/>
        <line num="253" type="stmt" count="0"/>
        <line num="255" type="method" name="getAtivo" crap="2" count="0"/>
        <line num="257" type="stmt" count="0"/>
        <line num="260" type="method" name="setAtivo" crap="1" count="1"/>
        <line num="262" type="stmt" count="1"/>
        <line num="263" type="stmt" count="1"/>
        <line num="265" type="method" name="getNoPaco" crap="2" count="0"/>
        <line num="267" type="stmt" count="0"/>
        <line num="270" type="method" name="setNoPaco" crap="1" count="1"/>
        <line num="272" type="stmt" count="1"/>
        <line num="273" type="stmt" count="1"/>
        <line num="275" type="method" name="getEndereco" crap="2" count="0"/>
        <line num="277" type="stmt" count="0"/>
        <line num="280" type="method" name="setEndereco" crap="1" count="1"/>
        <line num="282" type="stmt" count="1"/>
        <line num="283" type="stmt" count="1"/>
        <line num="285" type="method" name="getTipo" crap="2" count="0"/>
        <line num="287" type="stmt" count="0"/>
        <line num="290" type="method" name="setTipo" crap="1" count="4"/>
        <line num="292" type="stmt" count="4"/>
        <line num="293" type="stmt" count="4"/>
        <line num="295" type="method" name="getSecretario" crap="2" count="0"/>
        <line num="297" type="stmt" count="0"/>
        <line num="300" type="method" name="setSecretario" crap="2" count="0"/>
        <line num="302" type="stmt" count="0"/>
        <line num="303" type="stmt" count="0"/>
        <line num="305" type="method" name="getSiglaSetor" crap="1.12" count="4"/>
        <line num="306" type="stmt" count="4"/>
        <line num="307" type="stmt" count="0"/>
        <line num="310" type="method" name="setSiglaSetor" crap="1" count="4"/>
        <line num="312" type="stmt" count="4"/>
        <line num="313" type="stmt" count="4"/>
        <line num="315" type="method" name="getNivel" crap="2" count="0"/>
        <line num="317" type="stmt" count="0"/>
        <line num="320" type="method" name="setNivel" crap="1" count="1"/>
        <line num="322" type="stmt" count="1"/>
        <line num="323" type="stmt" count="1"/>
        <line num="335" type="method" name="getInputFilter" crap="2" count="4"/>
        <line num="337" type="stmt" count="4"/>
        <line num="338" type="stmt" count="4"/>
        <line num="339" type="stmt" count="4"/>
        <line num="341" type="stmt" count="4"/>
        <line num="342" type="stmt" count="4"/>
        <line num="343" type="stmt" count="4"/>
        <line num="345" type="stmt" count="4"/>
        <line num="346" type="stmt" count="4"/>
        <line num="347" type="stmt" count="4"/>
        <line num="349" type="stmt" count="4"/>
        <line num="350" type="stmt" count="4"/>
        <line num="351" type="stmt" count="4"/>
        <line num="353" type="stmt" count="4"/>
        <line num="354" type="stmt" count="4"/>
        <line num="355" type="stmt" count="4"/>
        <line num="358" type="stmt" count="4"/>
        <line num="360" type="stmt" count="4"/>
        <line num="361" type="stmt" count="4"/>
        <line num="362" type="stmt" count="4"/>
        <line num="363" type="stmt" count="4"/>
        <line num="364" type="stmt" count="4"/>
        <line num="365" type="stmt" count="4"/>
        <line num="366" type="stmt" count="4"/>
        <line num="368" type="stmt" count="4"/>
        <line num="369" type="stmt" count="4"/>
        <line num="370" type="stmt" count="4"/>
        <line num="372" type="stmt" count="4"/>
        <line num="373" type="stmt" count="4"/>
        <line num="374" type="stmt" count="4"/>
        <line num="376" type="stmt" count="4"/>
        <line num="377" type="stmt" count="4"/>
        <line num="378" type="stmt" count="4"/>
        <line num="380" type="stmt" count="4"/>
        <line num="381" type="stmt" count="4"/>
        <line num="382" type="stmt" count="4"/>
        <line num="384" type="stmt" count="4"/>
        <line num="385" type="stmt" count="4"/>
        <line num="386" type="stmt" count="4"/>
        <line num="388" type="stmt" count="4"/>
        <line num="389" type="stmt" count="4"/>
        <line num="390" type="stmt" count="4"/>
        <line num="392" type="stmt" count="4"/>
        <line num="393" type="stmt" count="4"/>
        <line num="395" type="stmt" count="4"/>
        <line num="397" type="stmt" count="4"/>
        <line num="398" type="stmt" count="4"/>
        <line num="399" type="stmt" count="4"/>
        <line num="402" type="stmt" count="4"/>
        <line num="404" type="stmt" count="4"/>
        <line num="405" type="stmt" count="4"/>
        <line num="406" type="stmt" count="4"/>
        <line num="407" type="stmt" count="4"/>
        <line num="408" type="stmt" count="4"/>
        <line num="409" type="stmt" count="4"/>
        <line num="410" type="stmt" count="4"/>
        <line num="412" type="stmt" count="4"/>
        <line num="413" type="stmt" count="4"/>
        <line num="414" type="stmt" count="4"/>
        <line num="416" type="stmt" count="4"/>
        <line num="417" type="stmt" count="4"/>
        <line num="418" type="stmt" count="4"/>
        <line num="420" type="stmt" count="4"/>
        <line num="421" type="stmt" count="4"/>
        <line num="422" type="stmt" count="4"/>
        <line num="424" type="stmt" count="4"/>
        <line num="425" type="stmt" count="4"/>
        <line num="426" type="stmt" count="4"/>
        <line num="428" type="stmt" count="4"/>
        <line num="429" type="stmt" count="4"/>
        <line num="430" type="stmt" count="4"/>
        <line num="432" type="stmt" count="4"/>
        <line num="433" type="stmt" count="4"/>
        <line num="434" type="stmt" count="4"/>
        <line num="436" type="stmt" count="4"/>
        <line num="437" type="stmt" count="4"/>
        <line num="438" type="stmt" count="4"/>
        <line num="440" type="stmt" count="4"/>
        <line num="441" type="stmt" count="4"/>
        <line num="442" type="stmt" count="4"/>
        <line num="445" type="stmt" count="4"/>
        <line num="447" type="stmt" count="4"/>
        <line num="448" type="stmt" count="4"/>
        <line num="449" type="stmt" count="4"/>
        <line num="450" type="stmt" count="4"/>
        <line num="451" type="stmt" count="4"/>
        <line num="452" type="stmt" count="4"/>
        <line num="453" type="stmt" count="4"/>
        <line num="455" type="stmt" count="4"/>
        <line num="456" type="stmt" count="4"/>
        <line num="457" type="stmt" count="4"/>
        <line num="459" type="stmt" count="4"/>
        <line num="460" type="stmt" count="4"/>
        <line num="461" type="stmt" count="4"/>
        <line num="463" type="stmt" count="4"/>
        <line num="464" type="stmt" count="4"/>
        <line num="465" type="stmt" count="4"/>
        <metrics loc="466" ncloc="345" classes="1" methods="31" coveredmethods="12" conditionals="0" coveredconditionals="0" statements="161" coveredstatements="121" elements="192" coveredelements="133"/>
      </file>
    </package>
    <package name="Drh\Fixture">
      <file name="/Users/eduardojunior/projetos/ieducar2/www/module/Drh/src/Drh/Fixture/FuncionarioLoad.php">
        <class name="FuncionarioLoad" namespace="Drh\Fixture">
          <metrics methods="2" coveredmethods="0" conditionals="0" coveredconditionals="0" statements="13" coveredstatements="0" elements="15" coveredelements="0"/>
        </class>
        <line num="13" type="method" name="load" crap="2" count="0"/>
        <line num="14" type="stmt" count="0"/>
        <line num="16" type="stmt" count="0"/>
        <line num="17" type="stmt" count="0"/>
        <line num="18" type="stmt" count="0"/>
        <line num="19" type="stmt" count="0"/>
        <line num="20" type="stmt" count="0"/>
        <line num="21" type="stmt" count="0"/>
        <line num="22" type="stmt" count="0"/>
        <line num="23" type="stmt" count="0"/>
        <line num="25" type="stmt" count="0"/>
        <line num="27" type="method" name="getOrder" crap="2" count="0"/>
        <line num="28" type="stmt" count="0"/>
        <line num="29" type="stmt" count="0"/>
        <line num="30" type="stmt" count="0"/>
        <metrics loc="30" ncloc="30" classes="1" methods="2" coveredmethods="0" conditionals="0" coveredconditionals="0" statements="13" coveredstatements="0" elements="15" coveredelements="0"/>
      </file>
    </package>
    <package name="Drh\Form">
      <file name="/Users/eduardojunior/projetos/ieducar2/www/module/Drh/src/Drh/Form/Funcionario.php">
        <class name="Funcionario" namespace="Drh\Form">
          <metrics methods="1" coveredmethods="1" conditionals="0" coveredconditionals="0" statements="132" coveredstatements="132" elements="133" coveredelements="133"/>
        </class>
        <line num="11" type="method" name="__construct" crap="1" count="5"/>
        <line num="13" type="stmt" count="5"/>
        <line num="14" type="stmt" count="5"/>
        <line num="15" type="stmt" count="5"/>
        <line num="16" type="stmt" count="5"/>
        <line num="18" type="stmt" count="5"/>
        <line num="20" type="stmt" count="5"/>
        <line num="21" type="stmt" count="5"/>
        <line num="24" type="stmt" count="5"/>
        <line num="25" type="stmt" count="5"/>
        <line num="27" type="stmt" count="5"/>
        <line num="28" type="stmt" count="5"/>
        <line num="30" type="stmt" count="5"/>
        <line num="32" type="stmt" count="5"/>
        <line num="33" type="stmt" count="5"/>
        <line num="35" type="stmt" count="5"/>
        <line num="36" type="stmt" count="5"/>
        <line num="37" type="stmt" count="5"/>
        <line num="38" type="stmt" count="5"/>
        <line num="39" type="stmt" count="5"/>
        <line num="40" type="stmt" count="5"/>
        <line num="41" type="stmt" count="5"/>
        <line num="44" type="stmt" count="5"/>
        <line num="45" type="stmt" count="5"/>
        <line num="48" type="stmt" count="5"/>
        <line num="51" type="stmt" count="5"/>
        <line num="52" type="stmt" count="5"/>
        <line num="54" type="stmt" count="5"/>
        <line num="55" type="stmt" count="5"/>
        <line num="58" type="stmt" count="5"/>
        <line num="61" type="stmt" count="5"/>
        <line num="62" type="stmt" count="5"/>
        <line num="64" type="stmt" count="5"/>
        <line num="65" type="stmt" count="5"/>
        <line num="68" type="stmt" count="5"/>
        <line num="71" type="stmt" count="5"/>
        <line num="72" type="stmt" count="5"/>
        <line num="74" type="stmt" count="5"/>
        <line num="75" type="stmt" count="5"/>
        <line num="78" type="stmt" count="5"/>
        <line num="79" type="stmt" count="5"/>
        <line num="81" type="stmt" count="5"/>
        <line num="83" type="stmt" count="5"/>
        <line num="84" type="stmt" count="5"/>
        <line num="85" type="stmt" count="5"/>
        <line num="86" type="stmt" count="5"/>
        <line num="89" type="stmt" count="5"/>
        <line num="90" type="stmt" count="5"/>
        <line num="92" type="stmt" count="5"/>
        <line num="93" type="stmt" count="5"/>
        <line num="96" type="stmt" count="5"/>
        <line num="97" type="stmt" count="5"/>
        <line num="99" type="stmt" count="5"/>
        <line num="101" type="stmt" count="5"/>
        <line num="102" type="stmt" count="5"/>
        <line num="103" type="stmt" count="5"/>
        <line num="104" type="stmt" count="5"/>
        <line num="106" type="stmt" count="5"/>
        <line num="107" type="stmt" count="5"/>
        <line num="110" type="stmt" count="5"/>
        <line num="111" type="stmt" count="5"/>
        <line num="113" type="stmt" count="5"/>
        <line num="114" type="stmt" count="5"/>
        <line num="117" type="stmt" count="5"/>
        <line num="118" type="stmt" count="5"/>
        <line num="120" type="stmt" count="5"/>
        <line num="122" type="stmt" count="5"/>
        <line num="123" type="stmt" count="5"/>
        <line num="124" type="stmt" count="5"/>
        <line num="125" type="stmt" count="5"/>
        <line num="126" type="stmt" count="5"/>
        <line num="127" type="stmt" count="5"/>
        <line num="128" type="stmt" count="5"/>
        <line num="129" type="stmt" count="5"/>
        <line num="130" type="stmt" count="5"/>
        <line num="131" type="stmt" count="5"/>
        <line num="132" type="stmt" count="5"/>
        <line num="133" type="stmt" count="5"/>
        <line num="134" type="stmt" count="5"/>
        <line num="135" type="stmt" count="5"/>
        <line num="136" type="stmt" count="5"/>
        <line num="137" type="stmt" count="5"/>
        <line num="138" type="stmt" count="5"/>
        <line num="139" type="stmt" count="5"/>
        <line num="141" type="stmt" count="5"/>
        <line num="142" type="stmt" count="5"/>
        <line num="145" type="stmt" count="5"/>
        <line num="146" type="stmt" count="5"/>
        <line num="148" type="stmt" count="5"/>
        <line num="149" type="stmt" count="5"/>
        <line num="152" type="stmt" count="5"/>
        <line num="153" type="stmt" count="5"/>
        <line num="155" type="stmt" count="5"/>
        <line num="156" type="stmt" count="5"/>
        <line num="158" type="stmt" count="5"/>
        <line num="159" type="stmt" count="5"/>
        <line num="161" type="stmt" count="5"/>
        <line num="162" type="stmt" count="5"/>
        <line num="165" type="stmt" count="5"/>
        <line num="166" type="stmt" count="5"/>
        <line num="168" type="stmt" count="5"/>
        <line num="169" type="stmt" count="5"/>
        <line num="171" type="stmt" count="5"/>
        <line num="172" type="stmt" count="5"/>
        <line num="174" type="stmt" count="5"/>
        <line num="175" type="stmt" count="5"/>
        <line num="177" type="stmt" count="5"/>
        <line num="178" type="stmt" count="5"/>
        <line num="179" type="stmt" count="5"/>
        <line num="181" type="stmt" count="5"/>
        <line num="182" type="stmt" count="5"/>
        <line num="183" type="stmt" count="5"/>
        <line num="184" type="stmt" count="5"/>
        <line num="185" type="stmt" count="5"/>
        <line num="186" type="stmt" count="5"/>
        <line num="187" type="stmt" count="5"/>
        <line num="189" type="stmt" count="5"/>
        <line num="190" type="stmt" count="5"/>
        <line num="193" type="stmt" count="5"/>
        <line num="194" type="stmt" count="5"/>
        <line num="196" type="stmt" count="5"/>
        <line num="197" type="stmt" count="5"/>
        <line num="199" type="stmt" count="5"/>
        <line num="200" type="stmt" count="5"/>
        <line num="202" type="stmt" count="5"/>
        <line num="203" type="stmt" count="5"/>
        <line num="205" type="stmt" count="5"/>
        <line num="206" type="stmt" count="5"/>
        <line num="207" type="stmt" count="5"/>
        <line num="208" type="stmt" count="5"/>
        <line num="209" type="stmt" count="5"/>
        <line num="210" type="stmt" count="5"/>
        <line num="212" type="stmt" count="5"/>
        <metrics loc="212" ncloc="212" classes="1" methods="1" coveredmethods="1" conditionals="0" coveredconditionals="0" statements="132" coveredstatements="132" elements="133" coveredelements="133"/>
      </file>
      <file name="/Users/eduardojunior/projetos/ieducar2/www/module/Drh/src/Drh/Form/Setor.php">
        <class name="Setor" namespace="Drh\Form">
          <metrics methods="1" coveredmethods="0" conditionals="0" coveredconditionals="0" statements="119" coveredstatements="0" elements="120" coveredelements="0"/>
        </class>
        <line num="9" type="method" name="__construct" crap="2" count="0"/>
        <line num="10" type="stmt" count="0"/>
        <line num="11" type="stmt" count="0"/>
        <line num="12" type="stmt" count="0"/>
        <line num="13" type="stmt" count="0"/>
        <line num="15" type="stmt" count="0"/>
        <line num="16" type="stmt" count="0"/>
        <line num="17" type="stmt" count="0"/>
        <line num="18" type="stmt" count="0"/>
        <line num="19" type="stmt" count="0"/>
        <line num="20" type="stmt" count="0"/>
        <line num="22" type="stmt" count="0"/>
        <line num="23" type="stmt" count="0"/>
        <line num="24" type="stmt" count="0"/>
        <line num="25" type="stmt" count="0"/>
        <line num="26" type="stmt" count="0"/>
        <line num="27" type="stmt" count="0"/>
        <line num="28" type="stmt" count="0"/>
        <line num="29" type="stmt" count="0"/>
        <line num="30" type="stmt" count="0"/>
        <line num="31" type="stmt" count="0"/>
        <line num="32" type="stmt" count="0"/>
        <line num="33" type="stmt" count="0"/>
        <line num="34" type="stmt" count="0"/>
        <line num="35" type="stmt" count="0"/>
        <line num="37" type="stmt" count="0"/>
        <line num="38" type="stmt" count="0"/>
        <line num="39" type="stmt" count="0"/>
        <line num="40" type="stmt" count="0"/>
        <line num="41" type="stmt" count="0"/>
        <line num="42" type="stmt" count="0"/>
        <line num="43" type="stmt" count="0"/>
        <line num="44" type="stmt" count="0"/>
        <line num="45" type="stmt" count="0"/>
        <line num="48" type="stmt" count="0"/>
        <line num="49" type="stmt" count="0"/>
        <line num="50" type="stmt" count="0"/>
        <line num="51" type="stmt" count="0"/>
        <line num="52" type="stmt" count="0"/>
        <line num="53" type="stmt" count="0"/>
        <line num="54" type="stmt" count="0"/>
        <line num="55" type="stmt" count="0"/>
        <line num="56" type="stmt" count="0"/>
        <line num="58" type="stmt" count="0"/>
        <line num="59" type="stmt" count="0"/>
        <line num="60" type="stmt" count="0"/>
        <line num="61" type="stmt" count="0"/>
        <line num="62" type="stmt" count="0"/>
        <line num="63" type="stmt" count="0"/>
        <line num="64" type="stmt" count="0"/>
        <line num="65" type="stmt" count="0"/>
        <line num="66" type="stmt" count="0"/>
        <line num="68" type="stmt" count="0"/>
        <line num="69" type="stmt" count="0"/>
        <line num="70" type="stmt" count="0"/>
        <line num="71" type="stmt" count="0"/>
        <line num="72" type="stmt" count="0"/>
        <line num="73" type="stmt" count="0"/>
        <line num="74" type="stmt" count="0"/>
        <line num="75" type="stmt" count="0"/>
        <line num="76" type="stmt" count="0"/>
        <line num="78" type="stmt" count="0"/>
        <line num="79" type="stmt" count="0"/>
        <line num="80" type="stmt" count="0"/>
        <line num="81" type="stmt" count="0"/>
        <line num="82" type="stmt" count="0"/>
        <line num="83" type="stmt" count="0"/>
        <line num="84" type="stmt" count="0"/>
        <line num="85" type="stmt" count="0"/>
        <line num="86" type="stmt" count="0"/>
        <line num="87" type="stmt" count="0"/>
        <line num="88" type="stmt" count="0"/>
        <line num="89" type="stmt" count="0"/>
        <line num="90" type="stmt" count="0"/>
        <line num="91" type="stmt" count="0"/>
        <line num="92" type="stmt" count="0"/>
        <line num="93" type="stmt" count="0"/>
        <line num="94" type="stmt" count="0"/>
        <line num="95" type="stmt" count="0"/>
        <line num="96" type="stmt" count="0"/>
        <line num="98" type="stmt" count="0"/>
        <line num="99" type="stmt" count="0"/>
        <line num="100" type="stmt" count="0"/>
        <line num="101" type="stmt" count="0"/>
        <line num="102" type="stmt" count="0"/>
        <line num="103" type="stmt" count="0"/>
        <line num="104" type="stmt" count="0"/>
        <line num="105" type="stmt" count="0"/>
        <line num="106" type="stmt" count="0"/>
        <line num="107" type="stmt" count="0"/>
        <line num="108" type="stmt" count="0"/>
        <line num="109" type="stmt" count="0"/>
        <line num="110" type="stmt" count="0"/>
        <line num="111" type="stmt" count="0"/>
        <line num="113" type="stmt" count="0"/>
        <line num="114" type="stmt" count="0"/>
        <line num="115" type="stmt" count="0"/>
        <line num="116" type="stmt" count="0"/>
        <line num="117" type="stmt" count="0"/>
        <line num="118" type="stmt" count="0"/>
        <line num="119" type="stmt" count="0"/>
        <line num="120" type="stmt" count="0"/>
        <line num="121" type="stmt" count="0"/>
        <line num="122" type="stmt" count="0"/>
        <line num="123" type="stmt" count="0"/>
        <line num="124" type="stmt" count="0"/>
        <line num="125" type="stmt" count="0"/>
        <line num="126" type="stmt" count="0"/>
        <line num="127" type="stmt" count="0"/>
        <line num="128" type="stmt" count="0"/>
        <line num="129" type="stmt" count="0"/>
        <line num="131" type="stmt" count="0"/>
        <line num="132" type="stmt" count="0"/>
        <line num="133" type="stmt" count="0"/>
        <line num="134" type="stmt" count="0"/>
        <line num="135" type="stmt" count="0"/>
        <line num="136" type="stmt" count="0"/>
        <line num="137" type="stmt" count="0"/>
        <line num="138" type="stmt" count="0"/>
        <line num="140" type="stmt" count="0"/>
        <metrics loc="140" ncloc="140" classes="1" methods="1" coveredmethods="0" conditionals="0" coveredconditionals="0" statements="119" coveredstatements="0" elements="120" coveredelements="0"/>
      </file>
    </package>
    <metrics files="10" loc="1794" ncloc="1446" classes="9" methods="79" coveredmethods="46" conditionals="0" coveredconditionals="0" statements="768" coveredstatements="547" elements="847" coveredelements="593"/>
  </project>
</coverage>
