<?xml version="1.0" encoding="UTF-8"?>
<coverage generated="1449785238">
  <project timestamp="1449785238">
    <package name="Drh">
      <file name="/Users/eduardojunior/projetos/ieducar2/www/module/Drh/Module.php">
        <class name="Module" namespace="Drh">
          <metrics methods="3" coveredmethods="2" conditionals="0" coveredconditionals="0" statements="9" coveredstatements="5" elements="12" coveredelements="7"/>
        </class>
        <line num="17" type="method" name="onBootstrap" crap="2" count="0"/>
        <line num="19" type="stmt" count="0"/>
        <line num="20" type="stmt" count="0"/>
        <line num="21" type="stmt" count="0"/>
        <line num="22" type="stmt" count="0"/>
        <line num="24" type="method" name="getConfig" crap="1" count="31"/>
        <line num="26" type="stmt" count="31"/>
        <line num="29" type="method" name="getAutoloaderConfig" crap="1" count="31"/>
        <line num="34" type="stmt" count="31"/>
        <line num="35" type="stmt" count="31"/>
        <line num="36" type="stmt" count="31"/>
        <line num="37" type="stmt" count="31"/>
        <metrics loc="43" ncloc="36" classes="1" methods="3" coveredmethods="2" conditionals="0" coveredconditionals="0" statements="9" coveredstatements="5" elements="12" coveredelements="7"/>
      </file>
    </package>
    <file name="/Users/eduardojunior/projetos/ieducar2/www/module/Drh/config/module.config.php">
      <line num="16" type="stmt" count="31"/>
      <line num="18" type="stmt" count="31"/>
      <line num="20" type="stmt" count="31"/>
      <line num="21" type="stmt" count="31"/>
      <line num="22" type="stmt" count="31"/>
      <line num="23" type="stmt" count="31"/>
      <line num="24" type="stmt" count="31"/>
      <line num="25" type="stmt" count="31"/>
      <line num="28" type="stmt" count="31"/>
      <line num="30" type="stmt" count="31"/>
      <line num="32" type="stmt" count="31"/>
      <line num="33" type="stmt" count="31"/>
      <line num="34" type="stmt" count="31"/>
      <line num="36" type="stmt" count="31"/>
      <line num="37" type="stmt" count="31"/>
      <line num="38" type="stmt" count="31"/>
      <line num="42" type="stmt" count="31"/>
      <line num="43" type="stmt" count="31"/>
      <line num="44" type="stmt" count="31"/>
      <line num="45" type="stmt" count="31"/>
      <line num="46" type="stmt" count="31"/>
      <line num="47" type="stmt" count="31"/>
      <line num="48" type="stmt" count="31"/>
      <line num="51" type="stmt" count="31"/>
      <line num="52" type="stmt" count="31"/>
      <line num="53" type="stmt" count="31"/>
      <line num="55" type="stmt" count="31"/>
      <line num="56" type="stmt" count="31"/>
      <line num="57" type="stmt" count="31"/>
      <line num="59" type="stmt" count="31"/>
      <line num="62" type="stmt" count="31"/>
      <line num="63" type="stmt" count="31"/>
      <line num="64" type="stmt" count="31"/>
      <line num="65" type="stmt" count="31"/>
      <line num="66" type="stmt" count="31"/>
      <line num="67" type="stmt" count="31"/>
      <line num="70" type="stmt" count="31"/>
      <line num="71" type="stmt" count="31"/>
      <line num="72" type="stmt" count="31"/>
      <line num="74" type="stmt" count="31"/>
      <line num="75" type="stmt" count="31"/>
      <line num="77" type="stmt" count="5"/>
      <line num="78" type="stmt" count="26"/>
      <line num="79" type="stmt" count="31"/>
      <line num="80" type="stmt" count="31"/>
      <line num="85" type="stmt" count="26"/>
      <line num="86" type="stmt" count="31"/>
      <line num="87" type="stmt" count="31"/>
      <line num="88" type="stmt" count="5"/>
      <line num="90" type="stmt" count="26"/>
      <line num="91" type="stmt" count="31"/>
      <line num="92" type="stmt" count="31"/>
      <line num="93" type="stmt" count="31"/>
      <line num="94" type="stmt" count="31"/>
      <line num="95" type="stmt" count="5"/>
      <line num="97" type="stmt" count="26"/>
      <line num="98" type="stmt" count="31"/>
      <line num="99" type="stmt" count="31"/>
      <line num="100" type="stmt" count="31"/>
      <line num="101" type="stmt" count="5"/>
      <line num="102" type="stmt" count="26"/>
      <line num="103" type="stmt" count="31"/>
      <line num="104" type="stmt" count="31"/>
      <line num="105" type="stmt" count="31"/>
      <metrics loc="106" ncloc="97" classes="0" methods="0" coveredmethods="0" conditionals="0" coveredconditionals="0" statements="64" coveredstatements="64" elements="64" coveredelements="64"/>
    </file>
    <package name="Drh\Controller">
      <file name="/Users/eduardojunior/projetos/ieducar2/www/module/Drh/src/Drh/Controller/FuncionarioController.php">
        <class name="FuncionarioController" namespace="Drh\Controller" fullPackage="Controller" category="Portal" package="Controller">
          <metrics methods="5" coveredmethods="4" conditionals="0" coveredconditionals="0" statements="67" coveredstatements="57" elements="72" coveredelements="61"/>
        </class>
        <line num="30" type="method" name="indexAction" crap="1" count="1"/>
        <line num="33" type="stmt" count="1"/>
        <line num="35" type="stmt" count="1"/>
        <line num="36" type="stmt" count="1"/>
        <line num="37" type="stmt" count="1"/>
        <line num="39" type="stmt" count="1"/>
        <line num="41" type="stmt" count="1"/>
        <line num="43" type="stmt" count="1"/>
        <line num="49" type="method" name="buscaAction" crap="1" count="1"/>
        <line num="51" type="stmt" count="1"/>
        <line num="52" type="stmt" count="1"/>
        <line num="72" type="stmt" count="1"/>
        <line num="73" type="stmt" count="1"/>
        <line num="74" type="stmt" count="1"/>
        <line num="76" type="stmt" count="1"/>
        <line num="78" type="stmt" count="1"/>
        <line num="79" type="stmt" count="1"/>
        <line num="81" type="stmt" count="1"/>
        <line num="88" type="method" name="saveAction" crap="5" count="5"/>
        <line num="90" type="stmt" count="5"/>
        <line num="91" type="stmt" count="5"/>
        <line num="92" type="stmt" count="5"/>
        <line num="94" type="stmt" count="5"/>
        <line num="96" type="stmt" count="5"/>
        <line num="97" type="stmt" count="2"/>
        <line num="98" type="stmt" count="2"/>
        <line num="99" type="stmt" count="2"/>
        <line num="100" type="stmt" count="5"/>
        <line num="102" type="stmt" count="5"/>
        <line num="105" type="stmt" count="3"/>
        <line num="106" type="stmt" count="3"/>
        <line num="107" type="stmt" count="3"/>
        <line num="108" type="stmt" count="3"/>
        <line num="111" type="stmt" count="3"/>
        <line num="112" type="stmt" count="3"/>
        <line num="114" type="stmt" count="3"/>
        <line num="116" type="stmt" count="3"/>
        <line num="117" type="stmt" count="3"/>
        <line num="119" type="stmt" count="3"/>
        <line num="124" type="stmt" count="2"/>
        <line num="125" type="stmt" count="2"/>
        <line num="126" type="stmt" count="1"/>
        <line num="127" type="stmt" count="1"/>
        <line num="128" type="stmt" count="1"/>
        <line num="129" type="stmt" count="1"/>
        <line num="132" type="stmt" count="2"/>
        <line num="137" type="stmt" count="2"/>
        <line num="140" type="stmt" count="1"/>
        <line num="142" type="stmt" count="3"/>
        <line num="144" type="stmt" count="3"/>
        <line num="151" type="method" name="detalhesAction" crap="12" count="0"/>
        <line num="153" type="stmt" count="0"/>
        <line num="154" type="stmt" count="0"/>
        <line num="155" type="stmt" count="0"/>
        <line num="157" type="stmt" count="0"/>
        <line num="159" type="stmt" count="0"/>
        <line num="160" type="stmt" count="0"/>
        <line num="162" type="stmt" count="0"/>
        <line num="164" type="stmt" count="0"/>
        <line num="166" type="stmt" count="0"/>
        <line num="168" type="stmt" count="0"/>
        <line num="176" type="method" name="deleteAction" crap="3" count="3"/>
        <line num="177" type="stmt" count="2"/>
        <line num="178" type="stmt" count="3"/>
        <line num="179" type="stmt" count="3"/>
        <line num="180" type="stmt" count="3"/>
        <line num="183" type="stmt" count="2"/>
        <line num="184" type="stmt" count="2"/>
        <line num="185" type="stmt" count="1"/>
        <line num="186" type="stmt" count="2"/>
        <line num="187" type="stmt" count="1"/>
        <line num="190" type="stmt" count="1"/>
        <metrics loc="192" ncloc="154" classes="1" methods="5" coveredmethods="4" conditionals="0" coveredconditionals="0" statements="67" coveredstatements="57" elements="72" coveredelements="61"/>
      </file>
      <file name="/Users/eduardojunior/projetos/ieducar2/www/module/Drh/src/Drh/Controller/IndexController.php">
        <class name="IndexController" namespace="Drh\Controller" fullPackage="Controller" category="Drh" package="Controller">
          <metrics methods="0" coveredmethods="0" conditionals="0" coveredconditionals="0" statements="0" coveredstatements="0" elements="0" coveredelements="0"/>
        </class>
        <metrics loc="16" ncloc="9" classes="1" methods="0" coveredmethods="0" conditionals="0" coveredconditionals="0" statements="0" coveredstatements="0" elements="0" coveredelements="0"/>
      </file>
      <file name="/Users/eduardojunior/projetos/ieducar2/www/module/Drh/src/Drh/Controller/SetorController.php">
        <class name="SetorController" namespace="Drh\Controller" fullPackage="Controller" category="Drh" package="Controller">
          <metrics methods="5" coveredmethods="3" conditionals="0" coveredconditionals="0" statements="59" coveredstatements="40" elements="64" coveredelements="43"/>
        </class>
        <line num="28" type="method" name="indexAction" crap="1" count="1"/>
        <line num="30" type="stmt" count="1"/>
        <line num="32" type="stmt" count="1"/>
        <line num="33" type="stmt" count="1"/>
        <line num="34" type="stmt" count="1"/>
        <line num="36" type="stmt" count="1"/>
        <line num="38" type="stmt" count="1"/>
        <line num="40" type="stmt" count="1"/>
        <line num="43" type="method" name="saveAction" crap="5" count="5"/>
        <line num="45" type="stmt" count="5"/>
        <line num="46" type="stmt" count="5"/>
        <line num="47" type="stmt" count="5"/>
        <line num="49" type="stmt" count="5"/>
        <line num="50" type="stmt" count="5"/>
        <line num="51" type="stmt" count="2"/>
        <line num="52" type="stmt" count="2"/>
        <line num="53" type="stmt" count="2"/>
        <line num="54" type="stmt" count="5"/>
        <line num="56" type="stmt" count="5"/>
        <line num="58" type="stmt" count="3"/>
        <line num="60" type="stmt" count="3"/>
        <line num="61" type="stmt" count="3"/>
        <line num="65" type="stmt" count="2"/>
        <line num="66" type="stmt" count="2"/>
        <line num="67" type="stmt" count="1"/>
        <line num="68" type="stmt" count="1"/>
        <line num="69" type="stmt" count="1"/>
        <line num="70" type="stmt" count="1"/>
        <line num="72" type="stmt" count="2"/>
        <line num="76" type="stmt" count="2"/>
        <line num="78" type="stmt" count="1"/>
        <line num="80" type="stmt" count="3"/>
        <line num="82" type="stmt" count="3"/>
        <line num="90" type="method" name="buscaAction" crap="2" count="0"/>
        <line num="92" type="stmt" count="0"/>
        <line num="93" type="stmt" count="0"/>
        <line num="109" type="stmt" count="0"/>
        <line num="110" type="stmt" count="0"/>
        <line num="111" type="stmt" count="0"/>
        <line num="113" type="stmt" count="0"/>
        <line num="115" type="stmt" count="0"/>
        <line num="116" type="stmt" count="0"/>
        <line num="118" type="stmt" count="0"/>
        <line num="125" type="method" name="detalhesAction" crap="12" count="0"/>
        <line num="127" type="stmt" count="0"/>
        <line num="128" type="stmt" count="0"/>
        <line num="129" type="stmt" count="0"/>
        <line num="131" type="stmt" count="0"/>
        <line num="133" type="stmt" count="0"/>
        <line num="134" type="stmt" count="0"/>
        <line num="136" type="stmt" count="0"/>
        <line num="138" type="stmt" count="0"/>
        <line num="140" type="stmt" count="0"/>
        <line num="142" type="stmt" count="0"/>
        <line num="150" type="method" name="deleteAction" crap="3" count="3"/>
        <line num="152" type="stmt" count="3"/>
        <line num="153" type="stmt" count="3"/>
        <line num="154" type="stmt" count="3"/>
        <line num="157" type="stmt" count="2"/>
        <line num="158" type="stmt" count="2"/>
        <line num="159" type="stmt" count="1"/>
        <line num="160" type="stmt" count="2"/>
        <line num="161" type="stmt" count="1"/>
        <line num="164" type="stmt" count="1"/>
        <metrics loc="165" ncloc="135" classes="1" methods="5" coveredmethods="3" conditionals="0" coveredconditionals="0" statements="59" coveredstatements="40" elements="64" coveredelements="43"/>
      </file>
    </package>
    <package name="Drh\Entity">
      <file name="/Users/eduardojunior/projetos/ieducar2/www/module/Drh/src/Drh/Entity/Funcionario.php">
        <class name="Funcionario" namespace="Drh\Entity" fullPackage="Drh.Funcionario" category="Entidade" package="Drh" subpackage="Funcionario">
          <metrics methods="32" coveredmethods="26" conditionals="0" coveredconditionals="0" statements="184" coveredstatements="172" elements="216" coveredelements="198"/>
        </class>
        <line num="155" type="method" name="getId" crap="1" count="7"/>
        <line num="157" type="stmt" count="7"/>
        <line num="160" type="method" name="getFisica" crap="1" count="7"/>
        <line num="162" type="stmt" count="7"/>
        <line num="165" type="method" name="setFisica" crap="1" count="10"/>
        <line num="167" type="stmt" count="10"/>
        <line num="168" type="stmt" count="10"/>
        <line num="170" type="method" name="getMatricula" crap="1" count="8"/>
        <line num="172" type="stmt" count="8"/>
        <line num="175" type="method" name="setMatricula" crap="1" count="11"/>
        <line num="177" type="stmt" count="11"/>
        <line num="178" type="stmt" count="11"/>
        <line num="180" type="method" name="getSenha" crap="1" count="6"/>
        <line num="182" type="stmt" count="6"/>
        <line num="185" type="method" name="setSenha" crap="1" count="11"/>
        <line num="187" type="stmt" count="11"/>
        <line num="188" type="stmt" count="11"/>
        <line num="190" type="method" name="getAtivo" crap="1" count="5"/>
        <line num="192" type="stmt" count="5"/>
        <line num="195" type="method" name="setAtivo" crap="1" count="11"/>
        <line num="197" type="stmt" count="11"/>
        <line num="198" type="stmt" count="11"/>
        <line num="200" type="method" name="getRamal" crap="1" count="13"/>
        <line num="201" type="stmt" count="13"/>
        <line num="202" type="stmt" count="5"/>
        <line num="205" type="method" name="setRamal" crap="2" count="0"/>
        <line num="207" type="stmt" count="0"/>
        <line num="208" type="stmt" count="0"/>
        <line num="210" type="method" name="getVinculo" crap="1" count="5"/>
        <line num="212" type="stmt" count="5"/>
        <line num="215" type="method" name="setVinculo" crap="1" count="2"/>
        <line num="217" type="stmt" count="2"/>
        <line num="218" type="stmt" count="2"/>
        <line num="220" type="method" name="getTempoExpiraConta" crap="1" count="5"/>
        <line num="222" type="stmt" count="5"/>
        <line num="225" type="method" name="setTempoExpiraConta" crap="1" count="2"/>
        <line num="227" type="stmt" count="2"/>
        <line num="228" type="stmt" count="2"/>
        <line num="230" type="method" name="getDataTrocaSenha" crap="1" count="5"/>
        <line num="232" type="stmt" count="5"/>
        <line num="235" type="method" name="setDataTrocaSenha" crap="1.30" count="13"/>
        <line num="236" type="stmt" count="13"/>
        <line num="237" type="stmt" count="0"/>
        <line num="238" type="stmt" count="0"/>
        <line num="240" type="method" name="getDataReativaConta" crap="1" count="5"/>
        <line num="242" type="stmt" count="5"/>
        <line num="245" type="method" name="setDataReativaConta" crap="2" count="0"/>
        <line num="247" type="stmt" count="0"/>
        <line num="248" type="stmt" count="0"/>
        <line num="250" type="method" name="getBanido" crap="1" count="5"/>
        <line num="252" type="stmt" count="5"/>
        <line num="255" type="method" name="setBanido" crap="1" count="2"/>
        <line num="257" type="stmt" count="2"/>
        <line num="258" type="stmt" count="2"/>
        <line num="260" type="method" name="getCodigoSetor" crap="1" count="5"/>
        <line num="262" type="stmt" count="5"/>
        <line num="265" type="method" name="setCodigoSetor" crap="1" count="2"/>
        <line num="267" type="stmt" count="2"/>
        <line num="268" type="stmt" count="2"/>
        <line num="270" type="method" name="getMatriculaPermanente" crap="1" count="5"/>
        <line num="272" type="stmt" count="5"/>
        <line num="275" type="method" name="setMatriculaPermanente" crap="1" count="2"/>
        <line num="277" type="stmt" count="2"/>
        <line num="278" type="stmt" count="2"/>
        <line num="280" type="method" name="getIpLogado" crap="1" count="5"/>
        <line num="282" type="stmt" count="5"/>
        <line num="285" type="method" name="setIpLogado" crap="2" count="0"/>
        <line num="287" type="stmt" count="0"/>
        <line num="288" type="stmt" count="0"/>
        <line num="290" type="method" name="getDataLogin" crap="1" count="5"/>
        <line num="292" type="stmt" count="5"/>
        <line num="295" type="method" name="setDataLogin" crap="2" count="0"/>
        <line num="297" type="stmt" count="0"/>
        <line num="298" type="stmt" count="0"/>
        <line num="300" type="method" name="getSuperAdmin" crap="1" count="5"/>
        <line num="302" type="stmt" count="5"/>
        <line num="305" type="method" name="setSuperAdmin" crap="1.30" count="13"/>
        <line num="306" type="stmt" count="13"/>
        <line num="307" type="stmt" count="0"/>
        <line num="308" type="stmt" count="0"/>
        <line num="321" type="method" name="getInputFilter" crap="2" count="13"/>
        <line num="324" type="stmt" count="13"/>
        <line num="326" type="stmt" count="13"/>
        <line num="327" type="stmt" count="13"/>
        <line num="329" type="stmt" count="13"/>
        <line num="330" type="stmt" count="13"/>
        <line num="331" type="stmt" count="13"/>
        <line num="333" type="stmt" count="13"/>
        <line num="334" type="stmt" count="13"/>
        <line num="335" type="stmt" count="13"/>
        <line num="338" type="stmt" count="13"/>
        <line num="339" type="stmt" count="13"/>
        <line num="340" type="stmt" count="13"/>
        <line num="342" type="stmt" count="13"/>
        <line num="343" type="stmt" count="13"/>
        <line num="344" type="stmt" count="13"/>
        <line num="347" type="stmt" count="13"/>
        <line num="348" type="stmt" count="13"/>
        <line num="350" type="stmt" count="13"/>
        <line num="351" type="stmt" count="13"/>
        <line num="352" type="stmt" count="13"/>
        <line num="353" type="stmt" count="13"/>
        <line num="354" type="stmt" count="13"/>
        <line num="355" type="stmt" count="13"/>
        <line num="356" type="stmt" count="13"/>
        <line num="358" type="stmt" count="13"/>
        <line num="359" type="stmt" count="13"/>
        <line num="360" type="stmt" count="13"/>
        <line num="362" type="stmt" count="13"/>
        <line num="363" type="stmt" count="13"/>
        <line num="364" type="stmt" count="13"/>
        <line num="367" type="stmt" count="13"/>
        <line num="368" type="stmt" count="13"/>
        <line num="370" type="stmt" count="13"/>
        <line num="371" type="stmt" count="13"/>
        <line num="372" type="stmt" count="13"/>
        <line num="373" type="stmt" count="13"/>
        <line num="374" type="stmt" count="13"/>
        <line num="375" type="stmt" count="13"/>
        <line num="376" type="stmt" count="13"/>
        <line num="378" type="stmt" count="13"/>
        <line num="379" type="stmt" count="13"/>
        <line num="380" type="stmt" count="13"/>
        <line num="382" type="stmt" count="13"/>
        <line num="383" type="stmt" count="13"/>
        <line num="384" type="stmt" count="13"/>
        <line num="387" type="stmt" count="13"/>
        <line num="388" type="stmt" count="13"/>
        <line num="389" type="stmt" count="13"/>
        <line num="390" type="stmt" count="13"/>
        <line num="392" type="stmt" count="13"/>
        <line num="393" type="stmt" count="13"/>
        <line num="394" type="stmt" count="13"/>
        <line num="397" type="stmt" count="13"/>
        <line num="398" type="stmt" count="13"/>
        <line num="400" type="stmt" count="13"/>
        <line num="401" type="stmt" count="13"/>
        <line num="402" type="stmt" count="13"/>
        <line num="403" type="stmt" count="13"/>
        <line num="404" type="stmt" count="13"/>
        <line num="405" type="stmt" count="13"/>
        <line num="406" type="stmt" count="13"/>
        <line num="408" type="stmt" count="13"/>
        <line num="409" type="stmt" count="13"/>
        <line num="410" type="stmt" count="13"/>
        <line num="412" type="stmt" count="13"/>
        <line num="413" type="stmt" count="13"/>
        <line num="414" type="stmt" count="13"/>
        <line num="416" type="stmt" count="13"/>
        <line num="417" type="stmt" count="13"/>
        <line num="418" type="stmt" count="13"/>
        <line num="420" type="stmt" count="13"/>
        <line num="421" type="stmt" count="13"/>
        <line num="422" type="stmt" count="13"/>
        <line num="424" type="stmt" count="13"/>
        <line num="425" type="stmt" count="13"/>
        <line num="426" type="stmt" count="13"/>
        <line num="428" type="stmt" count="13"/>
        <line num="429" type="stmt" count="13"/>
        <line num="430" type="stmt" count="13"/>
        <line num="432" type="stmt" count="13"/>
        <line num="433" type="stmt" count="13"/>
        <line num="434" type="stmt" count="13"/>
        <line num="436" type="stmt" count="13"/>
        <line num="437" type="stmt" count="13"/>
        <line num="438" type="stmt" count="13"/>
        <line num="440" type="stmt" count="13"/>
        <line num="441" type="stmt" count="13"/>
        <line num="442" type="stmt" count="13"/>
        <line num="444" type="stmt" count="13"/>
        <line num="445" type="stmt" count="13"/>
        <line num="446" type="stmt" count="13"/>
        <line num="448" type="stmt" count="13"/>
        <line num="449" type="stmt" count="13"/>
        <line num="450" type="stmt" count="13"/>
        <line num="452" type="stmt" count="13"/>
        <line num="453" type="stmt" count="13"/>
        <line num="454" type="stmt" count="13"/>
        <line num="456" type="stmt" count="13"/>
        <line num="457" type="stmt" count="13"/>
        <line num="458" type="stmt" count="13"/>
        <line num="459" type="stmt" count="13"/>
        <line num="461" type="stmt" count="13"/>
        <line num="462" type="stmt" count="13"/>
        <line num="463" type="stmt" count="13"/>
        <line num="466" type="stmt" count="13"/>
        <line num="467" type="stmt" count="13"/>
        <line num="469" type="stmt" count="13"/>
        <line num="470" type="stmt" count="13"/>
        <line num="471" type="stmt" count="13"/>
        <line num="472" type="stmt" count="13"/>
        <line num="473" type="stmt" count="13"/>
        <line num="474" type="stmt" count="13"/>
        <line num="475" type="stmt" count="13"/>
        <line num="477" type="stmt" count="13"/>
        <line num="478" type="stmt" count="13"/>
        <line num="479" type="stmt" count="13"/>
        <line num="481" type="stmt" count="13"/>
        <line num="482" type="stmt" count="13"/>
        <line num="483" type="stmt" count="13"/>
        <line num="485" type="stmt" count="13"/>
        <line num="486" type="stmt" count="13"/>
        <line num="487" type="stmt" count="13"/>
        <line num="489" type="stmt" count="13"/>
        <line num="490" type="stmt" count="13"/>
        <line num="491" type="stmt" count="13"/>
        <line num="493" type="stmt" count="13"/>
        <line num="494" type="stmt" count="13"/>
        <line num="495" type="stmt" count="13"/>
        <line num="496" type="stmt" count="13"/>
        <line num="498" type="stmt" count="13"/>
        <line num="499" type="stmt" count="13"/>
        <line num="501" type="stmt" count="13"/>
        <line num="503" type="stmt" count="13"/>
        <line num="504" type="stmt" count="13"/>
        <line num="506" type="stmt" count="13"/>
        <metrics loc="507" ncloc="385" classes="1" methods="32" coveredmethods="26" conditionals="0" coveredconditionals="0" statements="184" coveredstatements="172" elements="216" coveredelements="198"/>
      </file>
      <file name="/Users/eduardojunior/projetos/ieducar2/www/module/Drh/src/Drh/Entity/Setor.php">
        <class name="Setor" namespace="Drh\Entity" fullPackage="Drh.Setor" category="Entidade" package="Drh" subpackage="Setor">
          <metrics methods="14" coveredmethods="13" conditionals="0" coveredconditionals="0" statements="84" coveredstatements="82" elements="98" coveredelements="95"/>
        </class>
        <line num="80" type="method" name="getId" crap="1" count="11"/>
        <line num="82" type="stmt" count="11"/>
        <line num="85" type="method" name="getNome" crap="1" count="8"/>
        <line num="87" type="stmt" count="8"/>
        <line num="90" type="method" name="setNome" crap="1" count="13"/>
        <line num="92" type="stmt" count="13"/>
        <line num="93" type="stmt" count="13"/>
        <line num="95" type="method" name="getAtivo" crap="1" count="5"/>
        <line num="97" type="stmt" count="5"/>
        <line num="100" type="method" name="setAtivo" crap="1" count="10"/>
        <line num="102" type="stmt" count="10"/>
        <line num="103" type="stmt" count="10"/>
        <line num="105" type="method" name="getEndereco" crap="1" count="5"/>
        <line num="107" type="stmt" count="5"/>
        <line num="110" type="method" name="setEndereco" crap="1" count="10"/>
        <line num="112" type="stmt" count="10"/>
        <line num="113" type="stmt" count="10"/>
        <line num="115" type="method" name="getNivel" crap="1" count="5"/>
        <line num="117" type="stmt" count="5"/>
        <line num="120" type="method" name="setNivel" crap="1" count="10"/>
        <line num="122" type="stmt" count="10"/>
        <line num="123" type="stmt" count="10"/>
        <line num="125" type="method" name="getParentSetor" crap="1" count="5"/>
        <line num="127" type="stmt" count="5"/>
        <line num="130" type="method" name="setParentSetor" crap="2" count="0"/>
        <line num="132" type="stmt" count="0"/>
        <line num="133" type="stmt" count="0"/>
        <line num="135" type="method" name="getSigla" crap="1" count="5"/>
        <line num="137" type="stmt" count="5"/>
        <line num="140" type="method" name="setSigla" crap="1" count="13"/>
        <line num="142" type="stmt" count="13"/>
        <line num="143" type="stmt" count="13"/>
        <line num="155" type="method" name="getInputFilter" crap="2" count="15"/>
        <line num="157" type="stmt" count="15"/>
        <line num="158" type="stmt" count="15"/>
        <line num="159" type="stmt" count="15"/>
        <line num="161" type="stmt" count="15"/>
        <line num="162" type="stmt" count="15"/>
        <line num="163" type="stmt" count="15"/>
        <line num="165" type="stmt" count="15"/>
        <line num="166" type="stmt" count="15"/>
        <line num="167" type="stmt" count="15"/>
        <line num="169" type="stmt" count="15"/>
        <line num="170" type="stmt" count="15"/>
        <line num="171" type="stmt" count="15"/>
        <line num="173" type="stmt" count="15"/>
        <line num="174" type="stmt" count="15"/>
        <line num="175" type="stmt" count="15"/>
        <line num="178" type="stmt" count="15"/>
        <line num="180" type="stmt" count="15"/>
        <line num="181" type="stmt" count="15"/>
        <line num="182" type="stmt" count="15"/>
        <line num="183" type="stmt" count="15"/>
        <line num="184" type="stmt" count="15"/>
        <line num="185" type="stmt" count="15"/>
        <line num="186" type="stmt" count="15"/>
        <line num="188" type="stmt" count="15"/>
        <line num="189" type="stmt" count="15"/>
        <line num="190" type="stmt" count="15"/>
        <line num="191" type="stmt" count="15"/>
        <line num="194" type="stmt" count="15"/>
        <line num="195" type="stmt" count="15"/>
        <line num="196" type="stmt" count="15"/>
        <line num="198" type="stmt" count="15"/>
        <line num="199" type="stmt" count="15"/>
        <line num="200" type="stmt" count="15"/>
        <line num="201" type="stmt" count="15"/>
        <line num="203" type="stmt" count="15"/>
        <line num="204" type="stmt" count="15"/>
        <line num="205" type="stmt" count="15"/>
        <line num="206" type="stmt" count="15"/>
        <line num="207" type="stmt" count="15"/>
        <line num="208" type="stmt" count="15"/>
        <line num="209" type="stmt" count="15"/>
        <line num="210" type="stmt" count="15"/>
        <line num="211" type="stmt" count="15"/>
        <line num="213" type="stmt" count="15"/>
        <line num="214" type="stmt" count="15"/>
        <line num="215" type="stmt" count="15"/>
        <line num="217" type="stmt" count="15"/>
        <line num="218" type="stmt" count="15"/>
        <line num="219" type="stmt" count="15"/>
        <line num="221" type="stmt" count="15"/>
        <line num="222" type="stmt" count="15"/>
        <line num="223" type="stmt" count="15"/>
        <line num="225" type="stmt" count="15"/>
        <line num="226" type="stmt" count="15"/>
        <line num="227" type="stmt" count="15"/>
        <line num="229" type="stmt" count="15"/>
        <line num="230" type="stmt" count="15"/>
        <line num="231" type="stmt" count="15"/>
        <line num="233" type="stmt" count="15"/>
        <line num="234" type="stmt" count="15"/>
        <line num="235" type="stmt" count="15"/>
        <line num="236" type="stmt" count="15"/>
        <line num="238" type="stmt" count="15"/>
        <line num="239" type="stmt" count="15"/>
        <line num="240" type="stmt" count="15"/>
        <metrics loc="241" ncloc="179" classes="1" methods="14" coveredmethods="13" conditionals="0" coveredconditionals="0" statements="84" coveredstatements="82" elements="98" coveredelements="95"/>
      </file>
    </package>
    <package name="Drh\Fixture">
      <file name="/Users/eduardojunior/projetos/ieducar2/www/module/Drh/src/Drh/Fixture/FuncionarioLoad.php">
        <class name="FuncionarioLoad" namespace="Drh\Fixture">
          <metrics methods="2" coveredmethods="0" conditionals="0" coveredconditionals="0" statements="13" coveredstatements="0" elements="15" coveredelements="0"/>
        </class>
        <line num="13" type="method" name="load" crap="2" count="0"/>
        <line num="14" type="stmt" count="0"/>
        <line num="16" type="stmt" count="0"/>
        <line num="17" type="stmt" count="0"/>
        <line num="18" type="stmt" count="0"/>
        <line num="19" type="stmt" count="0"/>
        <line num="20" type="stmt" count="0"/>
        <line num="21" type="stmt" count="0"/>
        <line num="22" type="stmt" count="0"/>
        <line num="23" type="stmt" count="0"/>
        <line num="25" type="stmt" count="0"/>
        <line num="27" type="method" name="getOrder" crap="2" count="0"/>
        <line num="28" type="stmt" count="0"/>
        <line num="29" type="stmt" count="0"/>
        <line num="30" type="stmt" count="0"/>
        <metrics loc="30" ncloc="30" classes="1" methods="2" coveredmethods="0" conditionals="0" coveredconditionals="0" statements="13" coveredstatements="0" elements="15" coveredelements="0"/>
      </file>
      <file name="/Users/eduardojunior/projetos/ieducar2/www/module/Drh/src/Drh/Fixture/SetorLoad.php">
        <class name="SetorLoad" namespace="Drh\Fixture">
          <metrics methods="1" coveredmethods="0" conditionals="0" coveredconditionals="0" statements="7" coveredstatements="0" elements="8" coveredelements="0"/>
        </class>
        <line num="17" type="method" name="load" crap="2" count="0"/>
        <line num="18" type="stmt" count="0"/>
        <line num="19" type="stmt" count="0"/>
        <line num="20" type="stmt" count="0"/>
        <line num="21" type="stmt" count="0"/>
        <line num="23" type="stmt" count="0"/>
        <line num="24" type="stmt" count="0"/>
        <line num="25" type="stmt" count="0"/>
        <metrics loc="25" ncloc="19" classes="1" methods="1" coveredmethods="0" conditionals="0" coveredconditionals="0" statements="7" coveredstatements="0" elements="8" coveredelements="0"/>
      </file>
    </package>
    <package name="Drh\Form">
      <file name="/Users/eduardojunior/projetos/ieducar2/www/module/Drh/src/Drh/Form/Funcionario.php">
        <class name="Funcionario" namespace="Drh\Form">
          <metrics methods="1" coveredmethods="1" conditionals="0" coveredconditionals="0" statements="149" coveredstatements="149" elements="150" coveredelements="150"/>
        </class>
        <line num="12" type="method" name="__construct" crap="1" count="5"/>
        <line num="14" type="stmt" count="5"/>
        <line num="15" type="stmt" count="5"/>
        <line num="16" type="stmt" count="5"/>
        <line num="17" type="stmt" count="5"/>
        <line num="19" type="stmt" count="5"/>
        <line num="21" type="stmt" count="5"/>
        <line num="22" type="stmt" count="5"/>
        <line num="25" type="stmt" count="5"/>
        <line num="26" type="stmt" count="5"/>
        <line num="28" type="stmt" count="5"/>
        <line num="29" type="stmt" count="5"/>
        <line num="31" type="stmt" count="5"/>
        <line num="32" type="stmt" count="5"/>
        <line num="33" type="stmt" count="5"/>
        <line num="34" type="stmt" count="5"/>
        <line num="35" type="stmt" count="5"/>
        <line num="37" type="stmt" count="5"/>
        <line num="38" type="stmt" count="5"/>
        <line num="39" type="stmt" count="5"/>
        <line num="40" type="stmt" count="5"/>
        <line num="41" type="stmt" count="5"/>
        <line num="42" type="stmt" count="5"/>
        <line num="44" type="stmt" count="5"/>
        <line num="45" type="stmt" count="5"/>
        <line num="46" type="stmt" count="5"/>
        <line num="47" type="stmt" count="5"/>
        <line num="50" type="stmt" count="5"/>
        <line num="51" type="stmt" count="5"/>
        <line num="53" type="stmt" count="5"/>
        <line num="55" type="stmt" count="5"/>
        <line num="58" type="stmt" count="5"/>
        <line num="59" type="stmt" count="5"/>
        <line num="61" type="stmt" count="5"/>
        <line num="62" type="stmt" count="5"/>
        <line num="64" type="stmt" count="5"/>
        <line num="66" type="stmt" count="5"/>
        <line num="69" type="stmt" count="5"/>
        <line num="70" type="stmt" count="5"/>
        <line num="72" type="stmt" count="5"/>
        <line num="73" type="stmt" count="5"/>
        <line num="75" type="stmt" count="5"/>
        <line num="77" type="stmt" count="5"/>
        <line num="80" type="stmt" count="5"/>
        <line num="81" type="stmt" count="5"/>
        <line num="83" type="stmt" count="5"/>
        <line num="84" type="stmt" count="5"/>
        <line num="85" type="stmt" count="5"/>
        <line num="87" type="stmt" count="5"/>
        <line num="89" type="stmt" count="5"/>
        <line num="90" type="stmt" count="5"/>
        <line num="91" type="stmt" count="5"/>
        <line num="92" type="stmt" count="5"/>
        <line num="94" type="stmt" count="5"/>
        <line num="95" type="stmt" count="5"/>
        <line num="96" type="stmt" count="5"/>
        <line num="98" type="stmt" count="5"/>
        <line num="99" type="stmt" count="5"/>
        <line num="102" type="stmt" count="5"/>
        <line num="103" type="stmt" count="5"/>
        <line num="104" type="stmt" count="5"/>
        <line num="106" type="stmt" count="5"/>
        <line num="108" type="stmt" count="5"/>
        <line num="109" type="stmt" count="5"/>
        <line num="110" type="stmt" count="5"/>
        <line num="111" type="stmt" count="5"/>
        <line num="113" type="stmt" count="5"/>
        <line num="114" type="stmt" count="5"/>
        <line num="116" type="stmt" count="5"/>
        <line num="117" type="stmt" count="5"/>
        <line num="118" type="stmt" count="5"/>
        <line num="119" type="stmt" count="5"/>
        <line num="120" type="stmt" count="5"/>
        <line num="121" type="stmt" count="5"/>
        <line num="123" type="stmt" count="5"/>
        <line num="124" type="stmt" count="5"/>
        <line num="125" type="stmt" count="5"/>
        <line num="127" type="stmt" count="5"/>
        <line num="129" type="stmt" count="5"/>
        <line num="130" type="stmt" count="5"/>
        <line num="131" type="stmt" count="5"/>
        <line num="132" type="stmt" count="5"/>
        <line num="133" type="stmt" count="5"/>
        <line num="134" type="stmt" count="5"/>
        <line num="135" type="stmt" count="5"/>
        <line num="136" type="stmt" count="5"/>
        <line num="137" type="stmt" count="5"/>
        <line num="138" type="stmt" count="5"/>
        <line num="139" type="stmt" count="5"/>
        <line num="140" type="stmt" count="5"/>
        <line num="141" type="stmt" count="5"/>
        <line num="142" type="stmt" count="5"/>
        <line num="143" type="stmt" count="5"/>
        <line num="144" type="stmt" count="5"/>
        <line num="145" type="stmt" count="5"/>
        <line num="146" type="stmt" count="5"/>
        <line num="148" type="stmt" count="5"/>
        <line num="149" type="stmt" count="5"/>
        <line num="151" type="stmt" count="5"/>
        <line num="152" type="stmt" count="5"/>
        <line num="154" type="stmt" count="5"/>
        <line num="155" type="stmt" count="5"/>
        <line num="157" type="stmt" count="5"/>
        <line num="158" type="stmt" count="5"/>
        <line num="160" type="stmt" count="5"/>
        <line num="162" type="stmt" count="5"/>
        <line num="163" type="stmt" count="5"/>
        <line num="165" type="stmt" count="5"/>
        <line num="166" type="stmt" count="5"/>
        <line num="168" type="stmt" count="5"/>
        <line num="169" type="stmt" count="5"/>
        <line num="171" type="stmt" count="5"/>
        <line num="172" type="stmt" count="5"/>
        <line num="174" type="stmt" count="5"/>
        <line num="176" type="stmt" count="5"/>
        <line num="177" type="stmt" count="5"/>
        <line num="179" type="stmt" count="5"/>
        <line num="180" type="stmt" count="5"/>
        <line num="182" type="stmt" count="5"/>
        <line num="183" type="stmt" count="5"/>
        <line num="185" type="stmt" count="5"/>
        <line num="186" type="stmt" count="5"/>
        <line num="188" type="stmt" count="5"/>
        <line num="190" type="stmt" count="5"/>
        <line num="191" type="stmt" count="5"/>
        <line num="193" type="stmt" count="5"/>
        <line num="194" type="stmt" count="5"/>
        <line num="195" type="stmt" count="5"/>
        <line num="196" type="stmt" count="5"/>
        <line num="197" type="stmt" count="5"/>
        <line num="198" type="stmt" count="5"/>
        <line num="199" type="stmt" count="5"/>
        <line num="201" type="stmt" count="5"/>
        <line num="202" type="stmt" count="5"/>
        <line num="204" type="stmt" count="5"/>
        <line num="206" type="stmt" count="5"/>
        <line num="207" type="stmt" count="5"/>
        <line num="209" type="stmt" count="5"/>
        <line num="210" type="stmt" count="5"/>
        <line num="212" type="stmt" count="5"/>
        <line num="213" type="stmt" count="5"/>
        <line num="215" type="stmt" count="5"/>
        <line num="216" type="stmt" count="5"/>
        <line num="218" type="stmt" count="5"/>
        <line num="219" type="stmt" count="5"/>
        <line num="220" type="stmt" count="5"/>
        <line num="221" type="stmt" count="5"/>
        <line num="222" type="stmt" count="5"/>
        <line num="223" type="stmt" count="5"/>
        <line num="225" type="stmt" count="5"/>
        <metrics loc="225" ncloc="225" classes="1" methods="1" coveredmethods="1" conditionals="0" coveredconditionals="0" statements="149" coveredstatements="149" elements="150" coveredelements="150"/>
      </file>
      <file name="/Users/eduardojunior/projetos/ieducar2/www/module/Drh/src/Drh/Form/Setor.php">
        <class name="Setor" namespace="Drh\Form">
          <metrics methods="1" coveredmethods="1" conditionals="0" coveredconditionals="0" statements="84" coveredstatements="84" elements="85" coveredelements="85"/>
        </class>
        <line num="10" type="method" name="__construct" crap="1" count="5"/>
        <line num="12" type="stmt" count="5"/>
        <line num="13" type="stmt" count="5"/>
        <line num="14" type="stmt" count="5"/>
        <line num="15" type="stmt" count="5"/>
        <line num="16" type="stmt" count="5"/>
        <line num="18" type="stmt" count="5"/>
        <line num="19" type="stmt" count="5"/>
        <line num="22" type="stmt" count="5"/>
        <line num="23" type="stmt" count="5"/>
        <line num="25" type="stmt" count="5"/>
        <line num="26" type="stmt" count="5"/>
        <line num="28" type="stmt" count="5"/>
        <line num="29" type="stmt" count="5"/>
        <line num="30" type="stmt" count="5"/>
        <line num="31" type="stmt" count="5"/>
        <line num="32" type="stmt" count="5"/>
        <line num="34" type="stmt" count="5"/>
        <line num="35" type="stmt" count="5"/>
        <line num="36" type="stmt" count="5"/>
        <line num="37" type="stmt" count="5"/>
        <line num="38" type="stmt" count="5"/>
        <line num="39" type="stmt" count="5"/>
        <line num="40" type="stmt" count="5"/>
        <line num="42" type="stmt" count="5"/>
        <line num="43" type="stmt" count="5"/>
        <line num="45" type="stmt" count="5"/>
        <line num="47" type="stmt" count="5"/>
        <line num="50" type="stmt" count="5"/>
        <line num="51" type="stmt" count="5"/>
        <line num="54" type="stmt" count="5"/>
        <line num="55" type="stmt" count="5"/>
        <line num="57" type="stmt" count="5"/>
        <line num="59" type="stmt" count="5"/>
        <line num="62" type="stmt" count="5"/>
        <line num="63" type="stmt" count="5"/>
        <line num="66" type="stmt" count="5"/>
        <line num="67" type="stmt" count="5"/>
        <line num="69" type="stmt" count="5"/>
        <line num="71" type="stmt" count="5"/>
        <line num="74" type="stmt" count="5"/>
        <line num="75" type="stmt" count="5"/>
        <line num="77" type="stmt" count="5"/>
        <line num="78" type="stmt" count="5"/>
        <line num="79" type="stmt" count="5"/>
        <line num="81" type="stmt" count="5"/>
        <line num="83" type="stmt" count="5"/>
        <line num="85" type="stmt" count="5"/>
        <line num="86" type="stmt" count="5"/>
        <line num="88" type="stmt" count="5"/>
        <line num="89" type="stmt" count="5"/>
        <line num="90" type="stmt" count="5"/>
        <line num="91" type="stmt" count="5"/>
        <line num="92" type="stmt" count="5"/>
        <line num="93" type="stmt" count="5"/>
        <line num="95" type="stmt" count="5"/>
        <line num="96" type="stmt" count="5"/>
        <line num="97" type="stmt" count="5"/>
        <line num="99" type="stmt" count="5"/>
        <line num="101" type="stmt" count="5"/>
        <line num="102" type="stmt" count="5"/>
        <line num="103" type="stmt" count="5"/>
        <line num="104" type="stmt" count="5"/>
        <line num="105" type="stmt" count="5"/>
        <line num="106" type="stmt" count="5"/>
        <line num="107" type="stmt" count="5"/>
        <line num="108" type="stmt" count="5"/>
        <line num="109" type="stmt" count="5"/>
        <line num="110" type="stmt" count="5"/>
        <line num="111" type="stmt" count="5"/>
        <line num="112" type="stmt" count="5"/>
        <line num="113" type="stmt" count="5"/>
        <line num="115" type="stmt" count="5"/>
        <line num="116" type="stmt" count="5"/>
        <line num="118" type="stmt" count="5"/>
        <line num="119" type="stmt" count="5"/>
        <line num="121" type="stmt" count="5"/>
        <line num="122" type="stmt" count="5"/>
        <line num="124" type="stmt" count="5"/>
        <line num="125" type="stmt" count="5"/>
        <line num="126" type="stmt" count="5"/>
        <line num="127" type="stmt" count="5"/>
        <line num="128" type="stmt" count="5"/>
        <line num="129" type="stmt" count="5"/>
        <line num="131" type="stmt" count="5"/>
        <metrics loc="131" ncloc="131" classes="1" methods="1" coveredmethods="1" conditionals="0" coveredconditionals="0" statements="84" coveredstatements="84" elements="85" coveredelements="85"/>
      </file>
    </package>
    <metrics files="11" loc="1681" ncloc="1400" classes="10" methods="64" coveredmethods="50" conditionals="0" coveredconditionals="0" statements="720" coveredstatements="653" elements="784" coveredelements="703"/>
  </project>
</coverage>
