<?xml version="1.0" encoding="UTF-8"?>
<testsuites>
  <testsuite name="Portal Test Suite" tests="15" assertions="86" failures="1" errors="4" time="19.755081">
    <testsuite name="FuncionarioControllerTest" file="/Users/eduardojunior/Websites/ieducar2/www/module/Portal/tests/src/Portal/Controller/FuncionarioControllerTest.php" tests="9" assertions="61" failures="1" errors="1" time="13.289934">
      <testcase name="testFuncionarioIndexAction" class="FuncionarioControllerTest" file="/Users/eduardojunior/Websites/ieducar2/www/module/Portal/tests/src/Portal/Controller/FuncionarioControllerTest.php" line="29" assertions="5" time="6.221186"/>
      <testcase name="testFuncionarioSaveActionNewRequest" class="FuncionarioControllerTest" file="/Users/eduardojunior/Websites/ieducar2/www/module/Portal/tests/src/Portal/Controller/FuncionarioControllerTest.php" line="83" assertions="24" time="0.859340"/>
      <testcase name="testFuncionarioSaveActionUpdateFormRequest" class="FuncionarioControllerTest" file="/Users/eduardojunior/Websites/ieducar2/www/module/Portal/tests/src/Portal/Controller/FuncionarioControllerTest.php" line="151" assertions="23" time="0.785299"/>
      <testcase name="testFuncionarioSaveActionPostRequest" class="FuncionarioControllerTest" file="/Users/eduardojunior/Websites/ieducar2/www/module/Portal/tests/src/Portal/Controller/FuncionarioControllerTest.php" line="233" assertions="0" time="0.847606">
        <error type="Doctrine\DBAL\DBALException">FuncionarioControllerTest::testFuncionarioSaveActionPostRequest
Doctrine\DBAL\DBALException: An exception occurred while executing 'INSERT INTO "portal"."funcionario" (id, matricula, senha, ativo, ref_sec, ramal, sequencial, opcao_menu, ref_cod_setor, ref_cod_funcionario_vinculo, tempo_expira_senha, tempo_expira_conta, data_troca_senha, data_reativa_conta, proibido, matricula_new, matricula_permanente, tipo_menu, ip_logado, data_login, email, status_token, ref_cod_pessoa_fj, ref_ref_cod_pessoa_fj, ref_cod_setor_new) VALUES (?, ?, ?, ?, ?, ?, ?, ?, ?, ?, ?, ?, ?, ?, ?, ?, ?, ?, ?, ?, ?, ?, ?, ?, ?)' with params [1, "admin", "21232f297a57a5a743894a0e4a801fc3", 1, null, null, null, null, null, null, null, null, null, null, 0, null, 0, 0, null, null, null, null, null, null, null]:

SQLSTATE[23502]: Not null violation: 7 ERROR:  null value in column "ref_cod_pessoa_fj" violates not-null constraint
DETAIL:  Failing row contains (1, null, null, null, admin, 21232f297a57a5a743894a0e4a801fc3, 1, null, null, null, null, null, null, null, null, null, null, 0, null, 0, 0, null, null, null, null).

/Users/eduardojunior/Websites/ieducar2/www/vendor/doctrine/dbal/lib/Doctrine/DBAL/DBALException.php:91
/Users/eduardojunior/Websites/ieducar2/www/vendor/doctrine/dbal/lib/Doctrine/DBAL/Statement.php:165
/Users/eduardojunior/Websites/ieducar2/www/vendor/doctrine/orm/lib/Doctrine/ORM/Persisters/BasicEntityPersister.php:279
/Users/eduardojunior/Websites/ieducar2/www/vendor/doctrine/orm/lib/Doctrine/ORM/UnitOfWork.php:952
/Users/eduardojunior/Websites/ieducar2/www/vendor/doctrine/orm/lib/Doctrine/ORM/UnitOfWork.php:335
/Users/eduardojunior/Websites/ieducar2/www/vendor/doctrine/orm/lib/Doctrine/ORM/EntityManager.php:389
/Users/eduardojunior/Websites/ieducar2/www/module/Portal/src/Portal/Controller/FuncionarioController.php:81
/Users/eduardojunior/Websites/ieducar2/www/vendor/zendframework/zendframework/library/Zend/Mvc/Controller/AbstractActionController.php:83
/Users/eduardojunior/Websites/ieducar2/www/vendor/zendframework/zendframework/library/Zend/EventManager/EventManager.php:468
/Users/eduardojunior/Websites/ieducar2/www/vendor/zendframework/zendframework/library/Zend/EventManager/EventManager.php:207
/Users/eduardojunior/Websites/ieducar2/www/vendor/zendframework/zendframework/library/Zend/Mvc/Controller/AbstractController.php:117
/Users/eduardojunior/Websites/ieducar2/www/module/Portal/tests/src/Portal/Controller/FuncionarioControllerTest.php:264
</error>
      </testcase>
      <testcase name="testFuncionarioUpdateAction" class="FuncionarioControllerTest" file="/Users/eduardojunior/Websites/ieducar2/www/module/Portal/tests/src/Portal/Controller/FuncionarioControllerTest.php" line="277" assertions="1" time="0.833609">
        <failure type="PHPUnit_Framework_ExpectationFailedException">FuncionarioControllerTest::testFuncionarioUpdateAction
Failed asserting that 200 matches expected 302.

/Users/eduardojunior/Websites/ieducar2/www/module/Portal/tests/src/Portal/Controller/FuncionarioControllerTest.php:315
</failure>
      </testcase>
      <testcase name="testFuncionarioSaveActionInvalidPostRequest" class="FuncionarioControllerTest" file="/Users/eduardojunior/Websites/ieducar2/www/module/Portal/tests/src/Portal/Controller/FuncionarioControllerTest.php" line="326" assertions="2" time="0.782042"/>
      <testcase name="testFuncionarioInvalidDeleteAction" class="FuncionarioControllerTest" file="/Users/eduardojunior/Websites/ieducar2/www/module/Portal/tests/src/Portal/Controller/FuncionarioControllerTest.php" line="359" assertions="2" time="0.829835"/>
      <testcase name="testFuncionarioDeleteAction" class="FuncionarioControllerTest" file="/Users/eduardojunior/Websites/ieducar2/www/module/Portal/tests/src/Portal/Controller/FuncionarioControllerTest.php" line="376" assertions="2" time="1.264796"/>
      <testcase name="testFuncionarioInvalidIdDeleteAction" class="FuncionarioControllerTest" file="/Users/eduardojunior/Websites/ieducar2/www/module/Portal/tests/src/Portal/Controller/FuncionarioControllerTest.php" line="418" assertions="2" time="0.866222"/>
    </testsuite>
    <testsuite name="Portal\Entity\FuncionarioTest" file="/Users/eduardojunior/Websites/ieducar2/www/module/Portal/tests/src/Portal/Entity/FuncionarioTest.php" namespace="Portal\Entity" fullPackage="Portal.Entity" tests="6" assertions="25" failures="0" errors="3" time="6.465147">
      <testcase name="testGetInputFilter" class="Portal\Entity\FuncionarioTest" file="/Users/eduardojunior/Websites/ieducar2/www/module/Portal/tests/src/Portal/Entity/FuncionarioTest.php" line="21" assertions="1" time="1.510215"/>
      <testcase name="testInputFilterValid" class="Portal\Entity\FuncionarioTest" file="/Users/eduardojunior/Websites/ieducar2/www/module/Portal/tests/src/Portal/Entity/FuncionarioTest.php" line="33" assertions="23" time="1.306518"/>
      <testcase name="testInsert" class="Portal\Entity\FuncionarioTest" file="/Users/eduardojunior/Websites/ieducar2/www/module/Portal/tests/src/Portal/Entity/FuncionarioTest.php" line="64" assertions="0" time="1.207470">
        <error type="PHPUnit_Framework_Error_Warning">Portal\Entity\FuncionarioTest::testInsert
Zend\Filter\Int::filter expects parameter to be scalar, "Usuario\Entity\Fisica" given; cannot filter

/Users/eduardojunior/Websites/ieducar2/www/vendor/zendframework/zendframework/library/Zend/Filter/Int.php:39
/Users/eduardojunior/Websites/ieducar2/www/vendor/zendframework/zendframework/library/Zend/Filter/AbstractFilter.php:85
/Users/eduardojunior/Websites/ieducar2/www/vendor/zendframework/zendframework/library/Zend/Filter/FilterChain.php:224
/Users/eduardojunior/Websites/ieducar2/www/vendor/zendframework/zendframework/library/Zend/InputFilter/Input.php:263
/Users/eduardojunior/Websites/ieducar2/www/vendor/zendframework/zendframework/library/Zend/InputFilter/Input.php:309
/Users/eduardojunior/Websites/ieducar2/www/module/Core/src/Core/Entity/Entity.php:121
/Users/eduardojunior/Websites/ieducar2/www/module/Portal/src/Portal/Entity/Funcionario.php:291
/Users/eduardojunior/Websites/ieducar2/www/module/Portal/tests/src/Portal/Entity/FuncionarioTest.php:70
</error>
      </testcase>
      <testcase name="testInputFilterInvalidMatricula" class="Portal\Entity\FuncionarioTest" file="/Users/eduardojunior/Websites/ieducar2/www/module/Portal/tests/src/Portal/Entity/FuncionarioTest.php" line="90" assertions="1" time="0.743247"/>
      <testcase name="testUpdate" class="Portal\Entity\FuncionarioTest" file="/Users/eduardojunior/Websites/ieducar2/www/module/Portal/tests/src/Portal/Entity/FuncionarioTest.php" line="105" assertions="0" time="0.863734">
        <error type="PHPUnit_Framework_Error_Warning">Portal\Entity\FuncionarioTest::testUpdate
Zend\Filter\Int::filter expects parameter to be scalar, "Usuario\Entity\Fisica" given; cannot filter

/Users/eduardojunior/Websites/ieducar2/www/vendor/zendframework/zendframework/library/Zend/Filter/Int.php:39
/Users/eduardojunior/Websites/ieducar2/www/vendor/zendframework/zendframework/library/Zend/Filter/AbstractFilter.php:85
/Users/eduardojunior/Websites/ieducar2/www/vendor/zendframework/zendframework/library/Zend/Filter/FilterChain.php:224
/Users/eduardojunior/Websites/ieducar2/www/vendor/zendframework/zendframework/library/Zend/InputFilter/Input.php:263
/Users/eduardojunior/Websites/ieducar2/www/vendor/zendframework/zendframework/library/Zend/InputFilter/Input.php:309
/Users/eduardojunior/Websites/ieducar2/www/module/Core/src/Core/Entity/Entity.php:121
/Users/eduardojunior/Websites/ieducar2/www/module/Portal/src/Portal/Entity/Funcionario.php:291
/Users/eduardojunior/Websites/ieducar2/www/module/Portal/tests/src/Portal/Entity/FuncionarioTest.php:111
</error>
      </testcase>
      <testcase name="testDelete" class="Portal\Entity\FuncionarioTest" file="/Users/eduardojunior/Websites/ieducar2/www/module/Portal/tests/src/Portal/Entity/FuncionarioTest.php" line="128" assertions="0" time="0.833963">
        <error type="PHPUnit_Framework_Error_Warning">Portal\Entity\FuncionarioTest::testDelete
Zend\Filter\Int::filter expects parameter to be scalar, "Usuario\Entity\Fisica" given; cannot filter

/Users/eduardojunior/Websites/ieducar2/www/vendor/zendframework/zendframework/library/Zend/Filter/Int.php:39
/Users/eduardojunior/Websites/ieducar2/www/vendor/zendframework/zendframework/library/Zend/Filter/AbstractFilter.php:85
/Users/eduardojunior/Websites/ieducar2/www/vendor/zendframework/zendframework/library/Zend/Filter/FilterChain.php:224
/Users/eduardojunior/Websites/ieducar2/www/vendor/zendframework/zendframework/library/Zend/InputFilter/Input.php:263
/Users/eduardojunior/Websites/ieducar2/www/vendor/zendframework/zendframework/library/Zend/InputFilter/Input.php:309
/Users/eduardojunior/Websites/ieducar2/www/module/Core/src/Core/Entity/Entity.php:121
/Users/eduardojunior/Websites/ieducar2/www/module/Portal/src/Portal/Entity/Funcionario.php:291
/Users/eduardojunior/Websites/ieducar2/www/module/Portal/tests/src/Portal/Entity/FuncionarioTest.php:134
</error>
      </testcase>
    </testsuite>
  </testsuite>
</testsuites>
